-- The C compiler identification is GNU 11.4.0
-- The CXX compiler identification is GNU 11.4.0
-- Detecting C compiler ABI info
-- Detecting C compiler ABI info - done
-- Check for working C compiler: /usr/bin/cc - skipped
-- Detecting C compile features
-- Detecting C compile features - done
-- Detecting CXX compiler ABI info
-- Detecting CXX compiler ABI info - done
-- Check for working CXX compiler: /usr/bin/c++ - skipped
-- Detecting CXX compile features
-- Detecting CXX compile features - done
-- Found ament_cmake: 1.3.11 (/opt/ros/humble/share/ament_cmake/cmake)
-- Found Python3: /usr/bin/python3 (found version "3.10.12") found components: Interpreter 
-- Found ament_lint_auto: 0.12.12 (/opt/ros/humble/share/ament_lint_auto/cmake)
-- Added test 'cppcheck' to perform static code analysis on C / C++ code
-- Configured cppcheck include dirs: 
-- Configured cppcheck exclude dirs and/or files: 
-- Added test 'lint_cmake' to check CMake code style
-- Added test 'uncrustify' to check C / C++ code style
-- Configured uncrustify additional arguments: 
-- Added test 'xmllint' to check XML markup files
-- Configuring done
-- Generating done
-- Build files have been written to: /home/x/CODE/Inverse_Arm/build/inverse_arm
-- Install configuration: ""
-- Installing: /home/x/CODE/Inverse_Arm/install/inverse_arm/share/ament_index/resource_index/package_run_dependencies/inverse_arm
-- Installing: /home/x/CODE/Inverse_Arm/install/inverse_arm/share/ament_index/resource_index/parent_prefix_path/inverse_arm
-- Installing: /home/x/CODE/Inverse_Arm/install/inverse_arm/share/inverse_arm/environment/ament_prefix_path.sh
-- Installing: /home/x/CODE/Inverse_Arm/install/inverse_arm/share/inverse_arm/environment/ament_prefix_path.dsv
-- Installing: /home/x/CODE/Inverse_Arm/install/inverse_arm/share/inverse_arm/environment/path.sh
-- Installing: /home/x/CODE/Inverse_Arm/install/inverse_arm/share/inverse_arm/environment/path.dsv
-- Installing: /home/x/CODE/Inverse_Arm/install/inverse_arm/share/inverse_arm/local_setup.bash
-- Installing: /home/x/CODE/Inverse_Arm/install/inverse_arm/share/inverse_arm/local_setup.sh
-- Installing: /home/x/CODE/Inverse_Arm/install/inverse_arm/share/inverse_arm/local_setup.zsh
-- Installing: /home/x/CODE/Inverse_Arm/install/inverse_arm/share/inverse_arm/local_setup.dsv
-- Installing: /home/x/CODE/Inverse_Arm/install/inverse_arm/share/inverse_arm/package.dsv
-- Installing: /home/x/CODE/Inverse_Arm/install/inverse_arm/share/ament_index/resource_index/packages/inverse_arm
-- Installing: /home/x/CODE/Inverse_Arm/install/inverse_arm/share/inverse_arm/cmake/inverse_armConfig.cmake
-- Installing: /home/x/CODE/Inverse_Arm/install/inverse_arm/share/inverse_arm/cmake/inverse_armConfig-version.cmake
-- Installing: /home/x/CODE/Inverse_Arm/install/inverse_arm/share/inverse_arm/package.xml
