[0.015s] Invoking command in '/home/x/CODE/Inverse_Arm/build/inverse_arm': CMAKE_PREFIX_PATH=/opt/ros/humble /usr/bin/cmake /home/x/CODE/Inverse_Arm/src/inverse_arm -DCMAKE_INSTALL_PREFIX=/home/x/CODE/Inverse_Arm/install/inverse_arm
[0.089s] -- The C compiler identification is GNU 11.4.0
[0.158s] -- The CXX compiler identification is GNU 11.4.0
[0.167s] -- Detecting C compiler ABI info
[0.261s] -- Detecting C compiler ABI info - done
[0.266s] -- Check for working C compiler: /usr/bin/cc - skipped
[0.267s] -- Detecting C compile features
[0.267s] -- Detecting C compile features - done
[0.270s] -- Detecting CXX compiler ABI info
[0.377s] -- Detecting CXX compiler ABI info - done
[0.382s] -- Check for working CXX compiler: /usr/bin/c++ - skipped
[0.383s] -- Detecting CXX compile features
[0.384s] -- Detecting CXX compile features - done
[0.387s] -- Found ament_cmake: 1.3.11 (/opt/ros/humble/share/ament_cmake/cmake)
[0.555s] -- Found Python3: /usr/bin/python3 (found version "3.10.12") found components: Interpreter 
[0.648s] -- Found ament_lint_auto: 0.12.12 (/opt/ros/humble/share/ament_lint_auto/cmake)
[0.722s] -- Added test 'cppcheck' to perform static code analysis on C / C++ code
[0.723s] -- Configured cppcheck include dirs: 
[0.723s] -- Configured cppcheck exclude dirs and/or files: 
[0.723s] -- Added test 'lint_cmake' to check CMake code style
[0.724s] -- Added test 'uncrustify' to check C / C++ code style
[0.724s] -- Configured uncrustify additional arguments: 
[0.724s] -- Added test 'xmllint' to check XML markup files
[0.726s] -- Configuring done
[0.729s] -- Generating done
[0.731s] -- Build files have been written to: /home/x/CODE/Inverse_Arm/build/inverse_arm
[0.739s] Invoked command in '/home/x/CODE/Inverse_Arm/build/inverse_arm' returned '0': CMAKE_PREFIX_PATH=/opt/ros/humble /usr/bin/cmake /home/x/CODE/Inverse_Arm/src/inverse_arm -DCMAKE_INSTALL_PREFIX=/home/x/CODE/Inverse_Arm/install/inverse_arm
[0.740s] Invoking command in '/home/x/CODE/Inverse_Arm/build/inverse_arm': CMAKE_PREFIX_PATH=/opt/ros/humble /usr/bin/cmake --build /home/x/CODE/Inverse_Arm/build/inverse_arm -- -j8 -l8
[0.791s] Invoked command in '/home/x/CODE/Inverse_Arm/build/inverse_arm' returned '0': CMAKE_PREFIX_PATH=/opt/ros/humble /usr/bin/cmake --build /home/x/CODE/Inverse_Arm/build/inverse_arm -- -j8 -l8
[0.805s] Invoking command in '/home/x/CODE/Inverse_Arm/build/inverse_arm': CMAKE_PREFIX_PATH=/opt/ros/humble /usr/bin/cmake --install /home/x/CODE/Inverse_Arm/build/inverse_arm
[0.812s] -- Install configuration: ""
[0.813s] -- Installing: /home/x/CODE/Inverse_Arm/install/inverse_arm/share/ament_index/resource_index/package_run_dependencies/inverse_arm
[0.813s] -- Installing: /home/x/CODE/Inverse_Arm/install/inverse_arm/share/ament_index/resource_index/parent_prefix_path/inverse_arm
[0.814s] -- Installing: /home/x/CODE/Inverse_Arm/install/inverse_arm/share/inverse_arm/environment/ament_prefix_path.sh
[0.814s] -- Installing: /home/x/CODE/Inverse_Arm/install/inverse_arm/share/inverse_arm/environment/ament_prefix_path.dsv
[0.814s] -- Installing: /home/x/CODE/Inverse_Arm/install/inverse_arm/share/inverse_arm/environment/path.sh
[0.814s] -- Installing: /home/x/CODE/Inverse_Arm/install/inverse_arm/share/inverse_arm/environment/path.dsv
[0.815s] -- Installing: /home/x/CODE/Inverse_Arm/install/inverse_arm/share/inverse_arm/local_setup.bash
[0.815s] -- Installing: /home/x/CODE/Inverse_Arm/install/inverse_arm/share/inverse_arm/local_setup.sh
[0.815s] -- Installing: /home/x/CODE/Inverse_Arm/install/inverse_arm/share/inverse_arm/local_setup.zsh
[0.815s] -- Installing: /home/x/CODE/Inverse_Arm/install/inverse_arm/share/inverse_arm/local_setup.dsv
[0.815s] -- Installing: /home/x/CODE/Inverse_Arm/install/inverse_arm/share/inverse_arm/package.dsv
[0.815s] -- Installing: /home/x/CODE/Inverse_Arm/install/inverse_arm/share/ament_index/resource_index/packages/inverse_arm
[0.816s] -- Installing: /home/x/CODE/Inverse_Arm/install/inverse_arm/share/inverse_arm/cmake/inverse_armConfig.cmake
[0.817s] -- Installing: /home/x/CODE/Inverse_Arm/install/inverse_arm/share/inverse_arm/cmake/inverse_armConfig-version.cmake
[0.817s] -- Installing: /home/x/CODE/Inverse_Arm/install/inverse_arm/share/inverse_arm/package.xml
[0.820s] Invoked command in '/home/x/CODE/Inverse_Arm/build/inverse_arm' returned '0': CMAKE_PREFIX_PATH=/opt/ros/humble /usr/bin/cmake --install /home/x/CODE/Inverse_Arm/build/inverse_arm
