[01m[K/home/x/CODE/Inverse_Arm/src/arm_control/src/inverse_resolse.cpp:3:10:[m[K [01;31m[Kfatal error: [m[KInverse_Resolse.h: æ²¡æœ‰é‚£ä¸ªæ–‡ä»¶æˆ–ç›®å½•
    3 | #include [01;31m[K"Inverse_Resolse.h"[m[K
      |          [01;31m[K^~~~~~~~~~~~~~~~~~~[m[K
compilation terminated.
[01m[K/home/x/CODE/Inverse_Arm/src/arm_control/src/inverse_resolse.cpp:3:10:[m[K [01;31m[Kfatal error: [m[KInverse_Resolse.h: æ²¡æœ‰é‚£ä¸ªæ–‡ä»¶æˆ–ç›®å½•
    3 | #include [01;31m[K"Inverse_Resolse.h"[m[K
      |          [01;31m[K^~~~~~~~~~~~~~~~~~~[m[K
compilation terminated.
gmake[2]: *** [CMakeFiles/armcontrol.dir/build.make:90ï¼šCMakeFiles/armcontrol.dir/src/inverse_resolse.cpp.o] é”™è¯¯ 1
gmake[2]: *** æ­£åœ¨ç­‰å¾…æœªå®Œæˆçš„ä»»åŠ¡....
[01m[K/home/x/CODE/Inverse_Arm/src/arm_control/src/control_node.cpp:89:10:[m[K [01;31m[Kfatal error: [m[Krclcpp_components/register_node_macro.hpp: æ²¡æœ‰é‚£ä¸ªæ–‡ä»¶æˆ–ç›®å½•
   89 | #include [01;31m[K"rclcpp_components/register_node_macro.hpp"[m[K
      |          [01;31m[K^~~~~~~~~~~~~~~~~~~~~~~~~~~~~~~~~~~~~~~~~~~[m[K
compilation terminated.
gmake[2]: *** [CMakeFiles/inverse_resolse_lib.dir/build.make:76ï¼šCMakeFiles/inverse_resolse_lib.dir/src/inverse_resolse.cpp.o] é”™è¯¯ 1
gmake[1]: *** [CMakeFiles/Makefile2:165ï¼šCMakeFiles/inverse_resolse_lib.dir/all] é”™è¯¯ 2
gmake[1]: *** æ­£åœ¨ç­‰å¾…æœªå®Œæˆçš„ä»»åŠ¡....
gmake[2]: *** [CMakeFiles/armcontrol.dir/build.make:76ï¼šCMakeFiles/armcontrol.dir/src/control_node.cpp.o] é”™è¯¯ 1
gmake[1]: *** [CMakeFiles/Makefile2:139ï¼šCMakeFiles/armcontrol.dir/all] é”™è¯¯ 2
gmake: *** [Makefile:146ï¼šall] é”™è¯¯ 2
