-- The C compiler identification is GNU 11.4.0
-- The CXX compiler identification is GNU 11.4.0
-- Detecting C compiler ABI info
-- Detecting C compiler ABI info - done
-- Check for working C compiler: /usr/bin/cc - skipped
-- Detecting C compile features
-- Detecting C compile features - done
-- Detecting CXX compiler ABI info
-- Detecting CXX compiler ABI info - done
-- Check for working CXX compiler: /usr/bin/c++ - skipped
-- Detecting CXX compile features
-- Detecting CXX compile features - done
-- Found ament_cmake: 1.3.11 (/opt/ros/humble/share/ament_cmake/cmake)
-- Found Python3: /usr/bin/python3 (found version "3.10.12") found components: Interpreter 
-- Found rclcpp: 16.0.14 (/opt/ros/humble/share/rclcpp/cmake)
-- Found rosidl_generator_c: 3.1.6 (/opt/ros/humble/share/rosidl_generator_c/cmake)
-- Found rosidl_adapter: 3.1.6 (/opt/ros/humble/share/rosidl_adapter/cmake)
-- Found rosidl_generator_cpp: 3.1.6 (/opt/ros/humble/share/rosidl_generator_cpp/cmake)
-- Using all available rosidl_typesupport_c: rosidl_typesupport_fastrtps_c;rosidl_typesupport_introspection_c
-- Using all available rosidl_typesupport_cpp: rosidl_typesupport_fastrtps_cpp;rosidl_typesupport_introspection_cpp
-- Found rmw_implementation_cmake: 6.1.2 (/opt/ros/humble/share/rmw_implementation_cmake/cmake)
-- Found rmw_fastrtps_cpp: 6.2.7 (/opt/ros/humble/share/rmw_fastrtps_cpp/cmake)
-- Found OpenSSL: /usr/lib/x86_64-linux-gnu/libcrypto.so (found version "3.0.2")  
-- Found FastRTPS: /opt/ros/humble/include  
-- Using RMW implementation 'rmw_fastrtps_cpp' as default
-- Looking for pthread.h
-- Looking for pthread.h - found
-- Performing Test CMAKE_HAVE_LIBC_PTHREAD
-- Performing Test CMAKE_HAVE_LIBC_PTHREAD - Success
-- Found Threads: TRUE  
-- Found sensor_msgs: 4.8.0 (/opt/ros/humble/share/sensor_msgs/cmake)
-- Found rclcpp_components: 16.0.12 (/opt/ros/humble/share/rclcpp_components/cmake)
-- Configuring done
-- Generating done
-- Build files have been written to: /home/x/CODE/ROS_RobotArm_Control/build/arm_control
[ 50%] [32mBuilding CXX object CMakeFiles/armcontrol.dir/src/main.cpp.o[0m
[ 50%] [32mBuilding CXX object CMakeFiles/armcontrol.dir/src/control_node.cpp.o[0m
[ 75%] [32mBuilding CXX object CMakeFiles/armcontrol.dir/src/inverse_resolse.cpp.o[0m
[100%] [32m[1mLinking CXX executable armcontrol[0m
[100%] Built target armcontrol
-- Install configuration: ""
-- Installing: /home/x/CODE/ROS_RobotArm_Control/install/arm_control/lib/arm_control/armcontrol
-- Set runtime path of "/home/x/CODE/ROS_RobotArm_Control/install/arm_control/lib/arm_control/armcontrol" to ""
-- Installing: /home/x/CODE/ROS_RobotArm_Control/install/arm_control/include
-- Installing: /home/x/CODE/ROS_RobotArm_Control/install/arm_control/include/arm_control
-- Installing: /home/x/CODE/ROS_RobotArm_Control/install/arm_control/include/arm_control/Inverse_Resolse.h
-- Installing: /home/x/CODE/ROS_RobotArm_Control/install/arm_control/include/arm_control/Control_Node.h
-- Installing: /home/x/CODE/ROS_RobotArm_Control/install/arm_control/share/ament_index/resource_index/package_run_dependencies/arm_control
-- Installing: /home/x/CODE/ROS_RobotArm_Control/install/arm_control/share/ament_index/resource_index/parent_prefix_path/arm_control
-- Installing: /home/x/CODE/ROS_RobotArm_Control/install/arm_control/share/arm_control/environment/ament_prefix_path.sh
-- Installing: /home/x/CODE/ROS_RobotArm_Control/install/arm_control/share/arm_control/environment/ament_prefix_path.dsv
-- Installing: /home/x/CODE/ROS_RobotArm_Control/install/arm_control/share/arm_control/environment/path.sh
-- Installing: /home/x/CODE/ROS_RobotArm_Control/install/arm_control/share/arm_control/environment/path.dsv
-- Installing: /home/x/CODE/ROS_RobotArm_Control/install/arm_control/share/arm_control/local_setup.bash
-- Installing: /home/x/CODE/ROS_RobotArm_Control/install/arm_control/share/arm_control/local_setup.sh
-- Installing: /home/x/CODE/ROS_RobotArm_Control/install/arm_control/share/arm_control/local_setup.zsh
-- Installing: /home/x/CODE/ROS_RobotArm_Control/install/arm_control/share/arm_control/local_setup.dsv
-- Installing: /home/x/CODE/ROS_RobotArm_Control/install/arm_control/share/arm_control/package.dsv
-- Installing: /home/x/CODE/ROS_RobotArm_Control/install/arm_control/share/ament_index/resource_index/packages/arm_control
-- Installing: /home/x/CODE/ROS_RobotArm_Control/install/arm_control/share/arm_control/cmake/arm_controlConfig.cmake
-- Installing: /home/x/CODE/ROS_RobotArm_Control/install/arm_control/share/arm_control/cmake/arm_controlConfig-version.cmake
-- Installing: /home/x/CODE/ROS_RobotArm_Control/install/arm_control/share/arm_control/package.xml
