[0.235s] [34mcolcon[0m [1;30mDEBUG[0m [32mCommand line arguments: ['/usr/bin/colcon', 'build'][0m
[0.235s] [34mcolcon[0m [1;30mDEBUG[0m [32mParsed command line arguments: Namespace(log_base=None, log_level=None, verb_name='build', build_base='build', install_base='install', merge_install=False, symlink_install=False, test_result_base=None, continue_on_error=False, executor='parallel', parallel_workers=8, event_handlers=None, ignore_user_meta=False, metas=['./colcon.meta'], base_paths=['.'], packages_ignore=None, packages_ignore_regex=None, paths=None, packages_up_to=None, packages_up_to_regex=None, packages_above=None, packages_above_and_dependencies=None, packages_above_depth=None, packages_select_by_dep=None, packages_skip_by_dep=None, packages_skip_up_to=None, packages_select_build_failed=False, packages_skip_build_finished=False, packages_select_test_failures=False, packages_skip_test_passed=False, packages_select=None, packages_skip=None, packages_select_regex=None, packages_skip_regex=None, packages_start=None, packages_end=None, allow_overriding=[], cmake_args=None, cmake_target=None, cmake_target_skip_unavailable=False, cmake_clean_cache=False, cmake_clean_first=False, cmake_force_configure=False, ament_cmake_args=None, catkin_cmake_args=None, catkin_skip_building_tests=False, mixin_files=None, mixin=None, verb_parser=<colcon_mixin.mixin.mixin_argument.MixinArgumentDecorator object at 0x79606c06f9d0>, verb_extension=<colcon_core.verb.build.BuildVerb object at 0x79606c02d180>, main=<bound method BuildVerb.main of <colcon_core.verb.build.BuildVerb object at 0x79606c02d180>>, mixin_verb=('build',))[0m
[0.755s] [34mcolcon.colcon_core.package_discovery[0m [1;30mLevel 1[0m discover_packages(colcon_meta) check parameters
[0.755s] [34mcolcon.colcon_core.package_discovery[0m [1;30mLevel 1[0m discover_packages(recursive) check parameters
[0.755s] [34mcolcon.colcon_core.package_discovery[0m [1;30mLevel 1[0m discover_packages(ignore) check parameters
[0.755s] [34mcolcon.colcon_core.package_discovery[0m [1;30mLevel 1[0m discover_packages(path) check parameters
[0.755s] [34mcolcon.colcon_core.package_discovery[0m [1;30mLevel 1[0m discover_packages(colcon_meta) discover
[0.756s] [34mcolcon.colcon_core.package_discovery[0m [1;30mLevel 1[0m discover_packages(recursive) discover
[0.756s] [34mcolcon.colcon_core.package_discovery[0m [1;30mINFO[0m Crawling recursively for packages in '/home/x/CODE/ROS_RobotArm_Control'
[0.756s] [34mcolcon.colcon_core.package_identification[0m [1;30mLevel 1[0m _identify(.) by extensions ['ignore', 'ignore_ament_install']
[0.756s] [34mcolcon.colcon_core.package_identification[0m [1;30mLevel 1[0m _identify(.) by extension 'ignore'
[0.756s] [34mcolcon.colcon_core.package_identification[0m [1;30mLevel 1[0m _identify(.) by extension 'ignore_ament_install'
[0.757s] [34mcolcon.colcon_core.package_identification[0m [1;30mLevel 1[0m _identify(.) by extensions ['colcon_pkg']
[0.757s] [34mcolcon.colcon_core.package_identification[0m [1;30mLevel 1[0m _identify(.) by extension 'colcon_pkg'
[0.757s] [34mcolcon.colcon_core.package_identification[0m [1;30mLevel 1[0m _identify(.) by extensions ['colcon_meta']
[0.757s] [34mcolcon.colcon_core.package_identification[0m [1;30mLevel 1[0m _identify(.) by extension 'colcon_meta'
[0.757s] [34mcolcon.colcon_core.package_identification[0m [1;30mLevel 1[0m _identify(.) by extensions ['ros']
[0.757s] [34mcolcon.colcon_core.package_identification[0m [1;30mLevel 1[0m _identify(.) by extension 'ros'
[0.769s] [34mcolcon.colcon_core.package_identification[0m [1;30mLevel 1[0m _identify(.) by extensions ['cmake', 'python']
[0.770s] [34mcolcon.colcon_core.package_identification[0m [1;30mLevel 1[0m _identify(.) by extension 'cmake'
[0.770s] [34mcolcon.colcon_core.package_identification[0m [1;30mLevel 1[0m _identify(.) by extension 'python'
[0.770s] [34mcolcon.colcon_core.package_identification[0m [1;30mLevel 1[0m _identify(.) by extensions ['python_setup_py']
[0.770s] [34mcolcon.colcon_core.package_identification[0m [1;30mLevel 1[0m _identify(.) by extension 'python_setup_py'
[0.770s] [34mcolcon.colcon_core.package_identification[0m [1;30mLevel 1[0m _identify(build) by extensions ['ignore', 'ignore_ament_install']
[0.770s] [34mcolcon.colcon_core.package_identification[0m [1;30mLevel 1[0m _identify(build) by extension 'ignore'
[0.770s] [34mcolcon.colcon_core.package_identification[0m [1;30mLevel 1[0m _identify(build) ignored
[0.770s] [34mcolcon.colcon_core.package_identification[0m [1;30mLevel 1[0m _identify(install) by extensions ['ignore', 'ignore_ament_install']
[0.770s] [34mcolcon.colcon_core.package_identification[0m [1;30mLevel 1[0m _identify(install) by extension 'ignore'
[0.770s] [34mcolcon.colcon_core.package_identification[0m [1;30mLevel 1[0m _identify(install) ignored
[0.770s] [34mcolcon.colcon_core.package_identification[0m [1;30mLevel 1[0m _identify(log) by extensions ['ignore', 'ignore_ament_install']
[0.770s] [34mcolcon.colcon_core.package_identification[0m [1;30mLevel 1[0m _identify(log) by extension 'ignore'
[0.770s] [34mcolcon.colcon_core.package_identification[0m [1;30mLevel 1[0m _identify(log) ignored
[0.770s] [34mcolcon.colcon_core.package_identification[0m [1;30mLevel 1[0m _identify(src) by extensions ['ignore', 'ignore_ament_install']
[0.770s] [34mcolcon.colcon_core.package_identification[0m [1;30mLevel 1[0m _identify(src) by extension 'ignore'
[0.770s] [34mcolcon.colcon_core.package_identification[0m [1;30mLevel 1[0m _identify(src) by extension 'ignore_ament_install'
[0.770s] [34mcolcon.colcon_core.package_identification[0m [1;30mLevel 1[0m _identify(src) by extensions ['colcon_pkg']
[0.770s] [34mcolcon.colcon_core.package_identification[0m [1;30mLevel 1[0m _identify(src) by extension 'colcon_pkg'
[0.770s] [34mcolcon.colcon_core.package_identification[0m [1;30mLevel 1[0m _identify(src) by extensions ['colcon_meta']
[0.770s] [34mcolcon.colcon_core.package_identification[0m [1;30mLevel 1[0m _identify(src) by extension 'colcon_meta'
[0.770s] [34mcolcon.colcon_core.package_identification[0m [1;30mLevel 1[0m _identify(src) by extensions ['ros']
[0.770s] [34mcolcon.colcon_core.package_identification[0m [1;30mLevel 1[0m _identify(src) by extension 'ros'
[0.771s] [34mcolcon.colcon_core.package_identification[0m [1;30mLevel 1[0m _identify(src) by extensions ['cmake', 'python']
[0.771s] [34mcolcon.colcon_core.package_identification[0m [1;30mLevel 1[0m _identify(src) by extension 'cmake'
[0.771s] [34mcolcon.colcon_core.package_identification[0m [1;30mLevel 1[0m _identify(src) by extension 'python'
[0.771s] [34mcolcon.colcon_core.package_identification[0m [1;30mLevel 1[0m _identify(src) by extensions ['python_setup_py']
[0.771s] [34mcolcon.colcon_core.package_identification[0m [1;30mLevel 1[0m _identify(src) by extension 'python_setup_py'
[0.771s] [34mcolcon.colcon_core.package_identification[0m [1;30mLevel 1[0m _identify(src/Universal_Robots_ROS2_Description) by extensions ['ignore', 'ignore_ament_install']
[0.771s] [34mcolcon.colcon_core.package_identification[0m [1;30mLevel 1[0m _identify(src/Universal_Robots_ROS2_Description) by extension 'ignore'
[0.771s] [34mcolcon.colcon_core.package_identification[0m [1;30mLevel 1[0m _identify(src/Universal_Robots_ROS2_Description) by extension 'ignore_ament_install'
[0.771s] [34mcolcon.colcon_core.package_identification[0m [1;30mLevel 1[0m _identify(src/Universal_Robots_ROS2_Description) by extensions ['colcon_pkg']
[0.771s] [34mcolcon.colcon_core.package_identification[0m [1;30mLevel 1[0m _identify(src/Universal_Robots_ROS2_Description) by extension 'colcon_pkg'
[0.771s] [34mcolcon.colcon_core.package_identification[0m [1;30mLevel 1[0m _identify(src/Universal_Robots_ROS2_Description) by extensions ['colcon_meta']
[0.771s] [34mcolcon.colcon_core.package_identification[0m [1;30mLevel 1[0m _identify(src/Universal_Robots_ROS2_Description) by extension 'colcon_meta'
[0.771s] [34mcolcon.colcon_core.package_identification[0m [1;30mLevel 1[0m _identify(src/Universal_Robots_ROS2_Description) by extensions ['ros']
[0.771s] [34mcolcon.colcon_core.package_identification[0m [1;30mLevel 1[0m _identify(src/Universal_Robots_ROS2_Description) by extension 'ros'
[0.775s] [34mcolcon.colcon_core.package_identification[0m [1;30mDEBUG[0m [32mPackage 'src/Universal_Robots_ROS2_Description' with type 'ros.ament_cmake' and name 'ur_description'[0m
[0.775s] [34mcolcon.colcon_core.package_identification[0m [1;30mLevel 1[0m _identify(src/arm_control) by extensions ['ignore', 'ignore_ament_install']
[0.775s] [34mcolcon.colcon_core.package_identification[0m [1;30mLevel 1[0m _identify(src/arm_control) by extension 'ignore'
[0.775s] [34mcolcon.colcon_core.package_identification[0m [1;30mLevel 1[0m _identify(src/arm_control) by extension 'ignore_ament_install'
[0.775s] [34mcolcon.colcon_core.package_identification[0m [1;30mLevel 1[0m _identify(src/arm_control) by extensions ['colcon_pkg']
[0.775s] [34mcolcon.colcon_core.package_identification[0m [1;30mLevel 1[0m _identify(src/arm_control) by extension 'colcon_pkg'
[0.775s] [34mcolcon.colcon_core.package_identification[0m [1;30mLevel 1[0m _identify(src/arm_control) by extensions ['colcon_meta']
[0.775s] [34mcolcon.colcon_core.package_identification[0m [1;30mLevel 1[0m _identify(src/arm_control) by extension 'colcon_meta'
[0.776s] [34mcolcon.colcon_core.package_identification[0m [1;30mLevel 1[0m _identify(src/arm_control) by extensions ['ros']
[0.776s] [34mcolcon.colcon_core.package_identification[0m [1;30mLevel 1[0m _identify(src/arm_control) by extension 'ros'
[0.776s] [34mcolcon.colcon_core.package_identification[0m [1;30mDEBUG[0m [32mPackage 'src/arm_control' with type 'ros.ament_cmake' and name 'arm_control'[0m
[0.776s] [34mcolcon.colcon_core.package_discovery[0m [1;30mLevel 1[0m discover_packages(recursive) using defaults
[0.776s] [34mcolcon.colcon_core.package_discovery[0m [1;30mLevel 1[0m discover_packages(ignore) discover
[0.776s] [34mcolcon.colcon_core.package_discovery[0m [1;30mLevel 1[0m discover_packages(ignore) using defaults
[0.776s] [34mcolcon.colcon_core.package_discovery[0m [1;30mLevel 1[0m discover_packages(path) discover
[0.776s] [34mcolcon.colcon_core.package_discovery[0m [1;30mLevel 1[0m discover_packages(path) using defaults
[0.800s] [34mcolcon.colcon_core.package_discovery[0m [1;30mLevel 1[0m discover_packages(prefix_path) check parameters
[0.800s] [34mcolcon.colcon_core.package_discovery[0m [1;30mLevel 1[0m discover_packages(prefix_path) discover
[0.803s] [34mcolcon.colcon_core.package_discovery[0m [1;30mLevel 1[0m discover_packages(prefix_path) using defaults
[0.806s] [34mcolcon.colcon_core.verb[0m [1;30mLevel 5[0m set package 'arm_control' build argument 'cmake_args' from command line to 'None'
[0.806s] [34mcolcon.colcon_core.verb[0m [1;30mLevel 5[0m set package 'arm_control' build argument 'cmake_target' from command line to 'None'
[0.806s] [34mcolcon.colcon_core.verb[0m [1;30mLevel 5[0m set package 'arm_control' build argument 'cmake_target_skip_unavailable' from command line to 'False'
[0.806s] [34mcolcon.colcon_core.verb[0m [1;30mLevel 5[0m set package 'arm_control' build argument 'cmake_clean_cache' from command line to 'False'
[0.806s] [34mcolcon.colcon_core.verb[0m [1;30mLevel 5[0m set package 'arm_control' build argument 'cmake_clean_first' from command line to 'False'
[0.806s] [34mcolcon.colcon_core.verb[0m [1;30mLevel 5[0m set package 'arm_control' build argument 'cmake_force_configure' from command line to 'False'
[0.806s] [34mcolcon.colcon_core.verb[0m [1;30mLevel 5[0m set package 'arm_control' build argument 'ament_cmake_args' from command line to 'None'
[0.806s] [34mcolcon.colcon_core.verb[0m [1;30mLevel 5[0m set package 'arm_control' build argument 'catkin_cmake_args' from command line to 'None'
[0.806s] [34mcolcon.colcon_core.verb[0m [1;30mLevel 5[0m set package 'arm_control' build argument 'catkin_skip_building_tests' from command line to 'False'
[0.806s] [34mcolcon.colcon_core.verb[0m [1;30mDEBUG[0m [32mBuilding package 'arm_control' with the following arguments: {'ament_cmake_args': None, 'build_base': '/home/x/CODE/ROS_RobotArm_Control/build/arm_control', 'catkin_cmake_args': None, 'catkin_skip_building_tests': False, 'cmake_args': None, 'cmake_clean_cache': False, 'cmake_clean_first': False, 'cmake_force_configure': False, 'cmake_target': None, 'cmake_target_skip_unavailable': False, 'install_base': '/home/x/CODE/ROS_RobotArm_Control/install/arm_control', 'merge_install': False, 'path': '/home/x/CODE/ROS_RobotArm_Control/src/arm_control', 'symlink_install': False, 'test_result_base': None}[0m
[0.806s] [34mcolcon.colcon_core.verb[0m [1;30mLevel 5[0m set package 'ur_description' build argument 'cmake_args' from command line to 'None'
[0.806s] [34mcolcon.colcon_core.verb[0m [1;30mLevel 5[0m set package 'ur_description' build argument 'cmake_target' from command line to 'None'
[0.806s] [34mcolcon.colcon_core.verb[0m [1;30mLevel 5[0m set package 'ur_description' build argument 'cmake_target_skip_unavailable' from command line to 'False'
[0.806s] [34mcolcon.colcon_core.verb[0m [1;30mLevel 5[0m set package 'ur_description' build argument 'cmake_clean_cache' from command line to 'False'
[0.806s] [34mcolcon.colcon_core.verb[0m [1;30mLevel 5[0m set package 'ur_description' build argument 'cmake_clean_first' from command line to 'False'
[0.806s] [34mcolcon.colcon_core.verb[0m [1;30mLevel 5[0m set package 'ur_description' build argument 'cmake_force_configure' from command line to 'False'
[0.806s] [34mcolcon.colcon_core.verb[0m [1;30mLevel 5[0m set package 'ur_description' build argument 'ament_cmake_args' from command line to 'None'
[0.806s] [34mcolcon.colcon_core.verb[0m [1;30mLevel 5[0m set package 'ur_description' build argument 'catkin_cmake_args' from command line to 'None'
[0.806s] [34mcolcon.colcon_core.verb[0m [1;30mLevel 5[0m set package 'ur_description' build argument 'catkin_skip_building_tests' from command line to 'False'
[0.806s] [34mcolcon.colcon_core.verb[0m [1;30mDEBUG[0m [32mBuilding package 'ur_description' with the following arguments: {'ament_cmake_args': None, 'build_base': '/home/x/CODE/ROS_RobotArm_Control/build/ur_description', 'catkin_cmake_args': None, 'catkin_skip_building_tests': False, 'cmake_args': None, 'cmake_clean_cache': False, 'cmake_clean_first': False, 'cmake_force_configure': False, 'cmake_target': None, 'cmake_target_skip_unavailable': False, 'install_base': '/home/x/CODE/ROS_RobotArm_Control/install/ur_description', 'merge_install': False, 'path': '/home/x/CODE/ROS_RobotArm_Control/src/Universal_Robots_ROS2_Description', 'symlink_install': False, 'test_result_base': None}[0m
[0.806s] [34mcolcon.colcon_core.executor[0m [1;30mINFO[0m Executing jobs using 'parallel' executor
[0.807s] [34mcolcon.colcon_parallel_executor.executor.parallel[0m [1;30mDEBUG[0m [32mrun_until_complete[0m
[0.808s] [34mcolcon.colcon_ros.task.ament_cmake.build[0m [1;30mINFO[0m Building ROS package in '/home/x/CODE/ROS_RobotArm_Control/src/arm_control' with build type 'ament_cmake'
[0.808s] [34mcolcon.colcon_cmake.task.cmake.build[0m [1;30mINFO[0m Building CMake package in '/home/x/CODE/ROS_RobotArm_Control/src/arm_control'
[0.815s] [34mcolcon.colcon_core.plugin_system[0m [1;30mINFO[0m Skipping extension 'colcon_core.shell.bat': Not used on non-Windows systems
[0.815s] [34mcolcon.colcon_core.shell[0m [1;30mINFO[0m Skip shell extension 'powershell' for command environment: Not usable outside of PowerShell
[0.815s] [34mcolcon.colcon_core.shell[0m [1;30mDEBUG[0m [32mSkip shell extension 'dsv' for command environment[0m
[0.819s] [34mcolcon.colcon_ros.task.ament_cmake.build[0m [1;30mINFO[0m Building ROS package in '/home/x/CODE/ROS_RobotArm_Control/src/Universal_Robots_ROS2_Description' with build type 'ament_cmake'
[0.820s] [34mcolcon.colcon_cmake.task.cmake.build[0m [1;30mINFO[0m Building CMake package in '/home/x/CODE/ROS_RobotArm_Control/src/Universal_Robots_ROS2_Description'
[0.820s] [34mcolcon.colcon_core.shell[0m [1;30mINFO[0m Skip shell extension 'powershell' for command environment: Not usable outside of PowerShell
[0.820s] [34mcolcon.colcon_core.shell[0m [1;30mDEBUG[0m [32mSkip shell extension 'dsv' for command environment[0m
[0.827s] [34mcolcon.colcon_core.event_handler.log_command[0m [1;30mDEBUG[0m [32mInvoking command in '/home/x/CODE/ROS_RobotArm_Control/build/arm_control': /usr/bin/cmake --build /home/x/CODE/ROS_RobotArm_Control/build/arm_control -- -j8 -l8[0m
[0.864s] [34mcolcon.colcon_core.event_handler.log_command[0m [1;30mDEBUG[0m [32mInvoking command in '/home/x/CODE/ROS_RobotArm_Control/build/ur_description': /usr/bin/cmake --build /home/x/CODE/ROS_RobotArm_Control/build/ur_description -- -j8 -l8[0m
[0.952s] [34mcolcon.colcon_core.event_handler.log_command[0m [1;30mDEBUG[0m [32mInvoked command in '/home/x/CODE/ROS_RobotArm_Control/build/ur_description' returned '0': /usr/bin/cmake --build /home/x/CODE/ROS_RobotArm_Control/build/ur_description -- -j8 -l8[0m
[0.967s] [34mcolcon.colcon_core.event_handler.log_command[0m [1;30mDEBUG[0m [32mInvoking command in '/home/x/CODE/ROS_RobotArm_Control/build/ur_description': /usr/bin/cmake --install /home/x/CODE/ROS_RobotArm_Control/build/ur_description[0m
[0.993s] [34mcolcon.colcon_core.environment[0m [1;30mLevel 1[0m create_environment_scripts_only(ur_description)
[1.003s] [34mcolcon.colcon_core.event_handler.log_command[0m [1;30mDEBUG[0m [32mInvoked command in '/home/x/CODE/ROS_RobotArm_Control/build/ur_description' returned '0': /usr/bin/cmake --install /home/x/CODE/ROS_RobotArm_Control/build/ur_description[0m
[1.009s] [34mcolcon.colcon_core.environment[0m [1;30mLevel 1[0m checking '/home/x/CODE/ROS_RobotArm_Control/install/ur_description' for CMake module files
[1.009s] [34mcolcon.colcon_core.environment[0m [1;30mLevel 1[0m checking '/home/x/CODE/ROS_RobotArm_Control/install/ur_description' for CMake config files
[1.010s] [34mcolcon.colcon_core.shell[0m [1;30mLevel 1[0m create_environment_hook('ur_description', 'cmake_prefix_path')
[1.010s] [34mcolcon.colcon_core.shell[0m [1;30mINFO[0m Creating environment hook '/home/x/CODE/ROS_RobotArm_Control/install/ur_description/share/ur_description/hook/cmake_prefix_path.ps1'
[1.011s] [34mcolcon.colcon_core.shell[0m [1;30mINFO[0m Creating environment descriptor '/home/x/CODE/ROS_RobotArm_Control/install/ur_description/share/ur_description/hook/cmake_prefix_path.dsv'
[1.012s] [34mcolcon.colcon_core.shell[0m [1;30mINFO[0m Creating environment hook '/home/x/CODE/ROS_RobotArm_Control/install/ur_description/share/ur_description/hook/cmake_prefix_path.sh'
[1.015s] [34mcolcon.colcon_core.environment[0m [1;30mLevel 1[0m checking '/home/x/CODE/ROS_RobotArm_Control/install/ur_description/bin'
[1.015s] [34mcolcon.colcon_core.environment[0m [1;30mLevel 1[0m checking '/home/x/CODE/ROS_RobotArm_Control/install/ur_description/lib/pkgconfig/ur_description.pc'
[1.019s] [34mcolcon.colcon_core.environment[0m [1;30mLevel 1[0m checking '/home/x/CODE/ROS_RobotArm_Control/install/ur_description/lib/python3.10/site-packages'
[1.019s] [34mcolcon.colcon_core.environment[0m [1;30mLevel 1[0m checking '/home/x/CODE/ROS_RobotArm_Control/install/ur_description/bin'
[1.019s] [34mcolcon.colcon_core.shell[0m [1;30mINFO[0m Creating package script '/home/x/CODE/ROS_RobotArm_Control/install/ur_description/share/ur_description/package.ps1'
[1.021s] [34mcolcon.colcon_core.shell[0m [1;30mINFO[0m Creating package descriptor '/home/x/CODE/ROS_RobotArm_Control/install/ur_description/share/ur_description/package.dsv'
[1.022s] [34mcolcon.colcon_core.shell[0m [1;30mINFO[0m Creating package script '/home/x/CODE/ROS_RobotArm_Control/install/ur_description/share/ur_description/package.sh'
[1.023s] [34mcolcon.colcon_core.shell[0m [1;30mINFO[0m Creating package script '/home/x/CODE/ROS_RobotArm_Control/install/ur_description/share/ur_description/package.bash'
[1.024s] [34mcolcon.colcon_core.shell[0m [1;30mINFO[0m Creating package script '/home/x/CODE/ROS_RobotArm_Control/install/ur_description/share/ur_description/package.zsh'
[1.026s] [34mcolcon.colcon_core.environment[0m [1;30mLevel 1[0m create_file_with_runtime_dependencies(/home/x/CODE/ROS_RobotArm_Control/install/ur_description/share/colcon-core/packages/ur_description)
[1.026s] [34mcolcon.colcon_core.environment[0m [1;30mLevel 1[0m create_environment_scripts_only(ur_description)
[1.027s] [34mcolcon.colcon_core.environment[0m [1;30mLevel 1[0m checking '/home/x/CODE/ROS_RobotArm_Control/install/ur_description' for CMake module files
[1.027s] [34mcolcon.colcon_core.environment[0m [1;30mLevel 1[0m checking '/home/x/CODE/ROS_RobotArm_Control/install/ur_description' for CMake config files
[1.028s] [34mcolcon.colcon_core.shell[0m [1;30mLevel 1[0m create_environment_hook('ur_description', 'cmake_prefix_path')
[1.028s] [34mcolcon.colcon_core.shell[0m [1;30mINFO[0m Creating environment hook '/home/x/CODE/ROS_RobotArm_Control/install/ur_description/share/ur_description/hook/cmake_prefix_path.ps1'
[1.028s] [34mcolcon.colcon_core.shell[0m [1;30mINFO[0m Creating environment descriptor '/home/x/CODE/ROS_RobotArm_Control/install/ur_description/share/ur_description/hook/cmake_prefix_path.dsv'
[1.029s] [34mcolcon.colcon_core.shell[0m [1;30mINFO[0m Creating environment hook '/home/x/CODE/ROS_RobotArm_Control/install/ur_description/share/ur_description/hook/cmake_prefix_path.sh'
[1.029s] [34mcolcon.colcon_core.environment[0m [1;30mLevel 1[0m checking '/home/x/CODE/ROS_RobotArm_Control/install/ur_description/bin'
[1.029s] [34mcolcon.colcon_core.environment[0m [1;30mLevel 1[0m checking '/home/x/CODE/ROS_RobotArm_Control/install/ur_description/lib/pkgconfig/ur_description.pc'
[1.030s] [34mcolcon.colcon_core.environment[0m [1;30mLevel 1[0m checking '/home/x/CODE/ROS_RobotArm_Control/install/ur_description/lib/python3.10/site-packages'
[1.030s] [34mcolcon.colcon_core.environment[0m [1;30mLevel 1[0m checking '/home/x/CODE/ROS_RobotArm_Control/install/ur_description/bin'
[1.030s] [34mcolcon.colcon_core.shell[0m [1;30mINFO[0m Creating package script '/home/x/CODE/ROS_RobotArm_Control/install/ur_description/share/ur_description/package.ps1'
[1.030s] [34mcolcon.colcon_core.shell[0m [1;30mINFO[0m Creating package descriptor '/home/x/CODE/ROS_RobotArm_Control/install/ur_description/share/ur_description/package.dsv'
[1.031s] [34mcolcon.colcon_core.shell[0m [1;30mINFO[0m Creating package script '/home/x/CODE/ROS_RobotArm_Control/install/ur_description/share/ur_description/package.sh'
[1.031s] [34mcolcon.colcon_core.shell[0m [1;30mINFO[0m Creating package script '/home/x/CODE/ROS_RobotArm_Control/install/ur_description/share/ur_description/package.bash'
[1.032s] [34mcolcon.colcon_core.shell[0m [1;30mINFO[0m Creating package script '/home/x/CODE/ROS_RobotArm_Control/install/ur_description/share/ur_description/package.zsh'
[1.032s] [34mcolcon.colcon_core.environment[0m [1;30mLevel 1[0m create_file_with_runtime_dependencies(/home/x/CODE/ROS_RobotArm_Control/install/ur_description/share/colcon-core/packages/ur_description)
[1.084s] [34mcolcon.colcon_core.event_handler.log_command[0m [1;30mDEBUG[0m [32mInvoked command in '/home/x/CODE/ROS_RobotArm_Control/build/arm_control' returned '0': /usr/bin/cmake --build /home/x/CODE/ROS_RobotArm_Control/build/arm_control -- -j8 -l8[0m
[1.087s] [34mcolcon.colcon_core.event_handler.log_command[0m [1;30mDEBUG[0m [32mInvoking command in '/home/x/CODE/ROS_RobotArm_Control/build/arm_control': /usr/bin/cmake --install /home/x/CODE/ROS_RobotArm_Control/build/arm_control[0m
[1.105s] [34mcolcon.colcon_core.environment[0m [1;30mLevel 1[0m create_environment_scripts_only(arm_control)
[1.105s] [34mcolcon.colcon_core.environment[0m [1;30mLevel 1[0m checking '/home/x/CODE/ROS_RobotArm_Control/install/arm_control' for CMake module files
[1.106s] [34mcolcon.colcon_core.event_handler.log_command[0m [1;30mDEBUG[0m [32mInvoked command in '/home/x/CODE/ROS_RobotArm_Control/build/arm_control' returned '0': /usr/bin/cmake --install /home/x/CODE/ROS_RobotArm_Control/build/arm_control[0m
[1.106s] [34mcolcon.colcon_core.environment[0m [1;30mLevel 1[0m checking '/home/x/CODE/ROS_RobotArm_Control/install/arm_control' for CMake config files
[1.106s] [34mcolcon.colcon_core.shell[0m [1;30mLevel 1[0m create_environment_hook('arm_control', 'cmake_prefix_path')
[1.107s] [34mcolcon.colcon_core.shell[0m [1;30mINFO[0m Creating environment hook '/home/x/CODE/ROS_RobotArm_Control/install/arm_control/share/arm_control/hook/cmake_prefix_path.ps1'
[1.107s] [34mcolcon.colcon_core.shell[0m [1;30mINFO[0m Creating environment descriptor '/home/x/CODE/ROS_RobotArm_Control/install/arm_control/share/arm_control/hook/cmake_prefix_path.dsv'
[1.108s] [34mcolcon.colcon_core.shell[0m [1;30mINFO[0m Creating environment hook '/home/x/CODE/ROS_RobotArm_Control/install/arm_control/share/arm_control/hook/cmake_prefix_path.sh'
[1.108s] [34mcolcon.colcon_core.environment[0m [1;30mLevel 1[0m checking '/home/x/CODE/ROS_RobotArm_Control/install/arm_control/lib'
[1.108s] [34mcolcon.colcon_core.environment[0m [1;30mLevel 1[0m checking '/home/x/CODE/ROS_RobotArm_Control/install/arm_control/bin'
[1.108s] [34mcolcon.colcon_core.environment[0m [1;30mLevel 1[0m checking '/home/x/CODE/ROS_RobotArm_Control/install/arm_control/lib/pkgconfig/arm_control.pc'
[1.109s] [34mcolcon.colcon_core.environment[0m [1;30mLevel 1[0m checking '/home/x/CODE/ROS_RobotArm_Control/install/arm_control/lib/python3.10/site-packages'
[1.109s] [34mcolcon.colcon_core.environment[0m [1;30mLevel 1[0m checking '/home/x/CODE/ROS_RobotArm_Control/install/arm_control/bin'
[1.110s] [34mcolcon.colcon_core.shell[0m [1;30mINFO[0m Creating package script '/home/x/CODE/ROS_RobotArm_Control/install/arm_control/share/arm_control/package.ps1'
[1.110s] [34mcolcon.colcon_core.shell[0m [1;30mINFO[0m Creating package descriptor '/home/x/CODE/ROS_RobotArm_Control/install/arm_control/share/arm_control/package.dsv'
[1.111s] [34mcolcon.colcon_core.shell[0m [1;30mINFO[0m Creating package script '/home/x/CODE/ROS_RobotArm_Control/install/arm_control/share/arm_control/package.sh'
[1.111s] [34mcolcon.colcon_core.shell[0m [1;30mINFO[0m Creating package script '/home/x/CODE/ROS_RobotArm_Control/install/arm_control/share/arm_control/package.bash'
[1.112s] [34mcolcon.colcon_core.shell[0m [1;30mINFO[0m Creating package script '/home/x/CODE/ROS_RobotArm_Control/install/arm_control/share/arm_control/package.zsh'
[1.112s] [34mcolcon.colcon_core.environment[0m [1;30mLevel 1[0m create_file_with_runtime_dependencies(/home/x/CODE/ROS_RobotArm_Control/install/arm_control/share/colcon-core/packages/arm_control)
[1.112s] [34mcolcon.colcon_core.environment[0m [1;30mLevel 1[0m create_environment_scripts_only(arm_control)
[1.113s] [34mcolcon.colcon_core.environment[0m [1;30mLevel 1[0m checking '/home/x/CODE/ROS_RobotArm_Control/install/arm_control' for CMake module files
[1.113s] [34mcolcon.colcon_core.environment[0m [1;30mLevel 1[0m checking '/home/x/CODE/ROS_RobotArm_Control/install/arm_control' for CMake config files
[1.113s] [34mcolcon.colcon_core.shell[0m [1;30mLevel 1[0m create_environment_hook('arm_control', 'cmake_prefix_path')
[1.113s] [34mcolcon.colcon_core.shell[0m [1;30mINFO[0m Creating environment hook '/home/x/CODE/ROS_RobotArm_Control/install/arm_control/share/arm_control/hook/cmake_prefix_path.ps1'
[1.114s] [34mcolcon.colcon_core.shell[0m [1;30mINFO[0m Creating environment descriptor '/home/x/CODE/ROS_RobotArm_Control/install/arm_control/share/arm_control/hook/cmake_prefix_path.dsv'
[1.114s] [34mcolcon.colcon_core.shell[0m [1;30mINFO[0m Creating environment hook '/home/x/CODE/ROS_RobotArm_Control/install/arm_control/share/arm_control/hook/cmake_prefix_path.sh'
[1.114s] [34mcolcon.colcon_core.environment[0m [1;30mLevel 1[0m checking '/home/x/CODE/ROS_RobotArm_Control/install/arm_control/lib'
[1.115s] [34mcolcon.colcon_core.environment[0m [1;30mLevel 1[0m checking '/home/x/CODE/ROS_RobotArm_Control/install/arm_control/bin'
[1.115s] [34mcolcon.colcon_core.environment[0m [1;30mLevel 1[0m checking '/home/x/CODE/ROS_RobotArm_Control/install/arm_control/lib/pkgconfig/arm_control.pc'
[1.115s] [34mcolcon.colcon_core.environment[0m [1;30mLevel 1[0m checking '/home/x/CODE/ROS_RobotArm_Control/install/arm_control/lib/python3.10/site-packages'
[1.115s] [34mcolcon.colcon_core.environment[0m [1;30mLevel 1[0m checking '/home/x/CODE/ROS_RobotArm_Control/install/arm_control/bin'
[1.115s] [34mcolcon.colcon_core.shell[0m [1;30mINFO[0m Creating package script '/home/x/CODE/ROS_RobotArm_Control/install/arm_control/share/arm_control/package.ps1'
[1.115s] [34mcolcon.colcon_core.shell[0m [1;30mINFO[0m Creating package descriptor '/home/x/CODE/ROS_RobotArm_Control/install/arm_control/share/arm_control/package.dsv'
[1.116s] [34mcolcon.colcon_core.shell[0m [1;30mINFO[0m Creating package script '/home/x/CODE/ROS_RobotArm_Control/install/arm_control/share/arm_control/package.sh'
[1.116s] [34mcolcon.colcon_core.shell[0m [1;30mINFO[0m Creating package script '/home/x/CODE/ROS_RobotArm_Control/install/arm_control/share/arm_control/package.bash'
[1.117s] [34mcolcon.colcon_core.shell[0m [1;30mINFO[0m Creating package script '/home/x/CODE/ROS_RobotArm_Control/install/arm_control/share/arm_control/package.zsh'
[1.117s] [34mcolcon.colcon_core.environment[0m [1;30mLevel 1[0m create_file_with_runtime_dependencies(/home/x/CODE/ROS_RobotArm_Control/install/arm_control/share/colcon-core/packages/arm_control)
[1.118s] [34mcolcon.colcon_parallel_executor.executor.parallel[0m [1;30mDEBUG[0m [32mclosing loop[0m
[1.118s] [34mcolcon.colcon_parallel_executor.executor.parallel[0m [1;30mDEBUG[0m [32mloop closed[0m
[1.118s] [34mcolcon.colcon_parallel_executor.executor.parallel[0m [1;30mDEBUG[0m [32mrun_until_complete finished with '0'[0m
[1.118s] [34mcolcon.colcon_core.event_reactor[0m [1;30mDEBUG[0m [32mjoining thread[0m
[1.132s] [34mcolcon.colcon_core.plugin_system[0m [1;30mINFO[0m Skipping extension 'colcon_notification.desktop_notification.terminal_notifier': Not used on non-Darwin systems
[1.133s] [34mcolcon.colcon_core.plugin_system[0m [1;30mINFO[0m Skipping extension 'colcon_notification.desktop_notification.win32': Not used on non-Windows systems
[1.133s] [34mcolcon.colcon_notification.desktop_notification[0m [1;30mINFO[0m Sending desktop notification using 'notify2'
[1.158s] [34mcolcon.colcon_core.event_reactor[0m [1;30mDEBUG[0m [32mjoined thread[0m
[1.158s] [34mcolcon.colcon_core.shell[0m [1;30mINFO[0m Creating prefix script '/home/x/CODE/ROS_RobotArm_Control/install/local_setup.ps1'
[1.160s] [34mcolcon.colcon_core.shell[0m [1;30mINFO[0m Creating prefix util module '/home/x/CODE/ROS_RobotArm_Control/install/_local_setup_util_ps1.py'
[1.162s] [34mcolcon.colcon_core.shell[0m [1;30mINFO[0m Creating prefix chain script '/home/x/CODE/ROS_RobotArm_Control/install/setup.ps1'
[1.163s] [34mcolcon.colcon_core.shell[0m [1;30mINFO[0m Creating prefix script '/home/x/CODE/ROS_RobotArm_Control/install/local_setup.sh'
[1.165s] [34mcolcon.colcon_core.shell[0m [1;30mINFO[0m Creating prefix util module '/home/x/CODE/ROS_RobotArm_Control/install/_local_setup_util_sh.py'
[1.166s] [34mcolcon.colcon_core.shell[0m [1;30mINFO[0m Creating prefix chain script '/home/x/CODE/ROS_RobotArm_Control/install/setup.sh'
[1.168s] [34mcolcon.colcon_core.shell[0m [1;30mINFO[0m Creating prefix script '/home/x/CODE/ROS_RobotArm_Control/install/local_setup.bash'
[1.169s] [34mcolcon.colcon_core.shell[0m [1;30mINFO[0m Creating prefix chain script '/home/x/CODE/ROS_RobotArm_Control/install/setup.bash'
[1.170s] [34mcolcon.colcon_core.shell[0m [1;30mINFO[0m Creating prefix script '/home/x/CODE/ROS_RobotArm_Control/install/local_setup.zsh'
[1.171s] [34mcolcon.colcon_core.shell[0m [1;30mINFO[0m Creating prefix chain script '/home/x/CODE/ROS_RobotArm_Control/install/setup.zsh'
