[0.023s] Invoking command in '/home/x/CODE/Inverse_Arm/build/inverse_arm': CMAKE_PREFIX_PATH=/opt/ros/humble /usr/bin/cmake --build /home/x/CODE/Inverse_Arm/build/inverse_arm -- -j8 -l8
[0.131s] Invoked command in '/home/x/CODE/Inverse_Arm/build/inverse_arm' returned '0': CMAKE_PREFIX_PATH=/opt/ros/humble /usr/bin/cmake --build /home/x/CODE/Inverse_Arm/build/inverse_arm -- -j8 -l8
[0.147s] Invoking command in '/home/x/CODE/Inverse_Arm/build/inverse_arm': CMAKE_PREFIX_PATH=/opt/ros/humble /usr/bin/cmake --install /home/x/CODE/Inverse_Arm/build/inverse_arm
[0.157s] -- Install configuration: ""
[0.157s] -- Up-to-date: /home/x/CODE/Inverse_Arm/install/inverse_arm/share/ament_index/resource_index/package_run_dependencies/inverse_arm
[0.158s] -- Up-to-date: /home/x/CODE/Inverse_Arm/install/inverse_arm/share/ament_index/resource_index/parent_prefix_path/inverse_arm
[0.158s] -- Up-to-date: /home/x/CODE/Inverse_Arm/install/inverse_arm/share/inverse_arm/environment/ament_prefix_path.sh
[0.158s] -- Up-to-date: /home/x/CODE/Inverse_Arm/install/inverse_arm/share/inverse_arm/environment/ament_prefix_path.dsv
[0.158s] -- Up-to-date: /home/x/CODE/Inverse_Arm/install/inverse_arm/share/inverse_arm/environment/path.sh
[0.158s] -- Up-to-date: /home/x/CODE/Inverse_Arm/install/inverse_arm/share/inverse_arm/environment/path.dsv
[0.158s] -- Up-to-date: /home/x/CODE/Inverse_Arm/install/inverse_arm/share/inverse_arm/local_setup.bash
[0.158s] -- Up-to-date: /home/x/CODE/Inverse_Arm/install/inverse_arm/share/inverse_arm/local_setup.sh
[0.158s] -- Up-to-date: /home/x/CODE/Inverse_Arm/install/inverse_arm/share/inverse_arm/local_setup.zsh
[0.159s] -- Up-to-date: /home/x/CODE/Inverse_Arm/install/inverse_arm/share/inverse_arm/local_setup.dsv
[0.159s] -- Installing: /home/x/CODE/Inverse_Arm/install/inverse_arm/share/inverse_arm/package.dsv
[0.159s] -- Up-to-date: /home/x/CODE/Inverse_Arm/install/inverse_arm/share/ament_index/resource_index/packages/inverse_arm
[0.159s] -- Up-to-date: /home/x/CODE/Inverse_Arm/install/inverse_arm/share/inverse_arm/cmake/inverse_armConfig.cmake
[0.159s] -- Up-to-date: /home/x/CODE/Inverse_Arm/install/inverse_arm/share/inverse_arm/cmake/inverse_armConfig-version.cmake
[0.159s] -- Up-to-date: /home/x/CODE/Inverse_Arm/install/inverse_arm/share/inverse_arm/package.xml
[0.162s] Invoked command in '/home/x/CODE/Inverse_Arm/build/inverse_arm' returned '0': CMAKE_PREFIX_PATH=/opt/ros/humble /usr/bin/cmake --install /home/x/CODE/Inverse_Arm/build/inverse_arm
