[0.016s] Invoking command in '/home/x/CODE/ROS_RobotArm_Control/build/arm_control': CMAKE_PREFIX_PATH=${CMAKE_PREFIX_PATH}:/opt/ros/humble /usr/bin/cmake --build /home/x/CODE/ROS_RobotArm_Control/build/arm_control -- -j8 -l8
[0.071s] [35m[1mConsolidate compiler generated dependencies of target armcontrol[0m
[0.101s] [ 25%] [32mBuilding CXX object CMakeFiles/armcontrol.dir/src/control_node.cpp.o[0m
[10.107s] [ 50%] [32m[1mLinking CXX executable armcontrol[0m
[10.673s] [100%] Built target armcontrol
[10.685s] Invoked command in '/home/x/CODE/ROS_RobotArm_Control/build/arm_control' returned '0': CMAKE_PREFIX_PATH=${CMAKE_PREFIX_PATH}:/opt/ros/humble /usr/bin/cmake --build /home/x/CODE/ROS_RobotArm_Control/build/arm_control -- -j8 -l8
[10.688s] Invoking command in '/home/x/CODE/ROS_RobotArm_Control/build/arm_control': CMAKE_PREFIX_PATH=${CMAKE_PREFIX_PATH}:/opt/ros/humble /usr/bin/cmake --install /home/x/CODE/ROS_RobotArm_Control/build/arm_control
[10.697s] -- Install configuration: ""
[10.697s] -- Installing: /home/x/CODE/ROS_RobotArm_Control/install/arm_control/lib/arm_control/armcontrol
[10.709s] -- Set runtime path of "/home/x/CODE/ROS_RobotArm_Control/install/arm_control/lib/arm_control/armcontrol" to ""
[10.709s] -- Up-to-date: /home/x/CODE/ROS_RobotArm_Control/install/arm_control/include
[10.709s] -- Up-to-date: /home/x/CODE/ROS_RobotArm_Control/install/arm_control/include/arm_control
[10.709s] -- Up-to-date: /home/x/CODE/ROS_RobotArm_Control/install/arm_control/include/arm_control/Inverse_Resolse.h
[10.709s] -- Up-to-date: /home/x/CODE/ROS_RobotArm_Control/install/arm_control/include/arm_control/Control_Node.h
[10.709s] -- Up-to-date: /home/x/CODE/ROS_RobotArm_Control/install/arm_control/share/ament_index/resource_index/package_run_dependencies/arm_control
[10.709s] -- Up-to-date: /home/x/CODE/ROS_RobotArm_Control/install/arm_control/share/ament_index/resource_index/parent_prefix_path/arm_control
[10.709s] -- Up-to-date: /home/x/CODE/ROS_RobotArm_Control/install/arm_control/share/arm_control/environment/ament_prefix_path.sh
[10.709s] -- Up-to-date: /home/x/CODE/ROS_RobotArm_Control/install/arm_control/share/arm_control/environment/ament_prefix_path.dsv
[10.710s] -- Up-to-date: /home/x/CODE/ROS_RobotArm_Control/install/arm_control/share/arm_control/environment/path.sh
[10.710s] -- Up-to-date: /home/x/CODE/ROS_RobotArm_Control/install/arm_control/share/arm_control/environment/path.dsv
[10.710s] -- Up-to-date: /home/x/CODE/ROS_RobotArm_Control/install/arm_control/share/arm_control/local_setup.bash
[10.710s] -- Up-to-date: /home/x/CODE/ROS_RobotArm_Control/install/arm_control/share/arm_control/local_setup.sh
[10.710s] -- Up-to-date: /home/x/CODE/ROS_RobotArm_Control/install/arm_control/share/arm_control/local_setup.zsh
[10.710s] -- Up-to-date: /home/x/CODE/ROS_RobotArm_Control/install/arm_control/share/arm_control/local_setup.dsv
[10.710s] -- Installing: /home/x/CODE/ROS_RobotArm_Control/install/arm_control/share/arm_control/package.dsv
[10.710s] -- Up-to-date: /home/x/CODE/ROS_RobotArm_Control/install/arm_control/share/ament_index/resource_index/packages/arm_control
[10.710s] -- Up-to-date: /home/x/CODE/ROS_RobotArm_Control/install/arm_control/share/arm_control/cmake/arm_controlConfig.cmake
[10.710s] -- Up-to-date: /home/x/CODE/ROS_RobotArm_Control/install/arm_control/share/arm_control/cmake/arm_controlConfig-version.cmake
[10.710s] -- Up-to-date: /home/x/CODE/ROS_RobotArm_Control/install/arm_control/share/arm_control/package.xml
[10.713s] Invoked command in '/home/x/CODE/ROS_RobotArm_Control/build/arm_control' returned '0': CMAKE_PREFIX_PATH=${CMAKE_PREFIX_PATH}:/opt/ros/humble /usr/bin/cmake --install /home/x/CODE/ROS_RobotArm_Control/build/arm_control
