[35m[1mConsolidate compiler generated dependencies of target armcontrol[0m
[ 25%] [32mBuilding CXX object CMakeFiles/armcontrol.dir/src/inverse_resolse.cpp.o[0m
[ 50%] [32m[1mLinking CXX executable armcontrol[0m
[100%] Built target armcontrol
-- Install configuration: ""
-- Installing: /home/x/CODE/Inverse_Arm/install/arm_control/lib/arm_control/armcontrol
-- Set runtime path of "/home/x/CODE/Inverse_Arm/install/arm_control/lib/arm_control/armcontrol" to ""
-- Installing: /home/x/CODE/Inverse_Arm/install/arm_control/include
-- Installing: /home/x/CODE/Inverse_Arm/install/arm_control/include/arm_control
-- Installing: /home/x/CODE/Inverse_Arm/install/arm_control/include/arm_control/Inverse_Resolse.h
-- Installing: /home/x/CODE/Inverse_Arm/install/arm_control/include/arm_control/Control_Node.h
-- Installing: /home/x/CODE/Inverse_Arm/install/arm_control/share/ament_index/resource_index/package_run_dependencies/arm_control
-- Installing: /home/x/CODE/Inverse_Arm/install/arm_control/share/ament_index/resource_index/parent_prefix_path/arm_control
-- Installing: /home/x/CODE/Inverse_Arm/install/arm_control/share/arm_control/environment/ament_prefix_path.sh
-- Installing: /home/x/CODE/Inverse_Arm/install/arm_control/share/arm_control/environment/ament_prefix_path.dsv
-- Installing: /home/x/CODE/Inverse_Arm/install/arm_control/share/arm_control/environment/path.sh
-- Installing: /home/x/CODE/Inverse_Arm/install/arm_control/share/arm_control/environment/path.dsv
-- Installing: /home/x/CODE/Inverse_Arm/install/arm_control/share/arm_control/local_setup.bash
-- Installing: /home/x/CODE/Inverse_Arm/install/arm_control/share/arm_control/local_setup.sh
-- Installing: /home/x/CODE/Inverse_Arm/install/arm_control/share/arm_control/local_setup.zsh
-- Installing: /home/x/CODE/Inverse_Arm/install/arm_control/share/arm_control/local_setup.dsv
-- Installing: /home/x/CODE/Inverse_Arm/install/arm_control/share/arm_control/package.dsv
-- Installing: /home/x/CODE/Inverse_Arm/install/arm_control/share/ament_index/resource_index/packages/arm_control
-- Installing: /home/x/CODE/Inverse_Arm/install/arm_control/share/arm_control/cmake/arm_controlConfig.cmake
-- Installing: /home/x/CODE/Inverse_Arm/install/arm_control/share/arm_control/cmake/arm_controlConfig-version.cmake
-- Installing: /home/x/CODE/Inverse_Arm/install/arm_control/share/arm_control/package.xml
