[01m[K/home/x/CODE/Inverse_Arm/src/arm_control/src/inverse_resolse.cpp:1:10:[m[K [01;31m[Kfatal error: [m[Karm_control/include/Inverse_Resolse.h: æ²¡æœ‰é‚£ä¸ªæ–‡ä»¶æˆ–ç›®å½•
    1 | #include [01;31m[K"arm_control/include/Inverse_Resolse.h"[m[K
      |          [01;31m[K^~~~~~~~~~~~~~~~~~~~~~~~~~~~~~~~~~~~~~~[m[K
[01m[K/home/x/CODE/Inverse_Arm/src/arm_control/src/inverse_resolse.cpp:1:10:[m[K [01;31m[Kfatal error: [m[Karm_control/include/Inverse_Resolse.h: æ²¡æœ‰é‚£ä¸ªæ–‡ä»¶æˆ–ç›®å½•
    1 | #include [01;31m[K"arm_control/include/Inverse_Resolse.h"[m[K
      |          [01;31m[K^~~~~~~~~~~~~~~~~~~~~~~~~~~~~~~~~~~~~~~[m[K
compilation terminated.
compilation terminated.
[01m[K/home/x/CODE/Inverse_Arm/src/arm_control/src/control_node.cpp:1:10:[m[K [01;31m[Kfatal error: [m[Karm_control/include/Control_Node.h: æ²¡æœ‰é‚£ä¸ªæ–‡ä»¶æˆ–ç›®å½•
    1 | #include [01;31m[K"arm_control/include/Control_Node.h"[m[K
      |          [01;31m[K^~~~~~~~~~~~~~~~~~~~~~~~~~~~~~~~~~~~[m[K
compilation terminated.
gmake[2]: *** [CMakeFiles/armcontrol.dir/build.make:90ï¼šCMakeFiles/armcontrol.dir/src/inverse_resolse.cpp.o] é”™è¯¯ 1
gmake[2]: *** æ­£åœ¨ç­‰å¾…æœªå®Œæˆçš„ä»»åŠ¡....
gmake[2]: *** [CMakeFiles/armcontrol.dir/build.make:76ï¼šCMakeFiles/armcontrol.dir/src/control_node.cpp.o] é”™è¯¯ 1
gmake[2]: *** [CMakeFiles/inverse_resolse_lib.dir/build.make:76ï¼šCMakeFiles/inverse_resolse_lib.dir/src/inverse_resolse.cpp.o] é”™è¯¯ 1
gmake[1]: *** [CMakeFiles/Makefile2:165ï¼šCMakeFiles/inverse_resolse_lib.dir/all] é”™è¯¯ 2
gmake[1]: *** æ­£åœ¨ç­‰å¾…æœªå®Œæˆçš„ä»»åŠ¡....
gmake[1]: *** [CMakeFiles/Makefile2:139ï¼šCMakeFiles/armcontrol.dir/all] é”™è¯¯ 2
gmake: *** [Makefile:146ï¼šall] é”™è¯¯ 2
