-- Found ament_cmake: 1.3.11 (/opt/ros/humble/share/ament_cmake/cmake)
-- Found rclcpp: 16.0.12 (/opt/ros/humble/share/rclcpp/cmake)
-- Found rosidl_generator_c: 3.1.6 (/opt/ros/humble/share/rosidl_generator_c/cmake)
-- Found rosidl_adapter: 3.1.6 (/opt/ros/humble/share/rosidl_adapter/cmake)
-- Found rosidl_generator_cpp: 3.1.6 (/opt/ros/humble/share/rosidl_generator_cpp/cmake)
-- Using all available rosidl_typesupport_c: rosidl_typesupport_fastrtps_c;rosidl_typesupport_introspection_c
-- Using all available rosidl_typesupport_cpp: rosidl_typesupport_fastrtps_cpp;rosidl_typesupport_introspection_cpp
-- Found rmw_implementation_cmake: 6.1.2 (/opt/ros/humble/share/rmw_implementation_cmake/cmake)
-- Found rmw_fastrtps_cpp: 6.2.7 (/opt/ros/humble/share/rmw_fastrtps_cpp/cmake)
-- Using RMW implementation 'rmw_fastrtps_cpp' as default
-- Found sensor_msgs: 4.8.0 (/opt/ros/humble/share/sensor_msgs/cmake)
-- Found rclcpp_components: 16.0.12 (/opt/ros/humble/share/rclcpp_components/cmake)
-- Configuring done
-- Generating done
-- Build files have been written to: /home/x/CODE/Inverse_Arm/build/arm_control
[35m[1mConsolidate compiler generated dependencies of target armcontrol[0m
[ 25%] [32mBuilding CXX object CMakeFiles/armcontrol.dir/src/main.cpp.o[0m
[ 50%] [32mBuilding CXX object CMakeFiles/armcontrol.dir/src/control_node.cpp.o[0m
[ 75%] [32mBuilding CXX object CMakeFiles/armcontrol.dir/src/inverse_resolse.cpp.o[0m
[100%] [32m[1mLinking CXX executable armcontrol[0m
[100%] Built target armcontrol
-- Install configuration: ""
-- Installing: /home/x/CODE/Inverse_Arm/install/arm_control/lib/arm_control/armcontrol
-- Set runtime path of "/home/x/CODE/Inverse_Arm/install/arm_control/lib/arm_control/armcontrol" to ""
-- Up-to-date: /home/x/CODE/Inverse_Arm/install/arm_control/include
-- Up-to-date: /home/x/CODE/Inverse_Arm/install/arm_control/include/arm_control
-- Installing: /home/x/CODE/Inverse_Arm/install/arm_control/include/arm_control/Inverse_Resolse.h
-- Installing: /home/x/CODE/Inverse_Arm/install/arm_control/include/arm_control/Control_Node.h
-- Installing: /home/x/CODE/Inverse_Arm/install/arm_control/share/ament_index/resource_index/package_run_dependencies/arm_control
-- Installing: /home/x/CODE/Inverse_Arm/install/arm_control/share/ament_index/resource_index/parent_prefix_path/arm_control
-- Up-to-date: /home/x/CODE/Inverse_Arm/install/arm_control/share/arm_control/environment/ament_prefix_path.sh
-- Installing: /home/x/CODE/Inverse_Arm/install/arm_control/share/arm_control/environment/ament_prefix_path.dsv
-- Up-to-date: /home/x/CODE/Inverse_Arm/install/arm_control/share/arm_control/environment/path.sh
-- Installing: /home/x/CODE/Inverse_Arm/install/arm_control/share/arm_control/environment/path.dsv
-- Up-to-date: /home/x/CODE/Inverse_Arm/install/arm_control/share/arm_control/local_setup.bash
-- Up-to-date: /home/x/CODE/Inverse_Arm/install/arm_control/share/arm_control/local_setup.sh
-- Up-to-date: /home/x/CODE/Inverse_Arm/install/arm_control/share/arm_control/local_setup.zsh
-- Installing: /home/x/CODE/Inverse_Arm/install/arm_control/share/arm_control/local_setup.dsv
-- Installing: /home/x/CODE/Inverse_Arm/install/arm_control/share/arm_control/package.dsv
-- Up-to-date: /home/x/CODE/Inverse_Arm/install/arm_control/share/ament_index/resource_index/packages/arm_control
-- Up-to-date: /home/x/CODE/Inverse_Arm/install/arm_control/share/arm_control/cmake/arm_controlConfig.cmake
-- Up-to-date: /home/x/CODE/Inverse_Arm/install/arm_control/share/arm_control/cmake/arm_controlConfig-version.cmake
-- Installing: /home/x/CODE/Inverse_Arm/install/arm_control/share/arm_control/package.xml
