[0.021s] Invoking command in '/home/x/CODE/Inverse_Arm/build/arm_control': CMAKE_PREFIX_PATH=${CMAKE_PREFIX_PATH}:/opt/ros/humble /usr/bin/cmake --build /home/x/CODE/Inverse_Arm/build/arm_control -- -j8 -l8
[0.215s] -- Found ament_cmake: 1.3.11 (/opt/ros/humble/share/ament_cmake/cmake)
[0.390s] -- Found rclcpp: 16.0.12 (/opt/ros/humble/share/rclcpp/cmake)
[0.467s] -- Found rosidl_generator_c: 3.1.6 (/opt/ros/humble/share/rosidl_generator_c/cmake)
[0.472s] -- Found rosidl_adapter: 3.1.6 (/opt/ros/humble/share/rosidl_adapter/cmake)
[0.488s] -- Found rosidl_generator_cpp: 3.1.6 (/opt/ros/humble/share/rosidl_generator_cpp/cmake)
[0.512s] -- Using all available rosidl_typesupport_c: rosidl_typesupport_fastrtps_c;rosidl_typesupport_introspection_c
[0.537s] -- Using all available rosidl_typesupport_cpp: rosidl_typesupport_fastrtps_cpp;rosidl_typesupport_introspection_cpp
[0.608s] -- Found rmw_implementation_cmake: 6.1.2 (/opt/ros/humble/share/rmw_implementation_cmake/cmake)
[0.613s] -- Found rmw_fastrtps_cpp: 6.2.7 (/opt/ros/humble/share/rmw_fastrtps_cpp/cmake)
[0.751s] -- Using RMW implementation 'rmw_fastrtps_cpp' as default
[0.843s] -- Found sensor_msgs: 4.8.0 (/opt/ros/humble/share/sensor_msgs/cmake)
[0.892s] -- Found rclcpp_components: 16.0.12 (/opt/ros/humble/share/rclcpp_components/cmake)
[0.989s] -- Configuring done
[1.015s] -- Generating done
[1.022s] -- Build files have been written to: /home/x/CODE/Inverse_Arm/build/arm_control
[1.059s] [35m[1mConsolidate compiler generated dependencies of target armcontrol[0m
[1.086s] [ 25%] [32mBuilding CXX object CMakeFiles/armcontrol.dir/src/main.cpp.o[0m
[1.086s] [ 50%] [32mBuilding CXX object CMakeFiles/armcontrol.dir/src/control_node.cpp.o[0m
[1.086s] [ 75%] [32mBuilding CXX object CMakeFiles/armcontrol.dir/src/inverse_resolse.cpp.o[0m
[10.070s] [100%] [32m[1mLinking CXX executable armcontrol[0m
[10.638s] [100%] Built target armcontrol
[10.656s] Invoked command in '/home/x/CODE/Inverse_Arm/build/arm_control' returned '0': CMAKE_PREFIX_PATH=${CMAKE_PREFIX_PATH}:/opt/ros/humble /usr/bin/cmake --build /home/x/CODE/Inverse_Arm/build/arm_control -- -j8 -l8
[10.657s] Invoking command in '/home/x/CODE/Inverse_Arm/build/arm_control': CMAKE_PREFIX_PATH=${CMAKE_PREFIX_PATH}:/opt/ros/humble /usr/bin/cmake --install /home/x/CODE/Inverse_Arm/build/arm_control
[10.664s] -- Install configuration: ""
[10.668s] -- Installing: /home/x/CODE/Inverse_Arm/install/arm_control/lib/arm_control/armcontrol
[10.674s] -- Set runtime path of "/home/x/CODE/Inverse_Arm/install/arm_control/lib/arm_control/armcontrol" to ""
[10.674s] -- Up-to-date: /home/x/CODE/Inverse_Arm/install/arm_control/include
[10.675s] -- Up-to-date: /home/x/CODE/Inverse_Arm/install/arm_control/include/arm_control
[10.675s] -- Installing: /home/x/CODE/Inverse_Arm/install/arm_control/include/arm_control/Inverse_Resolse.h
[10.676s] -- Installing: /home/x/CODE/Inverse_Arm/install/arm_control/include/arm_control/Control_Node.h
[10.677s] -- Installing: /home/x/CODE/Inverse_Arm/install/arm_control/share/ament_index/resource_index/package_run_dependencies/arm_control
[10.678s] -- Installing: /home/x/CODE/Inverse_Arm/install/arm_control/share/ament_index/resource_index/parent_prefix_path/arm_control
[10.680s] -- Up-to-date: /home/x/CODE/Inverse_Arm/install/arm_control/share/arm_control/environment/ament_prefix_path.sh
[10.680s] -- Installing: /home/x/CODE/Inverse_Arm/install/arm_control/share/arm_control/environment/ament_prefix_path.dsv
[10.681s] -- Up-to-date: /home/x/CODE/Inverse_Arm/install/arm_control/share/arm_control/environment/path.sh
[10.681s] -- Installing: /home/x/CODE/Inverse_Arm/install/arm_control/share/arm_control/environment/path.dsv
[10.681s] -- Up-to-date: /home/x/CODE/Inverse_Arm/install/arm_control/share/arm_control/local_setup.bash
[10.681s] -- Up-to-date: /home/x/CODE/Inverse_Arm/install/arm_control/share/arm_control/local_setup.sh
[10.681s] -- Up-to-date: /home/x/CODE/Inverse_Arm/install/arm_control/share/arm_control/local_setup.zsh
[10.681s] -- Installing: /home/x/CODE/Inverse_Arm/install/arm_control/share/arm_control/local_setup.dsv
[10.682s] -- Installing: /home/x/CODE/Inverse_Arm/install/arm_control/share/arm_control/package.dsv
[10.682s] -- Up-to-date: /home/x/CODE/Inverse_Arm/install/arm_control/share/ament_index/resource_index/packages/arm_control
[10.683s] -- Up-to-date: /home/x/CODE/Inverse_Arm/install/arm_control/share/arm_control/cmake/arm_controlConfig.cmake
[10.683s] -- Up-to-date: /home/x/CODE/Inverse_Arm/install/arm_control/share/arm_control/cmake/arm_controlConfig-version.cmake
[10.683s] -- Installing: /home/x/CODE/Inverse_Arm/install/arm_control/share/arm_control/package.xml
[10.687s] Invoked command in '/home/x/CODE/Inverse_Arm/build/arm_control' returned '0': CMAKE_PREFIX_PATH=${CMAKE_PREFIX_PATH}:/opt/ros/humble /usr/bin/cmake --install /home/x/CODE/Inverse_Arm/build/arm_control
