[0.014s] Invoking command in '/home/x/CODE/Inverse_Arm/build/arm_control': CMAKE_PREFIX_PATH=/opt/ros/humble /usr/bin/cmake --build /home/x/CODE/Inverse_Arm/build/arm_control -- -j8 -l8
[0.040s] -- Found ament_cmake: 1.3.11 (/opt/ros/humble/share/ament_cmake/cmake)
[0.178s] -- Found sensor_msgs: 4.8.0 (/opt/ros/humble/share/sensor_msgs/cmake)
[0.198s] -- Found rosidl_generator_c: 3.1.6 (/opt/ros/humble/share/rosidl_generator_c/cmake)
[0.200s] -- Found rosidl_adapter: 3.1.6 (/opt/ros/humble/share/rosidl_adapter/cmake)
[0.205s] -- Found rosidl_generator_cpp: 3.1.6 (/opt/ros/humble/share/rosidl_generator_cpp/cmake)
[0.211s] -- Using all available rosidl_typesupport_c: rosidl_typesupport_fastrtps_c;rosidl_typesupport_introspection_c
[0.219s] -- Using all available rosidl_typesupport_cpp: rosidl_typesupport_fastrtps_cpp;rosidl_typesupport_introspection_cpp
[0.256s] -- Found rclcpp: 16.0.12 (/opt/ros/humble/share/rclcpp/cmake)
[0.275s] -- Found rmw_implementation_cmake: 6.1.2 (/opt/ros/humble/share/rmw_implementation_cmake/cmake)
[0.275s] -- Found rmw_fastrtps_cpp: 6.2.7 (/opt/ros/humble/share/rmw_fastrtps_cpp/cmake)
[0.369s] -- Using RMW implementation 'rmw_fastrtps_cpp' as default
[0.396s] -- Found ament_lint_auto: 0.12.12 (/opt/ros/humble/share/ament_lint_auto/cmake)
[0.454s] -- Added test 'cppcheck' to perform static code analysis on C / C++ code
[0.454s] -- Configured cppcheck include dirs: /home/x/CODE/Inverse_Arm/src/arm_control/include;$<BUILD_INTERFACE:/home/x/CODE/Inverse_Arm/src/arm_control/include>
[0.454s] -- Configured cppcheck exclude dirs and/or files: 
[0.454s] -- Added test 'flake8' to check Python code syntax and style conventions
[0.454s] -- Added test 'lint_cmake' to check CMake code style
[0.454s] -- Added test 'pep257' to check Python code against some of the docstring style conventions in PEP 257
[0.455s] -- Added test 'uncrustify' to check C / C++ code style
[0.456s] -- Configured uncrustify additional arguments: 
[0.456s] -- Added test 'xmllint' to check XML markup files
[0.457s] -- Configuring done
[0.482s] -- Generating done
[0.487s] -- Build files have been written to: /home/x/CODE/Inverse_Arm/build/arm_control
[0.531s] [ 20%] [32mBuilding CXX object CMakeFiles/armcontrol.dir/src/control_node.cpp.o[0m
[0.531s] [ 60%] [32mBuilding CXX object CMakeFiles/armcontrol.dir/src/inverse_resolse.cpp.o[0m
[0.531s] [ 60%] [32mBuilding CXX object CMakeFiles/inverse_resolse_lib.dir/src/inverse_resolse.cpp.o[0m
[0.884s] [01m[K/home/x/CODE/Inverse_Arm/src/arm_control/src/control_node.cpp:89:10:[m[K [01;31m[Kfatal error: [m[Krclcpp_components/register_node_macro.hpp: æ²¡æœ‰é‚£ä¸ªæ–‡ä»¶æˆ–ç›®å½•
[0.884s]    89 | #include [01;31m[K"rclcpp_components/register_node_macro.hpp"[m[K
[0.884s]       |          [01;31m[K^~~~~~~~~~~~~~~~~~~~~~~~~~~~~~~~~~~~~~~~~~~[m[K
[0.884s] compilation terminated.
[0.884s] [01m[K/home/x/CODE/Inverse_Arm/src/arm_control/src/inverse_resolse.cpp:3:10:[m[K [01;31m[Kfatal error: [m[KInverse_Resolse.h: æ²¡æœ‰é‚£ä¸ªæ–‡ä»¶æˆ–ç›®å½•
[0.884s]     3 | #include [01;31m[K"Inverse_Resolse.h"[m[K
[0.884s]       |          [01;31m[K^~~~~~~~~~~~~~~~~~~[m[K
[0.884s] compilation terminated.
[0.889s] gmake[2]: *** [CMakeFiles/armcontrol.dir/build.make:90ï¼šCMakeFiles/armcontrol.dir/src/inverse_resolse.cpp.o] é”™è¯¯ 1
[0.889s] gmake[2]: *** æ­£åœ¨ç­‰å¾…æœªå®Œæˆçš„ä»»åŠ¡....
[0.889s] gmake[2]: *** [CMakeFiles/armcontrol.dir/build.make:76ï¼šCMakeFiles/armcontrol.dir/src/control_node.cpp.o] é”™è¯¯ 1
[0.889s] gmake[1]: *** [CMakeFiles/Makefile2:139ï¼šCMakeFiles/armcontrol.dir/all] é”™è¯¯ 2
[0.889s] gmake[1]: *** æ­£åœ¨ç­‰å¾…æœªå®Œæˆçš„ä»»åŠ¡....
[0.890s] [01m[K/home/x/CODE/Inverse_Arm/src/arm_control/src/inverse_resolse.cpp:3:10:[m[K [01;31m[Kfatal error: [m[KInverse_Resolse.h: æ²¡æœ‰é‚£ä¸ªæ–‡ä»¶æˆ–ç›®å½•
[0.890s]     3 | #include [01;31m[K"Inverse_Resolse.h"[m[K
[0.890s]       |          [01;31m[K^~~~~~~~~~~~~~~~~~~[m[K
[0.890s] compilation terminated.
[0.895s] gmake[2]: *** [CMakeFiles/inverse_resolse_lib.dir/build.make:76ï¼šCMakeFiles/inverse_resolse_lib.dir/src/inverse_resolse.cpp.o] é”™è¯¯ 1
[0.895s] gmake[1]: *** [CMakeFiles/Makefile2:165ï¼šCMakeFiles/inverse_resolse_lib.dir/all] é”™è¯¯ 2
[0.896s] gmake: *** [Makefile:146ï¼šall] é”™è¯¯ 2
[0.900s] Invoked command in '/home/x/CODE/Inverse_Arm/build/arm_control' returned '2': CMAKE_PREFIX_PATH=/opt/ros/humble /usr/bin/cmake --build /home/x/CODE/Inverse_Arm/build/arm_control -- -j8 -l8
