[0.019s] Invoking command in '/home/x/CODE/Inverse_Arm/build/inverse_arm': CMAKE_PREFIX_PATH=/opt/ros/humble CONDA_PROMPT_MODIFIER=(base) /usr/bin/cmake --build /home/x/CODE/Inverse_Arm/build/inverse_arm -- -j8 -l8
[0.068s] Invoked command in '/home/x/CODE/Inverse_Arm/build/inverse_arm' returned '0': CMAKE_PREFIX_PATH=/opt/ros/humble CONDA_PROMPT_MODIFIER=(base) /usr/bin/cmake --build /home/x/CODE/Inverse_Arm/build/inverse_arm -- -j8 -l8
[0.084s] Invoking command in '/home/x/CODE/Inverse_Arm/build/inverse_arm': CMAKE_PREFIX_PATH=/opt/ros/humble CONDA_PROMPT_MODIFIER=(base) /usr/bin/cmake --install /home/x/CODE/Inverse_Arm/build/inverse_arm
[0.096s] -- Install configuration: ""
[0.096s] -- Up-to-date: /home/x/CODE/Inverse_Arm/install/inverse_arm/share/ament_index/resource_index/package_run_dependencies/inverse_arm
[0.096s] -- Up-to-date: /home/x/CODE/Inverse_Arm/install/inverse_arm/share/ament_index/resource_index/parent_prefix_path/inverse_arm
[0.097s] -- Up-to-date: /home/x/CODE/Inverse_Arm/install/inverse_arm/share/inverse_arm/environment/ament_prefix_path.sh
[0.097s] -- Up-to-date: /home/x/CODE/Inverse_Arm/install/inverse_arm/share/inverse_arm/environment/ament_prefix_path.dsv
[0.097s] -- Up-to-date: /home/x/CODE/Inverse_Arm/install/inverse_arm/share/inverse_arm/environment/path.sh
[0.097s] -- Up-to-date: /home/x/CODE/Inverse_Arm/install/inverse_arm/share/inverse_arm/environment/path.dsv
[0.097s] -- Up-to-date: /home/x/CODE/Inverse_Arm/install/inverse_arm/share/inverse_arm/local_setup.bash
[0.097s] -- Up-to-date: /home/x/CODE/Inverse_Arm/install/inverse_arm/share/inverse_arm/local_setup.sh
[0.097s] -- Up-to-date: /home/x/CODE/Inverse_Arm/install/inverse_arm/share/inverse_arm/local_setup.zsh
[0.097s] -- Up-to-date: /home/x/CODE/Inverse_Arm/install/inverse_arm/share/inverse_arm/local_setup.dsv
[0.097s] -- Up-to-date: /home/x/CODE/Inverse_Arm/install/inverse_arm/share/inverse_arm/package.dsv
[0.098s] -- Up-to-date: /home/x/CODE/Inverse_Arm/install/inverse_arm/share/ament_index/resource_index/packages/inverse_arm
[0.098s] -- Up-to-date: /home/x/CODE/Inverse_Arm/install/inverse_arm/share/inverse_arm/cmake/inverse_armConfig.cmake
[0.098s] -- Up-to-date: /home/x/CODE/Inverse_Arm/install/inverse_arm/share/inverse_arm/cmake/inverse_armConfig-version.cmake
[0.098s] -- Up-to-date: /home/x/CODE/Inverse_Arm/install/inverse_arm/share/inverse_arm/package.xml
[0.100s] Invoked command in '/home/x/CODE/Inverse_Arm/build/inverse_arm' returned '0': CMAKE_PREFIX_PATH=/opt/ros/humble CONDA_PROMPT_MODIFIER=(base) /usr/bin/cmake --install /home/x/CODE/Inverse_Arm/build/inverse_arm
