[0.018s] Invoking command in '/home/x/CODE/ROS_RobotArm_Control/build/arm_control': /usr/bin/cmake --build /home/x/CODE/ROS_RobotArm_Control/build/arm_control -- -j8 -l8
[0.215s] [35m[1mConsolidate compiler generated dependencies of target armcontrol[0m
[0.257s] [100%] Built target armcontrol
[0.275s] Invoked command in '/home/x/CODE/ROS_RobotArm_Control/build/arm_control' returned '0': /usr/bin/cmake --build /home/x/CODE/ROS_RobotArm_Control/build/arm_control -- -j8 -l8
[0.278s] Invoking command in '/home/x/CODE/ROS_RobotArm_Control/build/arm_control': /usr/bin/cmake --install /home/x/CODE/ROS_RobotArm_Control/build/arm_control
[0.287s] -- Install configuration: ""
[0.290s] -- Up-to-date: /home/x/CODE/ROS_RobotArm_Control/install/arm_control/lib/arm_control/armcontrol
[0.290s] -- Up-to-date: /home/x/CODE/ROS_RobotArm_Control/install/arm_control/include
[0.291s] -- Up-to-date: /home/x/CODE/ROS_RobotArm_Control/install/arm_control/include/arm_control
[0.291s] -- Up-to-date: /home/x/CODE/ROS_RobotArm_Control/install/arm_control/include/arm_control/Inverse_Resolse.h
[0.291s] -- Up-to-date: /home/x/CODE/ROS_RobotArm_Control/install/arm_control/include/arm_control/Control_Node.h
[0.291s] -- Up-to-date: /home/x/CODE/ROS_RobotArm_Control/install/arm_control/share/ament_index/resource_index/package_run_dependencies/arm_control
[0.291s] -- Up-to-date: /home/x/CODE/ROS_RobotArm_Control/install/arm_control/share/ament_index/resource_index/parent_prefix_path/arm_control
[0.291s] -- Up-to-date: /home/x/CODE/ROS_RobotArm_Control/install/arm_control/share/arm_control/environment/ament_prefix_path.sh
[0.291s] -- Up-to-date: /home/x/CODE/ROS_RobotArm_Control/install/arm_control/share/arm_control/environment/ament_prefix_path.dsv
[0.291s] -- Up-to-date: /home/x/CODE/ROS_RobotArm_Control/install/arm_control/share/arm_control/environment/path.sh
[0.291s] -- Up-to-date: /home/x/CODE/ROS_RobotArm_Control/install/arm_control/share/arm_control/environment/path.dsv
[0.291s] -- Up-to-date: /home/x/CODE/ROS_RobotArm_Control/install/arm_control/share/arm_control/local_setup.bash
[0.291s] -- Up-to-date: /home/x/CODE/ROS_RobotArm_Control/install/arm_control/share/arm_control/local_setup.sh
[0.291s] -- Up-to-date: /home/x/CODE/ROS_RobotArm_Control/install/arm_control/share/arm_control/local_setup.zsh
[0.292s] -- Up-to-date: /home/x/CODE/ROS_RobotArm_Control/install/arm_control/share/arm_control/local_setup.dsv
[0.292s] -- Installing: /home/x/CODE/ROS_RobotArm_Control/install/arm_control/share/arm_control/package.dsv
[0.293s] -- Up-to-date: /home/x/CODE/ROS_RobotArm_Control/install/arm_control/share/ament_index/resource_index/packages/arm_control
[0.293s] -- Up-to-date: /home/x/CODE/ROS_RobotArm_Control/install/arm_control/share/arm_control/cmake/arm_controlConfig.cmake
[0.293s] -- Up-to-date: /home/x/CODE/ROS_RobotArm_Control/install/arm_control/share/arm_control/cmake/arm_controlConfig-version.cmake
[0.293s] -- Up-to-date: /home/x/CODE/ROS_RobotArm_Control/install/arm_control/share/arm_control/package.xml
[0.296s] Invoked command in '/home/x/CODE/ROS_RobotArm_Control/build/arm_control' returned '0': /usr/bin/cmake --install /home/x/CODE/ROS_RobotArm_Control/build/arm_control
