[0.302s] [34mcolcon[0m [1;30mDEBUG[0m [32mCommand line arguments: ['/usr/bin/colcon', 'build'][0m
[0.302s] [34mcolcon[0m [1;30mDEBUG[0m [32mParsed command line arguments: Namespace(log_base=None, log_level=None, verb_name='build', build_base='build', install_base='install', merge_install=False, symlink_install=False, test_result_base=None, continue_on_error=False, executor='parallel', parallel_workers=8, event_handlers=None, ignore_user_meta=False, metas=['./colcon.meta'], base_paths=['.'], packages_ignore=None, packages_ignore_regex=None, paths=None, packages_up_to=None, packages_up_to_regex=None, packages_above=None, packages_above_and_dependencies=None, packages_above_depth=None, packages_select_by_dep=None, packages_skip_by_dep=None, packages_skip_up_to=None, packages_select_build_failed=False, packages_skip_build_finished=False, packages_select_test_failures=False, packages_skip_test_passed=False, packages_select=None, packages_skip=None, packages_select_regex=None, packages_skip_regex=None, packages_start=None, packages_end=None, allow_overriding=[], cmake_args=None, cmake_target=None, cmake_target_skip_unavailable=False, cmake_clean_cache=False, cmake_clean_first=False, cmake_force_configure=False, ament_cmake_args=None, catkin_cmake_args=None, catkin_skip_building_tests=False, mixin_files=None, mixin=None, verb_parser=<colcon_mixin.mixin.mixin_argument.MixinArgumentDecorator object at 0x7b5636a34e20>, verb_extension=<colcon_core.verb.build.BuildVerb object at 0x7b5636bc2590>, main=<bound method BuildVerb.main of <colcon_core.verb.build.BuildVerb object at 0x7b5636bc2590>>, mixin_verb=('build',))[0m
[0.625s] [34mcolcon.colcon_core.package_discovery[0m [1;30mLevel 1[0m discover_packages(colcon_meta) check parameters
[0.625s] [34mcolcon.colcon_core.package_discovery[0m [1;30mLevel 1[0m discover_packages(recursive) check parameters
[0.625s] [34mcolcon.colcon_core.package_discovery[0m [1;30mLevel 1[0m discover_packages(ignore) check parameters
[0.625s] [34mcolcon.colcon_core.package_discovery[0m [1;30mLevel 1[0m discover_packages(path) check parameters
[0.625s] [34mcolcon.colcon_core.package_discovery[0m [1;30mLevel 1[0m discover_packages(colcon_meta) discover
[0.626s] [34mcolcon.colcon_core.package_discovery[0m [1;30mLevel 1[0m discover_packages(recursive) discover
[0.626s] [34mcolcon.colcon_core.package_discovery[0m [1;30mINFO[0m Crawling recursively for packages in '/home/x/CODE/Inverse_Arm'
[0.626s] [34mcolcon.colcon_core.package_identification[0m [1;30mLevel 1[0m _identify(.) by extensions ['ignore', 'ignore_ament_install']
[0.626s] [34mcolcon.colcon_core.package_identification[0m [1;30mLevel 1[0m _identify(.) by extension 'ignore'
[0.626s] [34mcolcon.colcon_core.package_identification[0m [1;30mLevel 1[0m _identify(.) by extension 'ignore_ament_install'
[0.626s] [34mcolcon.colcon_core.package_identification[0m [1;30mLevel 1[0m _identify(.) by extensions ['colcon_pkg']
[0.626s] [34mcolcon.colcon_core.package_identification[0m [1;30mLevel 1[0m _identify(.) by extension 'colcon_pkg'
[0.626s] [34mcolcon.colcon_core.package_identification[0m [1;30mLevel 1[0m _identify(.) by extensions ['colcon_meta']
[0.626s] [34mcolcon.colcon_core.package_identification[0m [1;30mLevel 1[0m _identify(.) by extension 'colcon_meta'
[0.626s] [34mcolcon.colcon_core.package_identification[0m [1;30mLevel 1[0m _identify(.) by extensions ['ros']
[0.626s] [34mcolcon.colcon_core.package_identification[0m [1;30mLevel 1[0m _identify(.) by extension 'ros'
[0.649s] [34mcolcon.colcon_core.package_identification[0m [1;30mLevel 1[0m _identify(.) by extensions ['cmake', 'python']
[0.649s] [34mcolcon.colcon_core.package_identification[0m [1;30mLevel 1[0m _identify(.) by extension 'cmake'
[0.649s] [34mcolcon.colcon_core.package_identification[0m [1;30mLevel 1[0m _identify(.) by extension 'python'
[0.649s] [34mcolcon.colcon_core.package_identification[0m [1;30mLevel 1[0m _identify(.) by extensions ['python_setup_py']
[0.649s] [34mcolcon.colcon_core.package_identification[0m [1;30mLevel 1[0m _identify(.) by extension 'python_setup_py'
[0.649s] [34mcolcon.colcon_core.package_identification[0m [1;30mLevel 1[0m _identify(build) by extensions ['ignore', 'ignore_ament_install']
[0.649s] [34mcolcon.colcon_core.package_identification[0m [1;30mLevel 1[0m _identify(build) by extension 'ignore'
[0.649s] [34mcolcon.colcon_core.package_identification[0m [1;30mLevel 1[0m _identify(build) ignored
[0.649s] [34mcolcon.colcon_core.package_identification[0m [1;30mLevel 1[0m _identify(install) by extensions ['ignore', 'ignore_ament_install']
[0.649s] [34mcolcon.colcon_core.package_identification[0m [1;30mLevel 1[0m _identify(install) by extension 'ignore'
[0.649s] [34mcolcon.colcon_core.package_identification[0m [1;30mLevel 1[0m _identify(install) ignored
[0.649s] [34mcolcon.colcon_core.package_identification[0m [1;30mLevel 1[0m _identify(log) by extensions ['ignore', 'ignore_ament_install']
[0.650s] [34mcolcon.colcon_core.package_identification[0m [1;30mLevel 1[0m _identify(log) by extension 'ignore'
[0.650s] [34mcolcon.colcon_core.package_identification[0m [1;30mLevel 1[0m _identify(log) ignored
[0.650s] [34mcolcon.colcon_core.package_identification[0m [1;30mLevel 1[0m _identify(src) by extensions ['ignore', 'ignore_ament_install']
[0.650s] [34mcolcon.colcon_core.package_identification[0m [1;30mLevel 1[0m _identify(src) by extension 'ignore'
[0.650s] [34mcolcon.colcon_core.package_identification[0m [1;30mLevel 1[0m _identify(src) by extension 'ignore_ament_install'
[0.650s] [34mcolcon.colcon_core.package_identification[0m [1;30mLevel 1[0m _identify(src) by extensions ['colcon_pkg']
[0.650s] [34mcolcon.colcon_core.package_identification[0m [1;30mLevel 1[0m _identify(src) by extension 'colcon_pkg'
[0.650s] [34mcolcon.colcon_core.package_identification[0m [1;30mLevel 1[0m _identify(src) by extensions ['colcon_meta']
[0.650s] [34mcolcon.colcon_core.package_identification[0m [1;30mLevel 1[0m _identify(src) by extension 'colcon_meta'
[0.650s] [34mcolcon.colcon_core.package_identification[0m [1;30mLevel 1[0m _identify(src) by extensions ['ros']
[0.650s] [34mcolcon.colcon_core.package_identification[0m [1;30mLevel 1[0m _identify(src) by extension 'ros'
[0.650s] [34mcolcon.colcon_core.package_identification[0m [1;30mLevel 1[0m _identify(src) by extensions ['cmake', 'python']
[0.650s] [34mcolcon.colcon_core.package_identification[0m [1;30mLevel 1[0m _identify(src) by extension 'cmake'
[0.650s] [34mcolcon.colcon_core.package_identification[0m [1;30mLevel 1[0m _identify(src) by extension 'python'
[0.650s] [34mcolcon.colcon_core.package_identification[0m [1;30mLevel 1[0m _identify(src) by extensions ['python_setup_py']
[0.650s] [34mcolcon.colcon_core.package_identification[0m [1;30mLevel 1[0m _identify(src) by extension 'python_setup_py'
[0.650s] [34mcolcon.colcon_core.package_identification[0m [1;30mLevel 1[0m _identify(src/Universal_Robots_ROS2_Description) by extensions ['ignore', 'ignore_ament_install']
[0.650s] [34mcolcon.colcon_core.package_identification[0m [1;30mLevel 1[0m _identify(src/Universal_Robots_ROS2_Description) by extension 'ignore'
[0.650s] [34mcolcon.colcon_core.package_identification[0m [1;30mLevel 1[0m _identify(src/Universal_Robots_ROS2_Description) by extension 'ignore_ament_install'
[0.650s] [34mcolcon.colcon_core.package_identification[0m [1;30mLevel 1[0m _identify(src/Universal_Robots_ROS2_Description) by extensions ['colcon_pkg']
[0.650s] [34mcolcon.colcon_core.package_identification[0m [1;30mLevel 1[0m _identify(src/Universal_Robots_ROS2_Description) by extension 'colcon_pkg'
[0.650s] [34mcolcon.colcon_core.package_identification[0m [1;30mLevel 1[0m _identify(src/Universal_Robots_ROS2_Description) by extensions ['colcon_meta']
[0.650s] [34mcolcon.colcon_core.package_identification[0m [1;30mLevel 1[0m _identify(src/Universal_Robots_ROS2_Description) by extension 'colcon_meta'
[0.650s] [34mcolcon.colcon_core.package_identification[0m [1;30mLevel 1[0m _identify(src/Universal_Robots_ROS2_Description) by extensions ['ros']
[0.650s] [34mcolcon.colcon_core.package_identification[0m [1;30mLevel 1[0m _identify(src/Universal_Robots_ROS2_Description) by extension 'ros'
[0.654s] [34mcolcon.colcon_core.package_identification[0m [1;30mDEBUG[0m [32mPackage 'src/Universal_Robots_ROS2_Description' with type 'ros.ament_cmake' and name 'ur_description'[0m
[0.654s] [34mcolcon.colcon_core.package_identification[0m [1;30mLevel 1[0m _identify(src/arm_control) by extensions ['ignore', 'ignore_ament_install']
[0.654s] [34mcolcon.colcon_core.package_identification[0m [1;30mLevel 1[0m _identify(src/arm_control) by extension 'ignore'
[0.654s] [34mcolcon.colcon_core.package_identification[0m [1;30mLevel 1[0m _identify(src/arm_control) by extension 'ignore_ament_install'
[0.654s] [34mcolcon.colcon_core.package_identification[0m [1;30mLevel 1[0m _identify(src/arm_control) by extensions ['colcon_pkg']
[0.654s] [34mcolcon.colcon_core.package_identification[0m [1;30mLevel 1[0m _identify(src/arm_control) by extension 'colcon_pkg'
[0.654s] [34mcolcon.colcon_core.package_identification[0m [1;30mLevel 1[0m _identify(src/arm_control) by extensions ['colcon_meta']
[0.654s] [34mcolcon.colcon_core.package_identification[0m [1;30mLevel 1[0m _identify(src/arm_control) by extension 'colcon_meta'
[0.654s] [34mcolcon.colcon_core.package_identification[0m [1;30mLevel 1[0m _identify(src/arm_control) by extensions ['ros']
[0.654s] [34mcolcon.colcon_core.package_identification[0m [1;30mLevel 1[0m _identify(src/arm_control) by extension 'ros'
[0.655s] [34mcolcon.colcon_core.package_identification[0m [1;30mDEBUG[0m [32mPackage 'src/arm_control' with type 'ros.ament_cmake' and name 'arm_control'[0m
[0.655s] [34mcolcon.colcon_core.package_discovery[0m [1;30mLevel 1[0m discover_packages(recursive) using defaults
[0.655s] [34mcolcon.colcon_core.package_discovery[0m [1;30mLevel 1[0m discover_packages(ignore) discover
[0.655s] [34mcolcon.colcon_core.package_discovery[0m [1;30mLevel 1[0m discover_packages(ignore) using defaults
[0.655s] [34mcolcon.colcon_core.package_discovery[0m [1;30mLevel 1[0m discover_packages(path) discover
[0.655s] [34mcolcon.colcon_core.package_discovery[0m [1;30mLevel 1[0m discover_packages(path) using defaults
[0.678s] [34mcolcon.colcon_core.package_discovery[0m [1;30mLevel 1[0m discover_packages(prefix_path) check parameters
[0.679s] [34mcolcon.colcon_core.package_discovery[0m [1;30mLevel 1[0m discover_packages(prefix_path) discover
[0.685s] [34mcolcon.colcon_installed_package_information.package_discovery[0m [1;30mDEBUG[0m [32mFound 425 installed packages in /opt/ros/humble[0m
[0.687s] [34mcolcon.colcon_core.package_discovery[0m [1;30mLevel 1[0m discover_packages(prefix_path) using defaults
[0.816s] [34mcolcon.colcon_core.verb[0m [1;30mLevel 5[0m set package 'arm_control' build argument 'cmake_args' from command line to 'None'
[0.816s] [34mcolcon.colcon_core.verb[0m [1;30mLevel 5[0m set package 'arm_control' build argument 'cmake_target' from command line to 'None'
[0.816s] [34mcolcon.colcon_core.verb[0m [1;30mLevel 5[0m set package 'arm_control' build argument 'cmake_target_skip_unavailable' from command line to 'False'
[0.816s] [34mcolcon.colcon_core.verb[0m [1;30mLevel 5[0m set package 'arm_control' build argument 'cmake_clean_cache' from command line to 'False'
[0.816s] [34mcolcon.colcon_core.verb[0m [1;30mLevel 5[0m set package 'arm_control' build argument 'cmake_clean_first' from command line to 'False'
[0.816s] [34mcolcon.colcon_core.verb[0m [1;30mLevel 5[0m set package 'arm_control' build argument 'cmake_force_configure' from command line to 'False'
[0.816s] [34mcolcon.colcon_core.verb[0m [1;30mLevel 5[0m set package 'arm_control' build argument 'ament_cmake_args' from command line to 'None'
[0.816s] [34mcolcon.colcon_core.verb[0m [1;30mLevel 5[0m set package 'arm_control' build argument 'catkin_cmake_args' from command line to 'None'
[0.816s] [34mcolcon.colcon_core.verb[0m [1;30mLevel 5[0m set package 'arm_control' build argument 'catkin_skip_building_tests' from command line to 'False'
[0.816s] [34mcolcon.colcon_core.verb[0m [1;30mDEBUG[0m [32mBuilding package 'arm_control' with the following arguments: {'ament_cmake_args': None, 'build_base': '/home/x/CODE/Inverse_Arm/build/arm_control', 'catkin_cmake_args': None, 'catkin_skip_building_tests': False, 'cmake_args': None, 'cmake_clean_cache': False, 'cmake_clean_first': False, 'cmake_force_configure': False, 'cmake_target': None, 'cmake_target_skip_unavailable': False, 'install_base': '/home/x/CODE/Inverse_Arm/install/arm_control', 'merge_install': False, 'path': '/home/x/CODE/Inverse_Arm/src/arm_control', 'symlink_install': False, 'test_result_base': None}[0m
[0.817s] [34mcolcon.colcon_core.verb[0m [1;30mLevel 5[0m set package 'ur_description' build argument 'cmake_args' from command line to 'None'
[0.817s] [34mcolcon.colcon_core.verb[0m [1;30mLevel 5[0m set package 'ur_description' build argument 'cmake_target' from command line to 'None'
[0.817s] [34mcolcon.colcon_core.verb[0m [1;30mLevel 5[0m set package 'ur_description' build argument 'cmake_target_skip_unavailable' from command line to 'False'
[0.817s] [34mcolcon.colcon_core.verb[0m [1;30mLevel 5[0m set package 'ur_description' build argument 'cmake_clean_cache' from command line to 'False'
[0.817s] [34mcolcon.colcon_core.verb[0m [1;30mLevel 5[0m set package 'ur_description' build argument 'cmake_clean_first' from command line to 'False'
[0.817s] [34mcolcon.colcon_core.verb[0m [1;30mLevel 5[0m set package 'ur_description' build argument 'cmake_force_configure' from command line to 'False'
[0.817s] [34mcolcon.colcon_core.verb[0m [1;30mLevel 5[0m set package 'ur_description' build argument 'ament_cmake_args' from command line to 'None'
[0.817s] [34mcolcon.colcon_core.verb[0m [1;30mLevel 5[0m set package 'ur_description' build argument 'catkin_cmake_args' from command line to 'None'
[0.817s] [34mcolcon.colcon_core.verb[0m [1;30mLevel 5[0m set package 'ur_description' build argument 'catkin_skip_building_tests' from command line to 'False'
[0.817s] [34mcolcon.colcon_core.verb[0m [1;30mDEBUG[0m [32mBuilding package 'ur_description' with the following arguments: {'ament_cmake_args': None, 'build_base': '/home/x/CODE/Inverse_Arm/build/ur_description', 'catkin_cmake_args': None, 'catkin_skip_building_tests': False, 'cmake_args': None, 'cmake_clean_cache': False, 'cmake_clean_first': False, 'cmake_force_configure': False, 'cmake_target': None, 'cmake_target_skip_unavailable': False, 'install_base': '/home/x/CODE/Inverse_Arm/install/ur_description', 'merge_install': False, 'path': '/home/x/CODE/Inverse_Arm/src/Universal_Robots_ROS2_Description', 'symlink_install': False, 'test_result_base': None}[0m
[0.817s] [34mcolcon.colcon_core.executor[0m [1;30mINFO[0m Executing jobs using 'parallel' executor
[0.818s] [34mcolcon.colcon_parallel_executor.executor.parallel[0m [1;30mDEBUG[0m [32mrun_until_complete[0m
[0.818s] [34mcolcon.colcon_ros.task.ament_cmake.build[0m [1;30mINFO[0m Building ROS package in '/home/x/CODE/Inverse_Arm/src/arm_control' with build type 'ament_cmake'
[0.819s] [34mcolcon.colcon_cmake.task.cmake.build[0m [1;30mINFO[0m Building CMake package in '/home/x/CODE/Inverse_Arm/src/arm_control'
[0.824s] [34mcolcon.colcon_core.plugin_system[0m [1;30mINFO[0m Skipping extension 'colcon_core.shell.bat': Not used on non-Windows systems
[0.824s] [34mcolcon.colcon_core.shell[0m [1;30mINFO[0m Skip shell extension 'powershell' for command environment: Not usable outside of PowerShell
[0.824s] [34mcolcon.colcon_core.shell[0m [1;30mDEBUG[0m [32mSkip shell extension 'dsv' for command environment[0m
[0.828s] [34mcolcon.colcon_ros.task.ament_cmake.build[0m [1;30mINFO[0m Building ROS package in '/home/x/CODE/Inverse_Arm/src/Universal_Robots_ROS2_Description' with build type 'ament_cmake'
[0.828s] [34mcolcon.colcon_cmake.task.cmake.build[0m [1;30mINFO[0m Building CMake package in '/home/x/CODE/Inverse_Arm/src/Universal_Robots_ROS2_Description'
[0.828s] [34mcolcon.colcon_core.shell[0m [1;30mINFO[0m Skip shell extension 'powershell' for command environment: Not usable outside of PowerShell
[0.828s] [34mcolcon.colcon_core.shell[0m [1;30mDEBUG[0m [32mSkip shell extension 'dsv' for command environment[0m
[0.835s] [34mcolcon.colcon_core.event_handler.log_command[0m [1;30mDEBUG[0m [32mInvoking command in '/home/x/CODE/Inverse_Arm/build/arm_control': CMAKE_PREFIX_PATH=/opt/ros/humble /usr/bin/cmake --build /home/x/CODE/Inverse_Arm/build/arm_control -- -j8 -l8[0m
[0.846s] [34mcolcon.colcon_core.event_handler.log_command[0m [1;30mDEBUG[0m [32mInvoking command in '/home/x/CODE/Inverse_Arm/build/ur_description': CMAKE_PREFIX_PATH=/opt/ros/humble /usr/bin/cmake --build /home/x/CODE/Inverse_Arm/build/ur_description -- -j8 -l8[0m
[0.945s] [34mcolcon.colcon_core.event_handler.log_command[0m [1;30mDEBUG[0m [32mInvoked command in '/home/x/CODE/Inverse_Arm/build/ur_description' returned '0': CMAKE_PREFIX_PATH=/opt/ros/humble /usr/bin/cmake --build /home/x/CODE/Inverse_Arm/build/ur_description -- -j8 -l8[0m
[0.961s] [34mcolcon.colcon_core.event_handler.log_command[0m [1;30mDEBUG[0m [32mInvoking command in '/home/x/CODE/Inverse_Arm/build/ur_description': CMAKE_PREFIX_PATH=/opt/ros/humble /usr/bin/cmake --install /home/x/CODE/Inverse_Arm/build/ur_description[0m
[1.037s] [34mcolcon.colcon_core.environment[0m [1;30mLevel 1[0m create_environment_scripts_only(ur_description)
[1.037s] [34mcolcon.colcon_core.event_handler.log_command[0m [1;30mDEBUG[0m [32mInvoked command in '/home/x/CODE/Inverse_Arm/build/ur_description' returned '0': CMAKE_PREFIX_PATH=/opt/ros/humble /usr/bin/cmake --install /home/x/CODE/Inverse_Arm/build/ur_description[0m
[1.044s] [34mcolcon.colcon_core.environment[0m [1;30mLevel 1[0m checking '/home/x/CODE/Inverse_Arm/install/ur_description' for CMake module files
[1.045s] [34mcolcon.colcon_core.environment[0m [1;30mLevel 1[0m checking '/home/x/CODE/Inverse_Arm/install/ur_description' for CMake config files
[1.046s] [34mcolcon.colcon_core.shell[0m [1;30mLevel 1[0m create_environment_hook('ur_description', 'cmake_prefix_path')
[1.047s] [34mcolcon.colcon_core.shell[0m [1;30mINFO[0m Creating environment hook '/home/x/CODE/Inverse_Arm/install/ur_description/share/ur_description/hook/cmake_prefix_path.ps1'
[1.048s] [34mcolcon.colcon_core.shell[0m [1;30mINFO[0m Creating environment descriptor '/home/x/CODE/Inverse_Arm/install/ur_description/share/ur_description/hook/cmake_prefix_path.dsv'
[1.049s] [34mcolcon.colcon_core.shell[0m [1;30mINFO[0m Creating environment hook '/home/x/CODE/Inverse_Arm/install/ur_description/share/ur_description/hook/cmake_prefix_path.sh'
[1.050s] [34mcolcon.colcon_core.environment[0m [1;30mLevel 1[0m checking '/home/x/CODE/Inverse_Arm/install/ur_description/bin'
[1.050s] [34mcolcon.colcon_core.environment[0m [1;30mLevel 1[0m checking '/home/x/CODE/Inverse_Arm/install/ur_description/lib/pkgconfig/ur_description.pc'
[1.050s] [34mcolcon.colcon_core.environment[0m [1;30mLevel 1[0m checking '/home/x/CODE/Inverse_Arm/install/ur_description/lib/python3.10/site-packages'
[1.051s] [34mcolcon.colcon_core.environment[0m [1;30mLevel 1[0m checking '/home/x/CODE/Inverse_Arm/install/ur_description/bin'
[1.051s] [34mcolcon.colcon_core.shell[0m [1;30mINFO[0m Creating package script '/home/x/CODE/Inverse_Arm/install/ur_description/share/ur_description/package.ps1'
[1.051s] [34mcolcon.colcon_core.shell[0m [1;30mINFO[0m Creating package descriptor '/home/x/CODE/Inverse_Arm/install/ur_description/share/ur_description/package.dsv'
[1.052s] [34mcolcon.colcon_core.shell[0m [1;30mINFO[0m Creating package script '/home/x/CODE/Inverse_Arm/install/ur_description/share/ur_description/package.sh'
[1.053s] [34mcolcon.colcon_core.shell[0m [1;30mINFO[0m Creating package script '/home/x/CODE/Inverse_Arm/install/ur_description/share/ur_description/package.bash'
[1.054s] [34mcolcon.colcon_core.shell[0m [1;30mINFO[0m Creating package script '/home/x/CODE/Inverse_Arm/install/ur_description/share/ur_description/package.zsh'
[1.054s] [34mcolcon.colcon_core.environment[0m [1;30mLevel 1[0m create_file_with_runtime_dependencies(/home/x/CODE/Inverse_Arm/install/ur_description/share/colcon-core/packages/ur_description)
[1.055s] [34mcolcon.colcon_core.environment[0m [1;30mLevel 1[0m create_environment_scripts_only(ur_description)
[1.055s] [34mcolcon.colcon_core.environment[0m [1;30mLevel 1[0m checking '/home/x/CODE/Inverse_Arm/install/ur_description' for CMake module files
[1.055s] [34mcolcon.colcon_core.environment[0m [1;30mLevel 1[0m checking '/home/x/CODE/Inverse_Arm/install/ur_description' for CMake config files
[1.057s] [34mcolcon.colcon_core.shell[0m [1;30mLevel 1[0m create_environment_hook('ur_description', 'cmake_prefix_path')
[1.057s] [34mcolcon.colcon_core.shell[0m [1;30mINFO[0m Creating environment hook '/home/x/CODE/Inverse_Arm/install/ur_description/share/ur_description/hook/cmake_prefix_path.ps1'
[1.057s] [34mcolcon.colcon_core.shell[0m [1;30mINFO[0m Creating environment descriptor '/home/x/CODE/Inverse_Arm/install/ur_description/share/ur_description/hook/cmake_prefix_path.dsv'
[1.058s] [34mcolcon.colcon_core.shell[0m [1;30mINFO[0m Creating environment hook '/home/x/CODE/Inverse_Arm/install/ur_description/share/ur_description/hook/cmake_prefix_path.sh'
[1.058s] [34mcolcon.colcon_core.environment[0m [1;30mLevel 1[0m checking '/home/x/CODE/Inverse_Arm/install/ur_description/bin'
[1.058s] [34mcolcon.colcon_core.environment[0m [1;30mLevel 1[0m checking '/home/x/CODE/Inverse_Arm/install/ur_description/lib/pkgconfig/ur_description.pc'
[1.058s] [34mcolcon.colcon_core.environment[0m [1;30mLevel 1[0m checking '/home/x/CODE/Inverse_Arm/install/ur_description/lib/python3.10/site-packages'
[1.059s] [34mcolcon.colcon_core.environment[0m [1;30mLevel 1[0m checking '/home/x/CODE/Inverse_Arm/install/ur_description/bin'
[1.059s] [34mcolcon.colcon_core.shell[0m [1;30mINFO[0m Creating package script '/home/x/CODE/Inverse_Arm/install/ur_description/share/ur_description/package.ps1'
[1.059s] [34mcolcon.colcon_core.shell[0m [1;30mINFO[0m Creating package descriptor '/home/x/CODE/Inverse_Arm/install/ur_description/share/ur_description/package.dsv'
[1.060s] [34mcolcon.colcon_core.shell[0m [1;30mINFO[0m Creating package script '/home/x/CODE/Inverse_Arm/install/ur_description/share/ur_description/package.sh'
[1.060s] [34mcolcon.colcon_core.shell[0m [1;30mINFO[0m Creating package script '/home/x/CODE/Inverse_Arm/install/ur_description/share/ur_description/package.bash'
[1.061s] [34mcolcon.colcon_core.shell[0m [1;30mINFO[0m Creating package script '/home/x/CODE/Inverse_Arm/install/ur_description/share/ur_description/package.zsh'
[1.061s] [34mcolcon.colcon_core.environment[0m [1;30mLevel 1[0m create_file_with_runtime_dependencies(/home/x/CODE/Inverse_Arm/install/ur_description/share/colcon-core/packages/ur_description)
[1.594s] [34mcolcon.colcon_core.event_handler.log_command[0m [1;30mDEBUG[0m [32mInvoked command in '/home/x/CODE/Inverse_Arm/build/arm_control' returned '2': CMAKE_PREFIX_PATH=/opt/ros/humble /usr/bin/cmake --build /home/x/CODE/Inverse_Arm/build/arm_control -- -j8 -l8[0m
[1.596s] [34mcolcon.colcon_core.environment[0m [1;30mLevel 1[0m create_environment_scripts_only(arm_control)
[1.596s] [34mcolcon.colcon_core.environment[0m [1;30mLevel 1[0m checking '/home/x/CODE/Inverse_Arm/install/arm_control' for CMake module files
[1.596s] [34mcolcon.colcon_core.environment[0m [1;30mLevel 1[0m checking '/home/x/CODE/Inverse_Arm/install/arm_control' for CMake config files
[1.596s] [34mcolcon.colcon_core.environment[0m [1;30mLevel 1[0m checking '/home/x/CODE/Inverse_Arm/install/arm_control/bin'
[1.596s] [34mcolcon.colcon_core.environment[0m [1;30mLevel 1[0m checking '/home/x/CODE/Inverse_Arm/install/arm_control/lib/pkgconfig/arm_control.pc'
[1.597s] [34mcolcon.colcon_core.environment[0m [1;30mLevel 1[0m checking '/home/x/CODE/Inverse_Arm/install/arm_control/lib/python3.10/site-packages'
[1.597s] [34mcolcon.colcon_core.environment[0m [1;30mLevel 1[0m checking '/home/x/CODE/Inverse_Arm/install/arm_control/bin'
[1.597s] [34mcolcon.colcon_core.shell[0m [1;30mINFO[0m Creating package script '/home/x/CODE/Inverse_Arm/install/arm_control/share/arm_control/package.ps1'
[1.597s] [34mcolcon.colcon_core.shell[0m [1;30mINFO[0m Creating package descriptor '/home/x/CODE/Inverse_Arm/install/arm_control/share/arm_control/package.dsv'
[1.598s] [34mcolcon.colcon_core.shell[0m [1;30mINFO[0m Creating package script '/home/x/CODE/Inverse_Arm/install/arm_control/share/arm_control/package.sh'
[1.598s] [34mcolcon.colcon_core.shell[0m [1;30mINFO[0m Creating package script '/home/x/CODE/Inverse_Arm/install/arm_control/share/arm_control/package.bash'
[1.599s] [34mcolcon.colcon_core.shell[0m [1;30mINFO[0m Creating package script '/home/x/CODE/Inverse_Arm/install/arm_control/share/arm_control/package.zsh'
[1.599s] [34mcolcon.colcon_core.environment[0m [1;30mLevel 1[0m create_file_with_runtime_dependencies(/home/x/CODE/Inverse_Arm/install/arm_control/share/colcon-core/packages/arm_control)
[1.610s] [34mcolcon.colcon_parallel_executor.executor.parallel[0m [1;30mDEBUG[0m [32mclosing loop[0m
[1.610s] [34mcolcon.colcon_parallel_executor.executor.parallel[0m [1;30mDEBUG[0m [32mloop closed[0m
[1.611s] [34mcolcon.colcon_parallel_executor.executor.parallel[0m [1;30mDEBUG[0m [32mrun_until_complete finished with '2'[0m
[1.611s] [34mcolcon.colcon_core.event_reactor[0m [1;30mDEBUG[0m [32mjoining thread[0m
[1.623s] [34mcolcon.colcon_core.plugin_system[0m [1;30mINFO[0m Skipping extension 'colcon_notification.desktop_notification.terminal_notifier': Not used on non-Darwin systems
[1.624s] [34mcolcon.colcon_core.plugin_system[0m [1;30mINFO[0m Skipping extension 'colcon_notification.desktop_notification.win32': Not used on non-Windows systems
[1.624s] [34mcolcon.colcon_notification.desktop_notification[0m [1;30mINFO[0m Sending desktop notification using 'notify2'
[1.637s] [34mcolcon.colcon_core.event_reactor[0m [1;30mDEBUG[0m [32mjoined thread[0m
[1.637s] [34mcolcon.colcon_core.shell[0m [1;30mINFO[0m Creating prefix script '/home/x/CODE/Inverse_Arm/install/local_setup.ps1'
[1.639s] [34mcolcon.colcon_core.shell[0m [1;30mINFO[0m Creating prefix util module '/home/x/CODE/Inverse_Arm/install/_local_setup_util_ps1.py'
[1.640s] [34mcolcon.colcon_core.shell[0m [1;30mINFO[0m Creating prefix chain script '/home/x/CODE/Inverse_Arm/install/setup.ps1'
[1.641s] [34mcolcon.colcon_core.shell[0m [1;30mINFO[0m Creating prefix script '/home/x/CODE/Inverse_Arm/install/local_setup.sh'
[1.642s] [34mcolcon.colcon_core.shell[0m [1;30mINFO[0m Creating prefix util module '/home/x/CODE/Inverse_Arm/install/_local_setup_util_sh.py'
[1.643s] [34mcolcon.colcon_core.shell[0m [1;30mINFO[0m Creating prefix chain script '/home/x/CODE/Inverse_Arm/install/setup.sh'
[1.645s] [34mcolcon.colcon_core.shell[0m [1;30mINFO[0m Creating prefix script '/home/x/CODE/Inverse_Arm/install/local_setup.bash'
[1.646s] [34mcolcon.colcon_core.shell[0m [1;30mINFO[0m Creating prefix chain script '/home/x/CODE/Inverse_Arm/install/setup.bash'
[1.647s] [34mcolcon.colcon_core.shell[0m [1;30mINFO[0m Creating prefix script '/home/x/CODE/Inverse_Arm/install/local_setup.zsh'
[1.648s] [34mcolcon.colcon_core.shell[0m [1;30mINFO[0m Creating prefix chain script '/home/x/CODE/Inverse_Arm/install/setup.zsh'
