[0.016s] Invoking command in '/home/x/CODE/Inverse_Arm/build/arm_control': CMAKE_PREFIX_PATH=${CMAKE_PREFIX_PATH}:/opt/ros/humble /usr/bin/cmake --build /home/x/CODE/Inverse_Arm/build/arm_control -- -j8 -l8
[0.068s] [35m[1mConsolidate compiler generated dependencies of target armcontrol[0m
[0.096s] [ 25%] [32mBuilding CXX object CMakeFiles/armcontrol.dir/src/control_node.cpp.o[0m
[4.908s] [ 50%] [32m[1mLinking CXX executable armcontrol[0m
[5.126s] [100%] Built target armcontrol
[5.140s] Invoked command in '/home/x/CODE/Inverse_Arm/build/arm_control' returned '0': CMAKE_PREFIX_PATH=${CMAKE_PREFIX_PATH}:/opt/ros/humble /usr/bin/cmake --build /home/x/CODE/Inverse_Arm/build/arm_control -- -j8 -l8
[5.142s] Invoking command in '/home/x/CODE/Inverse_Arm/build/arm_control': CMAKE_PREFIX_PATH=${CMAKE_PREFIX_PATH}:/opt/ros/humble /usr/bin/cmake --install /home/x/CODE/Inverse_Arm/build/arm_control
[5.149s] -- Install configuration: ""
[5.149s] -- Installing: /home/x/CODE/Inverse_Arm/install/arm_control/lib/arm_control/armcontrol
[5.153s] -- Set runtime path of "/home/x/CODE/Inverse_Arm/install/arm_control/lib/arm_control/armcontrol" to ""
[5.153s] -- Up-to-date: /home/x/CODE/Inverse_Arm/install/arm_control/include
[5.153s] -- Up-to-date: /home/x/CODE/Inverse_Arm/install/arm_control/include/arm_control
[5.153s] -- Up-to-date: /home/x/CODE/Inverse_Arm/install/arm_control/include/arm_control/Inverse_Resolse.h
[5.159s] -- Up-to-date: /home/x/CODE/Inverse_Arm/install/arm_control/include/arm_control/Control_Node.h
[5.159s] -- Up-to-date: /home/x/CODE/Inverse_Arm/install/arm_control/share/ament_index/resource_index/package_run_dependencies/arm_control
[5.159s] -- Up-to-date: /home/x/CODE/Inverse_Arm/install/arm_control/share/ament_index/resource_index/parent_prefix_path/arm_control
[5.159s] -- Up-to-date: /home/x/CODE/Inverse_Arm/install/arm_control/share/arm_control/environment/ament_prefix_path.sh
[5.160s] -- Up-to-date: /home/x/CODE/Inverse_Arm/install/arm_control/share/arm_control/environment/ament_prefix_path.dsv
[5.160s] -- Up-to-date: /home/x/CODE/Inverse_Arm/install/arm_control/share/arm_control/environment/path.sh
[5.160s] -- Up-to-date: /home/x/CODE/Inverse_Arm/install/arm_control/share/arm_control/environment/path.dsv
[5.160s] -- Up-to-date: /home/x/CODE/Inverse_Arm/install/arm_control/share/arm_control/local_setup.bash
[5.160s] -- Up-to-date: /home/x/CODE/Inverse_Arm/install/arm_control/share/arm_control/local_setup.sh
[5.160s] -- Up-to-date: /home/x/CODE/Inverse_Arm/install/arm_control/share/arm_control/local_setup.zsh
[5.160s] -- Up-to-date: /home/x/CODE/Inverse_Arm/install/arm_control/share/arm_control/local_setup.dsv
[5.160s] -- Installing: /home/x/CODE/Inverse_Arm/install/arm_control/share/arm_control/package.dsv
[5.160s] -- Up-to-date: /home/x/CODE/Inverse_Arm/install/arm_control/share/ament_index/resource_index/packages/arm_control
[5.160s] -- Up-to-date: /home/x/CODE/Inverse_Arm/install/arm_control/share/arm_control/cmake/arm_controlConfig.cmake
[5.160s] -- Up-to-date: /home/x/CODE/Inverse_Arm/install/arm_control/share/arm_control/cmake/arm_controlConfig-version.cmake
[5.160s] -- Up-to-date: /home/x/CODE/Inverse_Arm/install/arm_control/share/arm_control/package.xml
[5.164s] Invoked command in '/home/x/CODE/Inverse_Arm/build/arm_control' returned '0': CMAKE_PREFIX_PATH=${CMAKE_PREFIX_PATH}:/opt/ros/humble /usr/bin/cmake --install /home/x/CODE/Inverse_Arm/build/arm_control
