[0.019s] Invoking command in '/home/x/CODE/ROS_RobotArm_Control/build/arm_control': CMAKE_PREFIX_PATH=${CMAKE_PREFIX_PATH}:/opt/ros/humble /usr/bin/cmake --build /home/x/CODE/ROS_RobotArm_Control/build/arm_control -- -j8 -l8
[0.097s] [100%] Built target armcontrol
[0.120s] Invoked command in '/home/x/CODE/ROS_RobotArm_Control/build/arm_control' returned '0': CMAKE_PREFIX_PATH=${CMAKE_PREFIX_PATH}:/opt/ros/humble /usr/bin/cmake --build /home/x/CODE/ROS_RobotArm_Control/build/arm_control -- -j8 -l8
[0.121s] Invoking command in '/home/x/CODE/ROS_RobotArm_Control/build/arm_control': CMAKE_PREFIX_PATH=${CMAKE_PREFIX_PATH}:/opt/ros/humble /usr/bin/cmake --install /home/x/CODE/ROS_RobotArm_Control/build/arm_control
[0.127s] -- Install configuration: ""
[0.129s] -- Up-to-date: /home/x/CODE/ROS_RobotArm_Control/install/arm_control/lib/arm_control/armcontrol
[0.130s] -- Up-to-date: /home/x/CODE/ROS_RobotArm_Control/install/arm_control/include
[0.130s] -- Up-to-date: /home/x/CODE/ROS_RobotArm_Control/install/arm_control/include/arm_control
[0.130s] -- Up-to-date: /home/x/CODE/ROS_RobotArm_Control/install/arm_control/include/arm_control/Inverse_Resolse.h
[0.131s] -- Up-to-date: /home/x/CODE/ROS_RobotArm_Control/install/arm_control/include/arm_control/Control_Node.h
[0.131s] -- Up-to-date: /home/x/CODE/ROS_RobotArm_Control/install/arm_control/share/ament_index/resource_index/package_run_dependencies/arm_control
[0.131s] -- Up-to-date: /home/x/CODE/ROS_RobotArm_Control/install/arm_control/share/ament_index/resource_index/parent_prefix_path/arm_control
[0.131s] -- Up-to-date: /home/x/CODE/ROS_RobotArm_Control/install/arm_control/share/arm_control/environment/ament_prefix_path.sh
[0.131s] -- Up-to-date: /home/x/CODE/ROS_RobotArm_Control/install/arm_control/share/arm_control/environment/ament_prefix_path.dsv
[0.131s] -- Up-to-date: /home/x/CODE/ROS_RobotArm_Control/install/arm_control/share/arm_control/environment/path.sh
[0.131s] -- Up-to-date: /home/x/CODE/ROS_RobotArm_Control/install/arm_control/share/arm_control/environment/path.dsv
[0.131s] -- Up-to-date: /home/x/CODE/ROS_RobotArm_Control/install/arm_control/share/arm_control/local_setup.bash
[0.131s] -- Up-to-date: /home/x/CODE/ROS_RobotArm_Control/install/arm_control/share/arm_control/local_setup.sh
[0.132s] -- Up-to-date: /home/x/CODE/ROS_RobotArm_Control/install/arm_control/share/arm_control/local_setup.zsh
[0.132s] -- Up-to-date: /home/x/CODE/ROS_RobotArm_Control/install/arm_control/share/arm_control/local_setup.dsv
[0.132s] -- Installing: /home/x/CODE/ROS_RobotArm_Control/install/arm_control/share/arm_control/package.dsv
[0.133s] -- Up-to-date: /home/x/CODE/ROS_RobotArm_Control/install/arm_control/share/ament_index/resource_index/packages/arm_control
[0.133s] -- Up-to-date: /home/x/CODE/ROS_RobotArm_Control/install/arm_control/share/arm_control/cmake/arm_controlConfig.cmake
[0.133s] -- Up-to-date: /home/x/CODE/ROS_RobotArm_Control/install/arm_control/share/arm_control/cmake/arm_controlConfig-version.cmake
[0.133s] -- Up-to-date: /home/x/CODE/ROS_RobotArm_Control/install/arm_control/share/arm_control/package.xml
[0.143s] Invoked command in '/home/x/CODE/ROS_RobotArm_Control/build/arm_control' returned '0': CMAKE_PREFIX_PATH=${CMAKE_PREFIX_PATH}:/opt/ros/humble /usr/bin/cmake --install /home/x/CODE/ROS_RobotArm_Control/build/arm_control
