[0.019s] Invoking command in '/home/x/CODE/Inverse_Arm/build/ur_description': CMAKE_PREFIX_PATH=/opt/ros/humble /usr/bin/cmake --build /home/x/CODE/Inverse_Arm/build/ur_description -- -j8 -l8
[0.094s] Invoked command in '/home/x/CODE/Inverse_Arm/build/ur_description' returned '0': CMAKE_PREFIX_PATH=/opt/ros/humble /usr/bin/cmake --build /home/x/CODE/Inverse_Arm/build/ur_description -- -j8 -l8
[0.111s] Invoking command in '/home/x/CODE/Inverse_Arm/build/ur_description': CMAKE_PREFIX_PATH=/opt/ros/humble /usr/bin/cmake --install /home/x/CODE/Inverse_Arm/build/ur_description
[0.121s] -- Install configuration: ""
[0.122s] -- Execute custom install script
[0.126s] -- Up-to-date symlink: /home/x/CODE/Inverse_Arm/install/ur_description/share/ur_description/config/initial_positions.yaml
[0.128s] -- Up-to-date symlink: /home/x/CODE/Inverse_Arm/install/ur_description/share/ur_description/config/ur10/default_kinematics.yaml
[0.129s] -- Up-to-date symlink: /home/x/CODE/Inverse_Arm/install/ur_description/share/ur_description/config/ur10/joint_limits.yaml
[0.130s] -- Up-to-date symlink: /home/x/CODE/Inverse_Arm/install/ur_description/share/ur_description/config/ur10/physical_parameters.yaml
[0.130s] -- Up-to-date symlink: /home/x/CODE/Inverse_Arm/install/ur_description/share/ur_description/config/ur10/visual_parameters.yaml
[0.131s] -- Up-to-date symlink: /home/x/CODE/Inverse_Arm/install/ur_description/share/ur_description/config/ur10e/default_kinematics.yaml
[0.132s] -- Up-to-date symlink: /home/x/CODE/Inverse_Arm/install/ur_description/share/ur_description/config/ur10e/joint_limits.yaml
[0.133s] -- Up-to-date symlink: /home/x/CODE/Inverse_Arm/install/ur_description/share/ur_description/config/ur10e/physical_parameters.yaml
[0.134s] -- Up-to-date symlink: /home/x/CODE/Inverse_Arm/install/ur_description/share/ur_description/config/ur10e/visual_parameters.yaml
[0.135s] -- Up-to-date symlink: /home/x/CODE/Inverse_Arm/install/ur_description/share/ur_description/config/ur12e/default_kinematics.yaml
[0.136s] -- Up-to-date symlink: /home/x/CODE/Inverse_Arm/install/ur_description/share/ur_description/config/ur12e/joint_limits.yaml
[0.136s] -- Up-to-date symlink: /home/x/CODE/Inverse_Arm/install/ur_description/share/ur_description/config/ur12e/physical_parameters.yaml
[0.137s] -- Up-to-date symlink: /home/x/CODE/Inverse_Arm/install/ur_description/share/ur_description/config/ur12e/visual_parameters.yaml
[0.138s] -- Up-to-date symlink: /home/x/CODE/Inverse_Arm/install/ur_description/share/ur_description/config/ur15/default_kinematics.yaml
[0.139s] -- Up-to-date symlink: /home/x/CODE/Inverse_Arm/install/ur_description/share/ur_description/config/ur15/joint_limits.yaml
[0.140s] -- Up-to-date symlink: /home/x/CODE/Inverse_Arm/install/ur_description/share/ur_description/config/ur15/physical_parameters.yaml
[0.140s] -- Up-to-date symlink: /home/x/CODE/Inverse_Arm/install/ur_description/share/ur_description/config/ur15/visual_parameters.yaml
[0.142s] -- Up-to-date symlink: /home/x/CODE/Inverse_Arm/install/ur_description/share/ur_description/config/ur16e/default_kinematics.yaml
[0.143s] -- Up-to-date symlink: /home/x/CODE/Inverse_Arm/install/ur_description/share/ur_description/config/ur16e/joint_limits.yaml
[0.144s] -- Up-to-date symlink: /home/x/CODE/Inverse_Arm/install/ur_description/share/ur_description/config/ur16e/physical_parameters.yaml
[0.145s] -- Up-to-date symlink: /home/x/CODE/Inverse_Arm/install/ur_description/share/ur_description/config/ur16e/visual_parameters.yaml
[0.146s] -- Up-to-date symlink: /home/x/CODE/Inverse_Arm/install/ur_description/share/ur_description/config/ur20/default_kinematics.yaml
[0.147s] -- Up-to-date symlink: /home/x/CODE/Inverse_Arm/install/ur_description/share/ur_description/config/ur20/joint_limits.yaml
[0.147s] -- Up-to-date symlink: /home/x/CODE/Inverse_Arm/install/ur_description/share/ur_description/config/ur20/physical_parameters.yaml
[0.148s] -- Up-to-date symlink: /home/x/CODE/Inverse_Arm/install/ur_description/share/ur_description/config/ur20/visual_parameters.yaml
[0.149s] -- Up-to-date symlink: /home/x/CODE/Inverse_Arm/install/ur_description/share/ur_description/config/ur3/default_kinematics.yaml
[0.149s] -- Up-to-date symlink: /home/x/CODE/Inverse_Arm/install/ur_description/share/ur_description/config/ur3/joint_limits.yaml
[0.150s] -- Up-to-date symlink: /home/x/CODE/Inverse_Arm/install/ur_description/share/ur_description/config/ur3/physical_parameters.yaml
[0.150s] -- Up-to-date symlink: /home/x/CODE/Inverse_Arm/install/ur_description/share/ur_description/config/ur3/visual_parameters.yaml
[0.152s] -- Up-to-date symlink: /home/x/CODE/Inverse_Arm/install/ur_description/share/ur_description/config/ur30/default_kinematics.yaml
[0.152s] -- Up-to-date symlink: /home/x/CODE/Inverse_Arm/install/ur_description/share/ur_description/config/ur30/joint_limits.yaml
[0.153s] -- Up-to-date symlink: /home/x/CODE/Inverse_Arm/install/ur_description/share/ur_description/config/ur30/physical_parameters.yaml
[0.154s] -- Up-to-date symlink: /home/x/CODE/Inverse_Arm/install/ur_description/share/ur_description/config/ur30/visual_parameters.yaml
[0.155s] -- Up-to-date symlink: /home/x/CODE/Inverse_Arm/install/ur_description/share/ur_description/config/ur3e/default_kinematics.yaml
[0.156s] -- Up-to-date symlink: /home/x/CODE/Inverse_Arm/install/ur_description/share/ur_description/config/ur3e/joint_limits.yaml
[0.157s] -- Up-to-date symlink: /home/x/CODE/Inverse_Arm/install/ur_description/share/ur_description/config/ur3e/physical_parameters.yaml
[0.157s] -- Up-to-date symlink: /home/x/CODE/Inverse_Arm/install/ur_description/share/ur_description/config/ur3e/visual_parameters.yaml
[0.160s] -- Up-to-date symlink: /home/x/CODE/Inverse_Arm/install/ur_description/share/ur_description/config/ur5/default_kinematics.yaml
[0.161s] -- Up-to-date symlink: /home/x/CODE/Inverse_Arm/install/ur_description/share/ur_description/config/ur5/joint_limits.yaml
[0.162s] -- Up-to-date symlink: /home/x/CODE/Inverse_Arm/install/ur_description/share/ur_description/config/ur5/physical_parameters.yaml
[0.162s] -- Up-to-date symlink: /home/x/CODE/Inverse_Arm/install/ur_description/share/ur_description/config/ur5/visual_parameters.yaml
[0.163s] -- Up-to-date symlink: /home/x/CODE/Inverse_Arm/install/ur_description/share/ur_description/config/ur5e/default_kinematics.yaml
[0.164s] -- Up-to-date symlink: /home/x/CODE/Inverse_Arm/install/ur_description/share/ur_description/config/ur5e/joint_limits.yaml
[0.164s] -- Up-to-date symlink: /home/x/CODE/Inverse_Arm/install/ur_description/share/ur_description/config/ur5e/physical_parameters.yaml
[0.165s] -- Up-to-date symlink: /home/x/CODE/Inverse_Arm/install/ur_description/share/ur_description/config/ur5e/visual_parameters.yaml
[0.166s] -- Up-to-date symlink: /home/x/CODE/Inverse_Arm/install/ur_description/share/ur_description/config/ur7e/default_kinematics.yaml
[0.167s] -- Up-to-date symlink: /home/x/CODE/Inverse_Arm/install/ur_description/share/ur_description/config/ur7e/joint_limits.yaml
[0.167s] -- Up-to-date symlink: /home/x/CODE/Inverse_Arm/install/ur_description/share/ur_description/config/ur7e/physical_parameters.yaml
[0.168s] -- Up-to-date symlink: /home/x/CODE/Inverse_Arm/install/ur_description/share/ur_description/config/ur7e/visual_parameters.yaml
[0.169s] -- Up-to-date symlink: /home/x/CODE/Inverse_Arm/install/ur_description/share/ur_description/launch/view_ur.launch.py
[0.172s] -- Up-to-date symlink: /home/x/CODE/Inverse_Arm/install/ur_description/share/ur_description/meshes/ur10/collision/base.stl
[0.173s] -- Up-to-date symlink: /home/x/CODE/Inverse_Arm/install/ur_description/share/ur_description/meshes/ur10/collision/forearm.stl
[0.174s] -- Up-to-date symlink: /home/x/CODE/Inverse_Arm/install/ur_description/share/ur_description/meshes/ur10/collision/shoulder.stl
[0.175s] -- Up-to-date symlink: /home/x/CODE/Inverse_Arm/install/ur_description/share/ur_description/meshes/ur10/collision/upperarm.stl
[0.175s] -- Up-to-date symlink: /home/x/CODE/Inverse_Arm/install/ur_description/share/ur_description/meshes/ur10/collision/wrist1.stl
[0.176s] -- Up-to-date symlink: /home/x/CODE/Inverse_Arm/install/ur_description/share/ur_description/meshes/ur10/collision/wrist2.stl
[0.177s] -- Up-to-date symlink: /home/x/CODE/Inverse_Arm/install/ur_description/share/ur_description/meshes/ur10/collision/wrist3.stl
[0.178s] -- Up-to-date symlink: /home/x/CODE/Inverse_Arm/install/ur_description/share/ur_description/meshes/ur10/visual/base.dae
[0.179s] -- Up-to-date symlink: /home/x/CODE/Inverse_Arm/install/ur_description/share/ur_description/meshes/ur10/visual/forearm.dae
[0.179s] -- Up-to-date symlink: /home/x/CODE/Inverse_Arm/install/ur_description/share/ur_description/meshes/ur10/visual/shoulder.dae
[0.180s] -- Up-to-date symlink: /home/x/CODE/Inverse_Arm/install/ur_description/share/ur_description/meshes/ur10/visual/upperarm.dae
[0.181s] -- Up-to-date symlink: /home/x/CODE/Inverse_Arm/install/ur_description/share/ur_description/meshes/ur10/visual/wrist1.dae
[0.181s] -- Up-to-date symlink: /home/x/CODE/Inverse_Arm/install/ur_description/share/ur_description/meshes/ur10/visual/wrist2.dae
[0.182s] -- Up-to-date symlink: /home/x/CODE/Inverse_Arm/install/ur_description/share/ur_description/meshes/ur10/visual/wrist3.dae
[0.183s] -- Up-to-date symlink: /home/x/CODE/Inverse_Arm/install/ur_description/share/ur_description/meshes/ur10e/collision/base.stl
[0.184s] -- Up-to-date symlink: /home/x/CODE/Inverse_Arm/install/ur_description/share/ur_description/meshes/ur10e/collision/forearm.stl
[0.185s] -- Up-to-date symlink: /home/x/CODE/Inverse_Arm/install/ur_description/share/ur_description/meshes/ur10e/collision/shoulder.stl
[0.185s] -- Up-to-date symlink: /home/x/CODE/Inverse_Arm/install/ur_description/share/ur_description/meshes/ur10e/collision/upperarm.stl
[0.186s] -- Up-to-date symlink: /home/x/CODE/Inverse_Arm/install/ur_description/share/ur_description/meshes/ur10e/collision/wrist1.stl
[0.187s] -- Up-to-date symlink: /home/x/CODE/Inverse_Arm/install/ur_description/share/ur_description/meshes/ur10e/collision/wrist2.stl
[0.188s] -- Up-to-date symlink: /home/x/CODE/Inverse_Arm/install/ur_description/share/ur_description/meshes/ur10e/collision/wrist3.stl
[0.190s] -- Up-to-date symlink: /home/x/CODE/Inverse_Arm/install/ur_description/share/ur_description/meshes/ur10e/visual/base.dae
[0.191s] -- Up-to-date symlink: /home/x/CODE/Inverse_Arm/install/ur_description/share/ur_description/meshes/ur10e/visual/forearm.dae
[0.192s] -- Up-to-date symlink: /home/x/CODE/Inverse_Arm/install/ur_description/share/ur_description/meshes/ur10e/visual/shoulder.dae
[0.192s] -- Up-to-date symlink: /home/x/CODE/Inverse_Arm/install/ur_description/share/ur_description/meshes/ur10e/visual/upperarm.dae
[0.193s] -- Up-to-date symlink: /home/x/CODE/Inverse_Arm/install/ur_description/share/ur_description/meshes/ur10e/visual/wrist1.dae
[0.194s] -- Up-to-date symlink: /home/x/CODE/Inverse_Arm/install/ur_description/share/ur_description/meshes/ur10e/visual/wrist2.dae
[0.194s] -- Up-to-date symlink: /home/x/CODE/Inverse_Arm/install/ur_description/share/ur_description/meshes/ur10e/visual/wrist3.dae
[0.196s] -- Up-to-date symlink: /home/x/CODE/Inverse_Arm/install/ur_description/share/ur_description/meshes/ur15/LICENSE.txt
[0.197s] -- Up-to-date symlink: /home/x/CODE/Inverse_Arm/install/ur_description/share/ur_description/meshes/ur15/collision/base.stl
[0.198s] -- Up-to-date symlink: /home/x/CODE/Inverse_Arm/install/ur_description/share/ur_description/meshes/ur15/collision/forearm.stl
[0.198s] -- Up-to-date symlink: /home/x/CODE/Inverse_Arm/install/ur_description/share/ur_description/meshes/ur15/collision/shoulder.stl
[0.199s] -- Up-to-date symlink: /home/x/CODE/Inverse_Arm/install/ur_description/share/ur_description/meshes/ur15/collision/upperarm.stl
[0.200s] -- Up-to-date symlink: /home/x/CODE/Inverse_Arm/install/ur_description/share/ur_description/meshes/ur15/collision/wrist1.stl
[0.201s] -- Up-to-date symlink: /home/x/CODE/Inverse_Arm/install/ur_description/share/ur_description/meshes/ur15/collision/wrist2.stl
[0.202s] -- Up-to-date symlink: /home/x/CODE/Inverse_Arm/install/ur_description/share/ur_description/meshes/ur15/collision/wrist3.stl
[0.204s] -- Up-to-date symlink: /home/x/CODE/Inverse_Arm/install/ur_description/share/ur_description/meshes/ur15/visual/UR15_DIFF_8bit_2K.jpg
[0.206s] -- Up-to-date symlink: /home/x/CODE/Inverse_Arm/install/ur_description/share/ur_description/meshes/ur15/visual/base.dae
[0.206s] -- Up-to-date symlink: /home/x/CODE/Inverse_Arm/install/ur_description/share/ur_description/meshes/ur15/visual/forearm.dae
[0.207s] -- Up-to-date symlink: /home/x/CODE/Inverse_Arm/install/ur_description/share/ur_description/meshes/ur15/visual/shoulder.dae
[0.207s] -- Up-to-date symlink: /home/x/CODE/Inverse_Arm/install/ur_description/share/ur_description/meshes/ur15/visual/upperarm.dae
[0.208s] -- Up-to-date symlink: /home/x/CODE/Inverse_Arm/install/ur_description/share/ur_description/meshes/ur15/visual/wrist1.dae
[0.209s] -- Up-to-date symlink: /home/x/CODE/Inverse_Arm/install/ur_description/share/ur_description/meshes/ur15/visual/wrist2.dae
[0.210s] -- Up-to-date symlink: /home/x/CODE/Inverse_Arm/install/ur_description/share/ur_description/meshes/ur15/visual/wrist3.dae
[0.212s] -- Up-to-date symlink: /home/x/CODE/Inverse_Arm/install/ur_description/share/ur_description/meshes/ur16e/collision/forearm.stl
[0.212s] -- Up-to-date symlink: /home/x/CODE/Inverse_Arm/install/ur_description/share/ur_description/meshes/ur16e/collision/upperarm.stl
[0.214s] -- Up-to-date symlink: /home/x/CODE/Inverse_Arm/install/ur_description/share/ur_description/meshes/ur16e/visual/forearm.dae
[0.215s] -- Up-to-date symlink: /home/x/CODE/Inverse_Arm/install/ur_description/share/ur_description/meshes/ur16e/visual/upperarm.dae
[0.216s] -- Up-to-date symlink: /home/x/CODE/Inverse_Arm/install/ur_description/share/ur_description/meshes/ur20/LICENSE.txt
[0.221s] -- Up-to-date symlink: /home/x/CODE/Inverse_Arm/install/ur_description/share/ur_description/meshes/ur20/collision/base.stl
[0.221s] -- Up-to-date symlink: /home/x/CODE/Inverse_Arm/install/ur_description/share/ur_description/meshes/ur20/collision/forearm.stl
[0.222s] -- Up-to-date symlink: /home/x/CODE/Inverse_Arm/install/ur_description/share/ur_description/meshes/ur20/collision/shoulder.stl
[0.223s] -- Up-to-date symlink: /home/x/CODE/Inverse_Arm/install/ur_description/share/ur_description/meshes/ur20/collision/upperarm.stl
[0.223s] -- Up-to-date symlink: /home/x/CODE/Inverse_Arm/install/ur_description/share/ur_description/meshes/ur20/collision/wrist1.stl
[0.224s] -- Up-to-date symlink: /home/x/CODE/Inverse_Arm/install/ur_description/share/ur_description/meshes/ur20/collision/wrist2.stl
[0.225s] -- Up-to-date symlink: /home/x/CODE/Inverse_Arm/install/ur_description/share/ur_description/meshes/ur20/collision/wrist3.stl
[0.226s] -- Up-to-date symlink: /home/x/CODE/Inverse_Arm/install/ur_description/share/ur_description/meshes/ur20/visual/UR20_DIFF_8bit_2K.png
[0.227s] -- Up-to-date symlink: /home/x/CODE/Inverse_Arm/install/ur_description/share/ur_description/meshes/ur20/visual/base.dae
[0.227s] -- Up-to-date symlink: /home/x/CODE/Inverse_Arm/install/ur_description/share/ur_description/meshes/ur20/visual/forearm.dae
[0.228s] -- Up-to-date symlink: /home/x/CODE/Inverse_Arm/install/ur_description/share/ur_description/meshes/ur20/visual/shoulder.dae
[0.228s] -- Up-to-date symlink: /home/x/CODE/Inverse_Arm/install/ur_description/share/ur_description/meshes/ur20/visual/upperarm.dae
[0.229s] -- Up-to-date symlink: /home/x/CODE/Inverse_Arm/install/ur_description/share/ur_description/meshes/ur20/visual/wrist1.dae
[0.230s] -- Up-to-date symlink: /home/x/CODE/Inverse_Arm/install/ur_description/share/ur_description/meshes/ur20/visual/wrist2.dae
[0.230s] -- Up-to-date symlink: /home/x/CODE/Inverse_Arm/install/ur_description/share/ur_description/meshes/ur20/visual/wrist3.dae
[0.232s] -- Up-to-date symlink: /home/x/CODE/Inverse_Arm/install/ur_description/share/ur_description/meshes/ur3/collision/base.stl
[0.233s] -- Up-to-date symlink: /home/x/CODE/Inverse_Arm/install/ur_description/share/ur_description/meshes/ur3/collision/forearm.stl
[0.234s] -- Up-to-date symlink: /home/x/CODE/Inverse_Arm/install/ur_description/share/ur_description/meshes/ur3/collision/shoulder.stl
[0.235s] -- Up-to-date symlink: /home/x/CODE/Inverse_Arm/install/ur_description/share/ur_description/meshes/ur3/collision/upperarm.stl
[0.236s] -- Up-to-date symlink: /home/x/CODE/Inverse_Arm/install/ur_description/share/ur_description/meshes/ur3/collision/wrist1.stl
[0.236s] -- Up-to-date symlink: /home/x/CODE/Inverse_Arm/install/ur_description/share/ur_description/meshes/ur3/collision/wrist2.stl
[0.236s] -- Up-to-date symlink: /home/x/CODE/Inverse_Arm/install/ur_description/share/ur_description/meshes/ur3/collision/wrist3.stl
[0.238s] -- Up-to-date symlink: /home/x/CODE/Inverse_Arm/install/ur_description/share/ur_description/meshes/ur3/visual/base.dae
[0.239s] -- Up-to-date symlink: /home/x/CODE/Inverse_Arm/install/ur_description/share/ur_description/meshes/ur3/visual/forearm.dae
[0.240s] -- Up-to-date symlink: /home/x/CODE/Inverse_Arm/install/ur_description/share/ur_description/meshes/ur3/visual/shoulder.dae
[0.241s] -- Up-to-date symlink: /home/x/CODE/Inverse_Arm/install/ur_description/share/ur_description/meshes/ur3/visual/upperarm.dae
[0.241s] -- Up-to-date symlink: /home/x/CODE/Inverse_Arm/install/ur_description/share/ur_description/meshes/ur3/visual/wrist1.dae
[0.242s] -- Up-to-date symlink: /home/x/CODE/Inverse_Arm/install/ur_description/share/ur_description/meshes/ur3/visual/wrist2.dae
[0.242s] -- Up-to-date symlink: /home/x/CODE/Inverse_Arm/install/ur_description/share/ur_description/meshes/ur3/visual/wrist3.dae
[0.243s] -- Up-to-date symlink: /home/x/CODE/Inverse_Arm/install/ur_description/share/ur_description/meshes/ur30/LICENSE.txt
[0.246s] -- Up-to-date symlink: /home/x/CODE/Inverse_Arm/install/ur_description/share/ur_description/meshes/ur30/collision/forearm.stl
[0.249s] -- Up-to-date symlink: /home/x/CODE/Inverse_Arm/install/ur_description/share/ur_description/meshes/ur30/collision/upperarm.stl
[0.253s] -- Up-to-date symlink: /home/x/CODE/Inverse_Arm/install/ur_description/share/ur_description/meshes/ur30/visual/UR30_DIFF_8bit_2K.png
[0.260s] -- Up-to-date symlink: /home/x/CODE/Inverse_Arm/install/ur_description/share/ur_description/meshes/ur30/visual/forearm.dae
[0.277s] -- Up-to-date symlink: /home/x/CODE/Inverse_Arm/install/ur_description/share/ur_description/meshes/ur30/visual/upperarm.dae
[0.318s] -- Up-to-date symlink: /home/x/CODE/Inverse_Arm/install/ur_description/share/ur_description/meshes/ur3e/collision/base.stl
[0.319s] -- Up-to-date symlink: /home/x/CODE/Inverse_Arm/install/ur_description/share/ur_description/meshes/ur3e/collision/forearm.stl
[0.319s] -- Up-to-date symlink: /home/x/CODE/Inverse_Arm/install/ur_description/share/ur_description/meshes/ur3e/collision/shoulder.stl
[0.320s] -- Up-to-date symlink: /home/x/CODE/Inverse_Arm/install/ur_description/share/ur_description/meshes/ur3e/collision/upperarm.stl
[0.321s] -- Up-to-date symlink: /home/x/CODE/Inverse_Arm/install/ur_description/share/ur_description/meshes/ur3e/collision/wrist1.stl
[0.321s] -- Up-to-date symlink: /home/x/CODE/Inverse_Arm/install/ur_description/share/ur_description/meshes/ur3e/collision/wrist2.stl
[0.322s] -- Up-to-date symlink: /home/x/CODE/Inverse_Arm/install/ur_description/share/ur_description/meshes/ur3e/collision/wrist3.stl
[0.323s] -- Up-to-date symlink: /home/x/CODE/Inverse_Arm/install/ur_description/share/ur_description/meshes/ur3e/visual/base.dae
[0.323s] -- Up-to-date symlink: /home/x/CODE/Inverse_Arm/install/ur_description/share/ur_description/meshes/ur3e/visual/forearm.dae
[0.324s] -- Up-to-date symlink: /home/x/CODE/Inverse_Arm/install/ur_description/share/ur_description/meshes/ur3e/visual/shoulder.dae
[0.324s] -- Up-to-date symlink: /home/x/CODE/Inverse_Arm/install/ur_description/share/ur_description/meshes/ur3e/visual/upperarm.dae
[0.326s] -- Up-to-date symlink: /home/x/CODE/Inverse_Arm/install/ur_description/share/ur_description/meshes/ur3e/visual/wrist1.dae
[0.326s] -- Up-to-date symlink: /home/x/CODE/Inverse_Arm/install/ur_description/share/ur_description/meshes/ur3e/visual/wrist2.dae
[0.327s] -- Up-to-date symlink: /home/x/CODE/Inverse_Arm/install/ur_description/share/ur_description/meshes/ur3e/visual/wrist3.dae
[0.329s] -- Up-to-date symlink: /home/x/CODE/Inverse_Arm/install/ur_description/share/ur_description/meshes/ur5/collision/base.stl
[0.329s] -- Up-to-date symlink: /home/x/CODE/Inverse_Arm/install/ur_description/share/ur_description/meshes/ur5/collision/forearm.stl
[0.330s] -- Up-to-date symlink: /home/x/CODE/Inverse_Arm/install/ur_description/share/ur_description/meshes/ur5/collision/shoulder.stl
[0.330s] -- Up-to-date symlink: /home/x/CODE/Inverse_Arm/install/ur_description/share/ur_description/meshes/ur5/collision/upperarm.stl
[0.331s] -- Up-to-date symlink: /home/x/CODE/Inverse_Arm/install/ur_description/share/ur_description/meshes/ur5/collision/wrist1.stl
[0.331s] -- Up-to-date symlink: /home/x/CODE/Inverse_Arm/install/ur_description/share/ur_description/meshes/ur5/collision/wrist2.stl
[0.332s] -- Up-to-date symlink: /home/x/CODE/Inverse_Arm/install/ur_description/share/ur_description/meshes/ur5/collision/wrist3.stl
[0.332s] -- Up-to-date symlink: /home/x/CODE/Inverse_Arm/install/ur_description/share/ur_description/meshes/ur5/visual/base.dae
[0.333s] -- Up-to-date symlink: /home/x/CODE/Inverse_Arm/install/ur_description/share/ur_description/meshes/ur5/visual/forearm.dae
[0.333s] -- Up-to-date symlink: /home/x/CODE/Inverse_Arm/install/ur_description/share/ur_description/meshes/ur5/visual/shoulder.dae
[0.334s] -- Up-to-date symlink: /home/x/CODE/Inverse_Arm/install/ur_description/share/ur_description/meshes/ur5/visual/upperarm.dae
[0.334s] -- Up-to-date symlink: /home/x/CODE/Inverse_Arm/install/ur_description/share/ur_description/meshes/ur5/visual/wrist1.dae
[0.334s] -- Up-to-date symlink: /home/x/CODE/Inverse_Arm/install/ur_description/share/ur_description/meshes/ur5/visual/wrist2.dae
[0.335s] -- Up-to-date symlink: /home/x/CODE/Inverse_Arm/install/ur_description/share/ur_description/meshes/ur5/visual/wrist3.dae
[0.336s] -- Up-to-date symlink: /home/x/CODE/Inverse_Arm/install/ur_description/share/ur_description/meshes/ur5e/collision/base.stl
[0.336s] -- Up-to-date symlink: /home/x/CODE/Inverse_Arm/install/ur_description/share/ur_description/meshes/ur5e/collision/forearm.stl
[0.337s] -- Up-to-date symlink: /home/x/CODE/Inverse_Arm/install/ur_description/share/ur_description/meshes/ur5e/collision/shoulder.stl
[0.337s] -- Up-to-date symlink: /home/x/CODE/Inverse_Arm/install/ur_description/share/ur_description/meshes/ur5e/collision/upperarm.stl
[0.338s] -- Up-to-date symlink: /home/x/CODE/Inverse_Arm/install/ur_description/share/ur_description/meshes/ur5e/collision/wrist1.stl
[0.338s] -- Up-to-date symlink: /home/x/CODE/Inverse_Arm/install/ur_description/share/ur_description/meshes/ur5e/collision/wrist2.stl
[0.339s] -- Up-to-date symlink: /home/x/CODE/Inverse_Arm/install/ur_description/share/ur_description/meshes/ur5e/collision/wrist3.stl
[0.339s] -- Up-to-date symlink: /home/x/CODE/Inverse_Arm/install/ur_description/share/ur_description/meshes/ur5e/visual/base.dae
[0.340s] -- Up-to-date symlink: /home/x/CODE/Inverse_Arm/install/ur_description/share/ur_description/meshes/ur5e/visual/forearm.dae
[0.340s] -- Up-to-date symlink: /home/x/CODE/Inverse_Arm/install/ur_description/share/ur_description/meshes/ur5e/visual/shoulder.dae
[0.341s] -- Up-to-date symlink: /home/x/CODE/Inverse_Arm/install/ur_description/share/ur_description/meshes/ur5e/visual/upperarm.dae
[0.342s] -- Up-to-date symlink: /home/x/CODE/Inverse_Arm/install/ur_description/share/ur_description/meshes/ur5e/visual/wrist1.dae
[0.343s] -- Up-to-date symlink: /home/x/CODE/Inverse_Arm/install/ur_description/share/ur_description/meshes/ur5e/visual/wrist2.dae
[0.344s] -- Up-to-date symlink: /home/x/CODE/Inverse_Arm/install/ur_description/share/ur_description/meshes/ur5e/visual/wrist3.dae
[0.345s] -- Up-to-date symlink: /home/x/CODE/Inverse_Arm/install/ur_description/share/ur_description/rviz/view_robot.rviz
[0.346s] -- Up-to-date symlink: /home/x/CODE/Inverse_Arm/install/ur_description/share/ur_description/urdf/inc/ur_common.xacro
[0.347s] -- Up-to-date symlink: /home/x/CODE/Inverse_Arm/install/ur_description/share/ur_description/urdf/inc/ur_joint_control.xacro
[0.347s] -- Up-to-date symlink: /home/x/CODE/Inverse_Arm/install/ur_description/share/ur_description/urdf/inc/ur_sensors.xacro
[0.347s] -- Up-to-date symlink: /home/x/CODE/Inverse_Arm/install/ur_description/share/ur_description/urdf/inc/ur_transmissions.xacro
[0.348s] -- Up-to-date symlink: /home/x/CODE/Inverse_Arm/install/ur_description/share/ur_description/urdf/ros2_control_mock_hardware.xacro
[0.349s] -- Up-to-date symlink: /home/x/CODE/Inverse_Arm/install/ur_description/share/ur_description/urdf/ur.urdf.xacro
[0.349s] -- Up-to-date symlink: /home/x/CODE/Inverse_Arm/install/ur_description/share/ur_description/urdf/ur_macro.xacro
[0.349s] -- Up-to-date symlink: /home/x/CODE/Inverse_Arm/install/ur_description/share/ur_description/urdf/ur_mocked.urdf.xacro
[0.351s] -- Up-to-date symlink: /home/x/CODE/Inverse_Arm/install/ur_description/share/ur_description/test/test_ur_urdf_xacro.py
[0.351s] -- Up-to-date symlink: /home/x/CODE/Inverse_Arm/install/ur_description/share/ur_description/test/test_view_ur_launch.py
[0.352s] -- Up-to-date symlink: /home/x/CODE/Inverse_Arm/install/ur_description/share/ament_index/resource_index/package_run_dependencies/ur_description
[0.353s] -- Up-to-date symlink: /home/x/CODE/Inverse_Arm/install/ur_description/share/ament_index/resource_index/parent_prefix_path/ur_description
[0.353s] -- Up-to-date symlink: /home/x/CODE/Inverse_Arm/install/ur_description/share/ur_description/environment/ament_prefix_path.sh
[0.354s] -- Up-to-date symlink: /home/x/CODE/Inverse_Arm/install/ur_description/share/ur_description/environment/ament_prefix_path.dsv
[0.354s] -- Up-to-date symlink: /home/x/CODE/Inverse_Arm/install/ur_description/share/ur_description/environment/path.sh
[0.355s] -- Up-to-date symlink: /home/x/CODE/Inverse_Arm/install/ur_description/share/ur_description/environment/path.dsv
[0.355s] -- Up-to-date symlink: /home/x/CODE/Inverse_Arm/install/ur_description/share/ur_description/local_setup.bash
[0.356s] -- Up-to-date symlink: /home/x/CODE/Inverse_Arm/install/ur_description/share/ur_description/local_setup.sh
[0.357s] -- Up-to-date symlink: /home/x/CODE/Inverse_Arm/install/ur_description/share/ur_description/local_setup.zsh
[0.358s] -- Up-to-date symlink: /home/x/CODE/Inverse_Arm/install/ur_description/share/ur_description/local_setup.dsv
[0.358s] -- Symlinking: /home/x/CODE/Inverse_Arm/install/ur_description/share/ur_description/package.dsv
[0.370s] -- Up-to-date symlink: /home/x/CODE/Inverse_Arm/install/ur_description/share/ament_index/resource_index/packages/ur_description
[0.371s] -- Up-to-date symlink: /home/x/CODE/Inverse_Arm/install/ur_description/share/ur_description/cmake/ur_descriptionConfig.cmake
[0.372s] -- Up-to-date symlink: /home/x/CODE/Inverse_Arm/install/ur_description/share/ur_description/cmake/ur_descriptionConfig-version.cmake
[0.372s] -- Up-to-date symlink: /home/x/CODE/Inverse_Arm/install/ur_description/share/ur_description/package.xml
[0.375s] Invoked command in '/home/x/CODE/Inverse_Arm/build/ur_description' returned '0': CMAKE_PREFIX_PATH=/opt/ros/humble /usr/bin/cmake --install /home/x/CODE/Inverse_Arm/build/ur_description
