[0.105s] [34mcolcon[0m [1;30mDEBUG[0m [32mCommand line arguments: ['/usr/bin/colcon', 'build'][0m
[0.105s] [34mcolcon[0m [1;30mDEBUG[0m [32mParsed command line arguments: Namespace(log_base=None, log_level=None, verb_name='build', build_base='build', install_base='install', merge_install=False, symlink_install=False, test_result_base=None, continue_on_error=False, executor='parallel', parallel_workers=8, event_handlers=None, ignore_user_meta=False, metas=['./colcon.meta'], base_paths=['.'], packages_ignore=None, packages_ignore_regex=None, paths=None, packages_up_to=None, packages_up_to_regex=None, packages_above=None, packages_above_and_dependencies=None, packages_above_depth=None, packages_select_by_dep=None, packages_skip_by_dep=None, packages_skip_up_to=None, packages_select_build_failed=False, packages_skip_build_finished=False, packages_select_test_failures=False, packages_skip_test_passed=False, packages_select=None, packages_skip=None, packages_select_regex=None, packages_skip_regex=None, packages_start=None, packages_end=None, allow_overriding=[], cmake_args=None, cmake_target=None, cmake_target_skip_unavailable=False, cmake_clean_cache=False, cmake_clean_first=False, cmake_force_configure=False, ament_cmake_args=None, catkin_cmake_args=None, catkin_skip_building_tests=False, mixin_files=None, mixin=None, verb_parser=<colcon_mixin.mixin.mixin_argument.MixinArgumentDecorator object at 0x7c9b286aceb0>, verb_extension=<colcon_core.verb.build.BuildVerb object at 0x7c9b28832620>, main=<bound method BuildVerb.main of <colcon_core.verb.build.BuildVerb object at 0x7c9b28832620>>, mixin_verb=('build',))[0m
[0.239s] [34mcolcon.colcon_core.package_discovery[0m [1;30mLevel 1[0m discover_packages(colcon_meta) check parameters
[0.240s] [34mcolcon.colcon_core.package_discovery[0m [1;30mLevel 1[0m discover_packages(recursive) check parameters
[0.240s] [34mcolcon.colcon_core.package_discovery[0m [1;30mLevel 1[0m discover_packages(ignore) check parameters
[0.240s] [34mcolcon.colcon_core.package_discovery[0m [1;30mLevel 1[0m discover_packages(path) check parameters
[0.240s] [34mcolcon.colcon_core.package_discovery[0m [1;30mLevel 1[0m discover_packages(colcon_meta) discover
[0.240s] [34mcolcon.colcon_core.package_discovery[0m [1;30mLevel 1[0m discover_packages(recursive) discover
[0.240s] [34mcolcon.colcon_core.package_discovery[0m [1;30mINFO[0m Crawling recursively for packages in '/home/x/CODE/Inverse_Arm'
[0.240s] [34mcolcon.colcon_core.package_identification[0m [1;30mLevel 1[0m _identify(.) by extensions ['ignore', 'ignore_ament_install']
[0.240s] [34mcolcon.colcon_core.package_identification[0m [1;30mLevel 1[0m _identify(.) by extension 'ignore'
[0.240s] [34mcolcon.colcon_core.package_identification[0m [1;30mLevel 1[0m _identify(.) by extension 'ignore_ament_install'
[0.240s] [34mcolcon.colcon_core.package_identification[0m [1;30mLevel 1[0m _identify(.) by extensions ['colcon_pkg']
[0.240s] [34mcolcon.colcon_core.package_identification[0m [1;30mLevel 1[0m _identify(.) by extension 'colcon_pkg'
[0.240s] [34mcolcon.colcon_core.package_identification[0m [1;30mLevel 1[0m _identify(.) by extensions ['colcon_meta']
[0.240s] [34mcolcon.colcon_core.package_identification[0m [1;30mLevel 1[0m _identify(.) by extension 'colcon_meta'
[0.240s] [34mcolcon.colcon_core.package_identification[0m [1;30mLevel 1[0m _identify(.) by extensions ['ros']
[0.240s] [34mcolcon.colcon_core.package_identification[0m [1;30mLevel 1[0m _identify(.) by extension 'ros'
[0.258s] [34mcolcon.colcon_core.package_identification[0m [1;30mLevel 1[0m _identify(.) by extensions ['cmake', 'python']
[0.258s] [34mcolcon.colcon_core.package_identification[0m [1;30mLevel 1[0m _identify(.) by extension 'cmake'
[0.258s] [34mcolcon.colcon_core.package_identification[0m [1;30mLevel 1[0m _identify(.) by extension 'python'
[0.258s] [34mcolcon.colcon_core.package_identification[0m [1;30mLevel 1[0m _identify(.) by extensions ['python_setup_py']
[0.258s] [34mcolcon.colcon_core.package_identification[0m [1;30mLevel 1[0m _identify(.) by extension 'python_setup_py'
[0.258s] [34mcolcon.colcon_core.package_identification[0m [1;30mLevel 1[0m _identify(build) by extensions ['ignore', 'ignore_ament_install']
[0.258s] [34mcolcon.colcon_core.package_identification[0m [1;30mLevel 1[0m _identify(build) by extension 'ignore'
[0.258s] [34mcolcon.colcon_core.package_identification[0m [1;30mLevel 1[0m _identify(build) ignored
[0.259s] [34mcolcon.colcon_core.package_identification[0m [1;30mLevel 1[0m _identify(install) by extensions ['ignore', 'ignore_ament_install']
[0.259s] [34mcolcon.colcon_core.package_identification[0m [1;30mLevel 1[0m _identify(install) by extension 'ignore'
[0.259s] [34mcolcon.colcon_core.package_identification[0m [1;30mLevel 1[0m _identify(install) ignored
[0.259s] [34mcolcon.colcon_core.package_identification[0m [1;30mLevel 1[0m _identify(log) by extensions ['ignore', 'ignore_ament_install']
[0.259s] [34mcolcon.colcon_core.package_identification[0m [1;30mLevel 1[0m _identify(log) by extension 'ignore'
[0.259s] [34mcolcon.colcon_core.package_identification[0m [1;30mLevel 1[0m _identify(log) ignored
[0.259s] [34mcolcon.colcon_core.package_identification[0m [1;30mLevel 1[0m _identify(src) by extensions ['ignore', 'ignore_ament_install']
[0.259s] [34mcolcon.colcon_core.package_identification[0m [1;30mLevel 1[0m _identify(src) by extension 'ignore'
[0.259s] [34mcolcon.colcon_core.package_identification[0m [1;30mLevel 1[0m _identify(src) by extension 'ignore_ament_install'
[0.259s] [34mcolcon.colcon_core.package_identification[0m [1;30mLevel 1[0m _identify(src) by extensions ['colcon_pkg']
[0.259s] [34mcolcon.colcon_core.package_identification[0m [1;30mLevel 1[0m _identify(src) by extension 'colcon_pkg'
[0.259s] [34mcolcon.colcon_core.package_identification[0m [1;30mLevel 1[0m _identify(src) by extensions ['colcon_meta']
[0.259s] [34mcolcon.colcon_core.package_identification[0m [1;30mLevel 1[0m _identify(src) by extension 'colcon_meta'
[0.259s] [34mcolcon.colcon_core.package_identification[0m [1;30mLevel 1[0m _identify(src) by extensions ['ros']
[0.259s] [34mcolcon.colcon_core.package_identification[0m [1;30mLevel 1[0m _identify(src) by extension 'ros'
[0.259s] [34mcolcon.colcon_core.package_identification[0m [1;30mLevel 1[0m _identify(src) by extensions ['cmake', 'python']
[0.259s] [34mcolcon.colcon_core.package_identification[0m [1;30mLevel 1[0m _identify(src) by extension 'cmake'
[0.259s] [34mcolcon.colcon_core.package_identification[0m [1;30mLevel 1[0m _identify(src) by extension 'python'
[0.259s] [34mcolcon.colcon_core.package_identification[0m [1;30mLevel 1[0m _identify(src) by extensions ['python_setup_py']
[0.259s] [34mcolcon.colcon_core.package_identification[0m [1;30mLevel 1[0m _identify(src) by extension 'python_setup_py'
[0.259s] [34mcolcon.colcon_core.package_identification[0m [1;30mLevel 1[0m _identify(src/Universal_Robots_ROS2_Description) by extensions ['ignore', 'ignore_ament_install']
[0.259s] [34mcolcon.colcon_core.package_identification[0m [1;30mLevel 1[0m _identify(src/Universal_Robots_ROS2_Description) by extension 'ignore'
[0.259s] [34mcolcon.colcon_core.package_identification[0m [1;30mLevel 1[0m _identify(src/Universal_Robots_ROS2_Description) by extension 'ignore_ament_install'
[0.259s] [34mcolcon.colcon_core.package_identification[0m [1;30mLevel 1[0m _identify(src/Universal_Robots_ROS2_Description) by extensions ['colcon_pkg']
[0.259s] [34mcolcon.colcon_core.package_identification[0m [1;30mLevel 1[0m _identify(src/Universal_Robots_ROS2_Description) by extension 'colcon_pkg'
[0.259s] [34mcolcon.colcon_core.package_identification[0m [1;30mLevel 1[0m _identify(src/Universal_Robots_ROS2_Description) by extensions ['colcon_meta']
[0.259s] [34mcolcon.colcon_core.package_identification[0m [1;30mLevel 1[0m _identify(src/Universal_Robots_ROS2_Description) by extension 'colcon_meta'
[0.259s] [34mcolcon.colcon_core.package_identification[0m [1;30mLevel 1[0m _identify(src/Universal_Robots_ROS2_Description) by extensions ['ros']
[0.260s] [34mcolcon.colcon_core.package_identification[0m [1;30mLevel 1[0m _identify(src/Universal_Robots_ROS2_Description) by extension 'ros'
[0.262s] [34mcolcon.colcon_core.package_identification[0m [1;30mDEBUG[0m [32mPackage 'src/Universal_Robots_ROS2_Description' with type 'ros.ament_cmake' and name 'ur_description'[0m
[0.262s] [34mcolcon.colcon_core.package_identification[0m [1;30mLevel 1[0m _identify(src/inverse_arm) by extensions ['ignore', 'ignore_ament_install']
[0.262s] [34mcolcon.colcon_core.package_identification[0m [1;30mLevel 1[0m _identify(src/inverse_arm) by extension 'ignore'
[0.262s] [34mcolcon.colcon_core.package_identification[0m [1;30mLevel 1[0m _identify(src/inverse_arm) by extension 'ignore_ament_install'
[0.262s] [34mcolcon.colcon_core.package_identification[0m [1;30mLevel 1[0m _identify(src/inverse_arm) by extensions ['colcon_pkg']
[0.262s] [34mcolcon.colcon_core.package_identification[0m [1;30mLevel 1[0m _identify(src/inverse_arm) by extension 'colcon_pkg'
[0.262s] [34mcolcon.colcon_core.package_identification[0m [1;30mLevel 1[0m _identify(src/inverse_arm) by extensions ['colcon_meta']
[0.262s] [34mcolcon.colcon_core.package_identification[0m [1;30mLevel 1[0m _identify(src/inverse_arm) by extension 'colcon_meta'
[0.262s] [34mcolcon.colcon_core.package_identification[0m [1;30mLevel 1[0m _identify(src/inverse_arm) by extensions ['ros']
[0.262s] [34mcolcon.colcon_core.package_identification[0m [1;30mLevel 1[0m _identify(src/inverse_arm) by extension 'ros'
[0.262s] [34mcolcon.colcon_core.package_identification[0m [1;30mDEBUG[0m [32mPackage 'src/inverse_arm' with type 'ros.ament_cmake' and name 'inverse_arm'[0m
[0.262s] [34mcolcon.colcon_core.package_discovery[0m [1;30mLevel 1[0m discover_packages(recursive) using defaults
[0.263s] [34mcolcon.colcon_core.package_discovery[0m [1;30mLevel 1[0m discover_packages(ignore) discover
[0.263s] [34mcolcon.colcon_core.package_discovery[0m [1;30mLevel 1[0m discover_packages(ignore) using defaults
[0.263s] [34mcolcon.colcon_core.package_discovery[0m [1;30mLevel 1[0m discover_packages(path) discover
[0.263s] [34mcolcon.colcon_core.package_discovery[0m [1;30mLevel 1[0m discover_packages(path) using defaults
[0.275s] [34mcolcon.colcon_core.package_discovery[0m [1;30mLevel 1[0m discover_packages(prefix_path) check parameters
[0.275s] [34mcolcon.colcon_core.package_discovery[0m [1;30mLevel 1[0m discover_packages(prefix_path) discover
[0.277s] [34mcolcon.colcon_installed_package_information.package_discovery[0m [1;30mDEBUG[0m [32mFound 425 installed packages in /opt/ros/humble[0m
[0.279s] [34mcolcon.colcon_core.package_discovery[0m [1;30mLevel 1[0m discover_packages(prefix_path) using defaults
[0.316s] [34mcolcon.colcon_core.verb[0m [1;30mLevel 5[0m set package 'inverse_arm' build argument 'cmake_args' from command line to 'None'
[0.316s] [34mcolcon.colcon_core.verb[0m [1;30mLevel 5[0m set package 'inverse_arm' build argument 'cmake_target' from command line to 'None'
[0.316s] [34mcolcon.colcon_core.verb[0m [1;30mLevel 5[0m set package 'inverse_arm' build argument 'cmake_target_skip_unavailable' from command line to 'False'
[0.316s] [34mcolcon.colcon_core.verb[0m [1;30mLevel 5[0m set package 'inverse_arm' build argument 'cmake_clean_cache' from command line to 'False'
[0.316s] [34mcolcon.colcon_core.verb[0m [1;30mLevel 5[0m set package 'inverse_arm' build argument 'cmake_clean_first' from command line to 'False'
[0.316s] [34mcolcon.colcon_core.verb[0m [1;30mLevel 5[0m set package 'inverse_arm' build argument 'cmake_force_configure' from command line to 'False'
[0.316s] [34mcolcon.colcon_core.verb[0m [1;30mLevel 5[0m set package 'inverse_arm' build argument 'ament_cmake_args' from command line to 'None'
[0.316s] [34mcolcon.colcon_core.verb[0m [1;30mLevel 5[0m set package 'inverse_arm' build argument 'catkin_cmake_args' from command line to 'None'
[0.316s] [34mcolcon.colcon_core.verb[0m [1;30mLevel 5[0m set package 'inverse_arm' build argument 'catkin_skip_building_tests' from command line to 'False'
[0.316s] [34mcolcon.colcon_core.verb[0m [1;30mDEBUG[0m [32mBuilding package 'inverse_arm' with the following arguments: {'ament_cmake_args': None, 'build_base': '/home/x/CODE/Inverse_Arm/build/inverse_arm', 'catkin_cmake_args': None, 'catkin_skip_building_tests': False, 'cmake_args': None, 'cmake_clean_cache': False, 'cmake_clean_first': False, 'cmake_force_configure': False, 'cmake_target': None, 'cmake_target_skip_unavailable': False, 'install_base': '/home/x/CODE/Inverse_Arm/install/inverse_arm', 'merge_install': False, 'path': '/home/x/CODE/Inverse_Arm/src/inverse_arm', 'symlink_install': False, 'test_result_base': None}[0m
[0.317s] [34mcolcon.colcon_core.verb[0m [1;30mLevel 5[0m set package 'ur_description' build argument 'cmake_args' from command line to 'None'
[0.317s] [34mcolcon.colcon_core.verb[0m [1;30mLevel 5[0m set package 'ur_description' build argument 'cmake_target' from command line to 'None'
[0.317s] [34mcolcon.colcon_core.verb[0m [1;30mLevel 5[0m set package 'ur_description' build argument 'cmake_target_skip_unavailable' from command line to 'False'
[0.317s] [34mcolcon.colcon_core.verb[0m [1;30mLevel 5[0m set package 'ur_description' build argument 'cmake_clean_cache' from command line to 'False'
[0.317s] [34mcolcon.colcon_core.verb[0m [1;30mLevel 5[0m set package 'ur_description' build argument 'cmake_clean_first' from command line to 'False'
[0.317s] [34mcolcon.colcon_core.verb[0m [1;30mLevel 5[0m set package 'ur_description' build argument 'cmake_force_configure' from command line to 'False'
[0.317s] [34mcolcon.colcon_core.verb[0m [1;30mLevel 5[0m set package 'ur_description' build argument 'ament_cmake_args' from command line to 'None'
[0.317s] [34mcolcon.colcon_core.verb[0m [1;30mLevel 5[0m set package 'ur_description' build argument 'catkin_cmake_args' from command line to 'None'
[0.317s] [34mcolcon.colcon_core.verb[0m [1;30mLevel 5[0m set package 'ur_description' build argument 'catkin_skip_building_tests' from command line to 'False'
[0.317s] [34mcolcon.colcon_core.verb[0m [1;30mDEBUG[0m [32mBuilding package 'ur_description' with the following arguments: {'ament_cmake_args': None, 'build_base': '/home/x/CODE/Inverse_Arm/build/ur_description', 'catkin_cmake_args': None, 'catkin_skip_building_tests': False, 'cmake_args': None, 'cmake_clean_cache': False, 'cmake_clean_first': False, 'cmake_force_configure': False, 'cmake_target': None, 'cmake_target_skip_unavailable': False, 'install_base': '/home/x/CODE/Inverse_Arm/install/ur_description', 'merge_install': False, 'path': '/home/x/CODE/Inverse_Arm/src/Universal_Robots_ROS2_Description', 'symlink_install': False, 'test_result_base': None}[0m
[0.317s] [34mcolcon.colcon_core.executor[0m [1;30mINFO[0m Executing jobs using 'parallel' executor
[0.318s] [34mcolcon.colcon_parallel_executor.executor.parallel[0m [1;30mDEBUG[0m [32mrun_until_complete[0m
[0.318s] [34mcolcon.colcon_ros.task.ament_cmake.build[0m [1;30mINFO[0m Building ROS package in '/home/x/CODE/Inverse_Arm/src/inverse_arm' with build type 'ament_cmake'
[0.318s] [34mcolcon.colcon_cmake.task.cmake.build[0m [1;30mINFO[0m Building CMake package in '/home/x/CODE/Inverse_Arm/src/inverse_arm'
[0.320s] [34mcolcon.colcon_core.plugin_system[0m [1;30mINFO[0m Skipping extension 'colcon_core.shell.bat': Not used on non-Windows systems
[0.320s] [34mcolcon.colcon_core.shell[0m [1;30mINFO[0m Skip shell extension 'powershell' for command environment: Not usable outside of PowerShell
[0.320s] [34mcolcon.colcon_core.shell[0m [1;30mDEBUG[0m [32mSkip shell extension 'dsv' for command environment[0m
[0.324s] [34mcolcon.colcon_ros.task.ament_cmake.build[0m [1;30mINFO[0m Building ROS package in '/home/x/CODE/Inverse_Arm/src/Universal_Robots_ROS2_Description' with build type 'ament_cmake'
[0.325s] [34mcolcon.colcon_cmake.task.cmake.build[0m [1;30mINFO[0m Building CMake package in '/home/x/CODE/Inverse_Arm/src/Universal_Robots_ROS2_Description'
[0.325s] [34mcolcon.colcon_core.shell[0m [1;30mINFO[0m Skip shell extension 'powershell' for command environment: Not usable outside of PowerShell
[0.325s] [34mcolcon.colcon_core.shell[0m [1;30mDEBUG[0m [32mSkip shell extension 'dsv' for command environment[0m
[0.339s] [34mcolcon.colcon_core.event_handler.log_command[0m [1;30mDEBUG[0m [32mInvoking command in '/home/x/CODE/Inverse_Arm/build/inverse_arm': CMAKE_PREFIX_PATH=/opt/ros/humble CONDA_PROMPT_MODIFIER=(base) /usr/bin/cmake --build /home/x/CODE/Inverse_Arm/build/inverse_arm -- -j8 -l8[0m
[0.340s] [34mcolcon.colcon_core.event_handler.log_command[0m [1;30mDEBUG[0m [32mInvoking command in '/home/x/CODE/Inverse_Arm/build/ur_description': CMAKE_PREFIX_PATH=/opt/ros/humble CONDA_PROMPT_MODIFIER=(base) /usr/bin/cmake --build /home/x/CODE/Inverse_Arm/build/ur_description -- -j8 -l8[0m
[0.387s] [34mcolcon.colcon_core.event_handler.log_command[0m [1;30mDEBUG[0m [32mInvoked command in '/home/x/CODE/Inverse_Arm/build/inverse_arm' returned '0': CMAKE_PREFIX_PATH=/opt/ros/humble CONDA_PROMPT_MODIFIER=(base) /usr/bin/cmake --build /home/x/CODE/Inverse_Arm/build/inverse_arm -- -j8 -l8[0m
[0.404s] [34mcolcon.colcon_core.event_handler.log_command[0m [1;30mDEBUG[0m [32mInvoking command in '/home/x/CODE/Inverse_Arm/build/inverse_arm': CMAKE_PREFIX_PATH=/opt/ros/humble CONDA_PROMPT_MODIFIER=(base) /usr/bin/cmake --install /home/x/CODE/Inverse_Arm/build/inverse_arm[0m
[0.410s] [34mcolcon.colcon_core.event_handler.log_command[0m [1;30mDEBUG[0m [32mInvoked command in '/home/x/CODE/Inverse_Arm/build/ur_description' returned '0': CMAKE_PREFIX_PATH=/opt/ros/humble CONDA_PROMPT_MODIFIER=(base) /usr/bin/cmake --build /home/x/CODE/Inverse_Arm/build/ur_description -- -j8 -l8[0m
[0.411s] [34mcolcon.colcon_core.event_handler.log_command[0m [1;30mDEBUG[0m [32mInvoking command in '/home/x/CODE/Inverse_Arm/build/ur_description': CMAKE_PREFIX_PATH=/opt/ros/humble CONDA_PROMPT_MODIFIER=(base) /usr/bin/cmake --install /home/x/CODE/Inverse_Arm/build/ur_description[0m
[0.418s] [34mcolcon.colcon_core.environment[0m [1;30mLevel 1[0m create_environment_scripts_only(inverse_arm)
[0.419s] [34mcolcon.colcon_core.event_handler.log_command[0m [1;30mDEBUG[0m [32mInvoked command in '/home/x/CODE/Inverse_Arm/build/inverse_arm' returned '0': CMAKE_PREFIX_PATH=/opt/ros/humble CONDA_PROMPT_MODIFIER=(base) /usr/bin/cmake --install /home/x/CODE/Inverse_Arm/build/inverse_arm[0m
[0.427s] [34mcolcon.colcon_core.environment[0m [1;30mLevel 1[0m checking '/home/x/CODE/Inverse_Arm/install/inverse_arm' for CMake module files
[0.436s] [34mcolcon.colcon_core.environment[0m [1;30mLevel 1[0m checking '/home/x/CODE/Inverse_Arm/install/inverse_arm' for CMake config files
[0.436s] [34mcolcon.colcon_core.shell[0m [1;30mLevel 1[0m create_environment_hook('inverse_arm', 'cmake_prefix_path')
[0.436s] [34mcolcon.colcon_core.shell[0m [1;30mINFO[0m Creating environment hook '/home/x/CODE/Inverse_Arm/install/inverse_arm/share/inverse_arm/hook/cmake_prefix_path.ps1'
[0.437s] [34mcolcon.colcon_core.shell[0m [1;30mINFO[0m Creating environment descriptor '/home/x/CODE/Inverse_Arm/install/inverse_arm/share/inverse_arm/hook/cmake_prefix_path.dsv'
[0.440s] [34mcolcon.colcon_core.shell[0m [1;30mINFO[0m Creating environment hook '/home/x/CODE/Inverse_Arm/install/inverse_arm/share/inverse_arm/hook/cmake_prefix_path.sh'
[0.441s] [34mcolcon.colcon_core.environment[0m [1;30mLevel 1[0m checking '/home/x/CODE/Inverse_Arm/install/inverse_arm/bin'
[0.442s] [34mcolcon.colcon_core.environment[0m [1;30mLevel 1[0m checking '/home/x/CODE/Inverse_Arm/install/inverse_arm/lib/pkgconfig/inverse_arm.pc'
[0.442s] [34mcolcon.colcon_core.environment[0m [1;30mLevel 1[0m checking '/home/x/CODE/Inverse_Arm/install/inverse_arm/lib/python3.10/site-packages'
[0.442s] [34mcolcon.colcon_core.environment[0m [1;30mLevel 1[0m checking '/home/x/CODE/Inverse_Arm/install/inverse_arm/bin'
[0.442s] [34mcolcon.colcon_core.shell[0m [1;30mINFO[0m Creating package script '/home/x/CODE/Inverse_Arm/install/inverse_arm/share/inverse_arm/package.ps1'
[0.443s] [34mcolcon.colcon_core.shell[0m [1;30mINFO[0m Creating package descriptor '/home/x/CODE/Inverse_Arm/install/inverse_arm/share/inverse_arm/package.dsv'
[0.451s] [34mcolcon.colcon_core.shell[0m [1;30mINFO[0m Creating package script '/home/x/CODE/Inverse_Arm/install/inverse_arm/share/inverse_arm/package.sh'
[0.453s] [34mcolcon.colcon_core.shell[0m [1;30mINFO[0m Creating package script '/home/x/CODE/Inverse_Arm/install/inverse_arm/share/inverse_arm/package.bash'
[0.459s] [34mcolcon.colcon_core.shell[0m [1;30mINFO[0m Creating package script '/home/x/CODE/Inverse_Arm/install/inverse_arm/share/inverse_arm/package.zsh'
[0.463s] [34mcolcon.colcon_core.environment[0m [1;30mLevel 1[0m create_file_with_runtime_dependencies(/home/x/CODE/Inverse_Arm/install/inverse_arm/share/colcon-core/packages/inverse_arm)
[0.465s] [34mcolcon.colcon_core.environment[0m [1;30mLevel 1[0m create_environment_scripts_only(inverse_arm)
[0.466s] [34mcolcon.colcon_core.environment[0m [1;30mLevel 1[0m checking '/home/x/CODE/Inverse_Arm/install/inverse_arm' for CMake module files
[0.466s] [34mcolcon.colcon_core.environment[0m [1;30mLevel 1[0m checking '/home/x/CODE/Inverse_Arm/install/inverse_arm' for CMake config files
[0.466s] [34mcolcon.colcon_core.shell[0m [1;30mLevel 1[0m create_environment_hook('inverse_arm', 'cmake_prefix_path')
[0.467s] [34mcolcon.colcon_core.shell[0m [1;30mINFO[0m Creating environment hook '/home/x/CODE/Inverse_Arm/install/inverse_arm/share/inverse_arm/hook/cmake_prefix_path.ps1'
[0.467s] [34mcolcon.colcon_core.shell[0m [1;30mINFO[0m Creating environment descriptor '/home/x/CODE/Inverse_Arm/install/inverse_arm/share/inverse_arm/hook/cmake_prefix_path.dsv'
[0.468s] [34mcolcon.colcon_core.shell[0m [1;30mINFO[0m Creating environment hook '/home/x/CODE/Inverse_Arm/install/inverse_arm/share/inverse_arm/hook/cmake_prefix_path.sh'
[0.469s] [34mcolcon.colcon_core.environment[0m [1;30mLevel 1[0m checking '/home/x/CODE/Inverse_Arm/install/inverse_arm/bin'
[0.469s] [34mcolcon.colcon_core.environment[0m [1;30mLevel 1[0m checking '/home/x/CODE/Inverse_Arm/install/inverse_arm/lib/pkgconfig/inverse_arm.pc'
[0.469s] [34mcolcon.colcon_core.environment[0m [1;30mLevel 1[0m checking '/home/x/CODE/Inverse_Arm/install/inverse_arm/lib/python3.10/site-packages'
[0.470s] [34mcolcon.colcon_core.environment[0m [1;30mLevel 1[0m checking '/home/x/CODE/Inverse_Arm/install/inverse_arm/bin'
[0.470s] [34mcolcon.colcon_core.shell[0m [1;30mINFO[0m Creating package script '/home/x/CODE/Inverse_Arm/install/inverse_arm/share/inverse_arm/package.ps1'
[0.470s] [34mcolcon.colcon_core.shell[0m [1;30mINFO[0m Creating package descriptor '/home/x/CODE/Inverse_Arm/install/inverse_arm/share/inverse_arm/package.dsv'
[0.471s] [34mcolcon.colcon_core.shell[0m [1;30mINFO[0m Creating package script '/home/x/CODE/Inverse_Arm/install/inverse_arm/share/inverse_arm/package.sh'
[0.472s] [34mcolcon.colcon_core.shell[0m [1;30mINFO[0m Creating package script '/home/x/CODE/Inverse_Arm/install/inverse_arm/share/inverse_arm/package.bash'
[0.472s] [34mcolcon.colcon_core.shell[0m [1;30mINFO[0m Creating package script '/home/x/CODE/Inverse_Arm/install/inverse_arm/share/inverse_arm/package.zsh'
[0.473s] [34mcolcon.colcon_core.environment[0m [1;30mLevel 1[0m create_file_with_runtime_dependencies(/home/x/CODE/Inverse_Arm/install/inverse_arm/share/colcon-core/packages/inverse_arm)
[0.478s] [34mcolcon.colcon_core.environment[0m [1;30mLevel 1[0m create_environment_scripts_only(ur_description)
[0.479s] [34mcolcon.colcon_core.environment[0m [1;30mLevel 1[0m checking '/home/x/CODE/Inverse_Arm/install/ur_description' for CMake module files
[0.479s] [34mcolcon.colcon_core.environment[0m [1;30mLevel 1[0m checking '/home/x/CODE/Inverse_Arm/install/ur_description' for CMake config files
[0.480s] [34mcolcon.colcon_core.event_handler.log_command[0m [1;30mDEBUG[0m [32mInvoked command in '/home/x/CODE/Inverse_Arm/build/ur_description' returned '0': CMAKE_PREFIX_PATH=/opt/ros/humble CONDA_PROMPT_MODIFIER=(base) /usr/bin/cmake --install /home/x/CODE/Inverse_Arm/build/ur_description[0m
[0.482s] [34mcolcon.colcon_core.shell[0m [1;30mLevel 1[0m create_environment_hook('ur_description', 'cmake_prefix_path')
[0.483s] [34mcolcon.colcon_core.shell[0m [1;30mINFO[0m Creating environment hook '/home/x/CODE/Inverse_Arm/install/ur_description/share/ur_description/hook/cmake_prefix_path.ps1'
[0.484s] [34mcolcon.colcon_core.shell[0m [1;30mINFO[0m Creating environment descriptor '/home/x/CODE/Inverse_Arm/install/ur_description/share/ur_description/hook/cmake_prefix_path.dsv'
[0.484s] [34mcolcon.colcon_core.shell[0m [1;30mINFO[0m Creating environment hook '/home/x/CODE/Inverse_Arm/install/ur_description/share/ur_description/hook/cmake_prefix_path.sh'
[0.485s] [34mcolcon.colcon_core.environment[0m [1;30mLevel 1[0m checking '/home/x/CODE/Inverse_Arm/install/ur_description/bin'
[0.486s] [34mcolcon.colcon_core.environment[0m [1;30mLevel 1[0m checking '/home/x/CODE/Inverse_Arm/install/ur_description/lib/pkgconfig/ur_description.pc'
[0.486s] [34mcolcon.colcon_core.environment[0m [1;30mLevel 1[0m checking '/home/x/CODE/Inverse_Arm/install/ur_description/lib/python3.10/site-packages'
[0.486s] [34mcolcon.colcon_core.environment[0m [1;30mLevel 1[0m checking '/home/x/CODE/Inverse_Arm/install/ur_description/bin'
[0.486s] [34mcolcon.colcon_core.shell[0m [1;30mINFO[0m Creating package script '/home/x/CODE/Inverse_Arm/install/ur_description/share/ur_description/package.ps1'
[0.487s] [34mcolcon.colcon_core.shell[0m [1;30mINFO[0m Creating package descriptor '/home/x/CODE/Inverse_Arm/install/ur_description/share/ur_description/package.dsv'
[0.488s] [34mcolcon.colcon_core.shell[0m [1;30mINFO[0m Creating package script '/home/x/CODE/Inverse_Arm/install/ur_description/share/ur_description/package.sh'
[0.489s] [34mcolcon.colcon_core.shell[0m [1;30mINFO[0m Creating package script '/home/x/CODE/Inverse_Arm/install/ur_description/share/ur_description/package.bash'
[0.489s] [34mcolcon.colcon_core.shell[0m [1;30mINFO[0m Creating package script '/home/x/CODE/Inverse_Arm/install/ur_description/share/ur_description/package.zsh'
[0.490s] [34mcolcon.colcon_core.environment[0m [1;30mLevel 1[0m create_file_with_runtime_dependencies(/home/x/CODE/Inverse_Arm/install/ur_description/share/colcon-core/packages/ur_description)
[0.491s] [34mcolcon.colcon_core.environment[0m [1;30mLevel 1[0m create_environment_scripts_only(ur_description)
[0.491s] [34mcolcon.colcon_core.environment[0m [1;30mLevel 1[0m checking '/home/x/CODE/Inverse_Arm/install/ur_description' for CMake module files
[0.492s] [34mcolcon.colcon_core.environment[0m [1;30mLevel 1[0m checking '/home/x/CODE/Inverse_Arm/install/ur_description' for CMake config files
[0.494s] [34mcolcon.colcon_core.shell[0m [1;30mLevel 1[0m create_environment_hook('ur_description', 'cmake_prefix_path')
[0.495s] [34mcolcon.colcon_core.shell[0m [1;30mINFO[0m Creating environment hook '/home/x/CODE/Inverse_Arm/install/ur_description/share/ur_description/hook/cmake_prefix_path.ps1'
[0.495s] [34mcolcon.colcon_core.shell[0m [1;30mINFO[0m Creating environment descriptor '/home/x/CODE/Inverse_Arm/install/ur_description/share/ur_description/hook/cmake_prefix_path.dsv'
[0.496s] [34mcolcon.colcon_core.shell[0m [1;30mINFO[0m Creating environment hook '/home/x/CODE/Inverse_Arm/install/ur_description/share/ur_description/hook/cmake_prefix_path.sh'
[0.497s] [34mcolcon.colcon_core.environment[0m [1;30mLevel 1[0m checking '/home/x/CODE/Inverse_Arm/install/ur_description/bin'
[0.497s] [34mcolcon.colcon_core.environment[0m [1;30mLevel 1[0m checking '/home/x/CODE/Inverse_Arm/install/ur_description/lib/pkgconfig/ur_description.pc'
[0.497s] [34mcolcon.colcon_core.environment[0m [1;30mLevel 1[0m checking '/home/x/CODE/Inverse_Arm/install/ur_description/lib/python3.10/site-packages'
[0.497s] [34mcolcon.colcon_core.environment[0m [1;30mLevel 1[0m checking '/home/x/CODE/Inverse_Arm/install/ur_description/bin'
[0.498s] [34mcolcon.colcon_core.shell[0m [1;30mINFO[0m Creating package script '/home/x/CODE/Inverse_Arm/install/ur_description/share/ur_description/package.ps1'
[0.498s] [34mcolcon.colcon_core.shell[0m [1;30mINFO[0m Creating package descriptor '/home/x/CODE/Inverse_Arm/install/ur_description/share/ur_description/package.dsv'
[0.499s] [34mcolcon.colcon_core.shell[0m [1;30mINFO[0m Creating package script '/home/x/CODE/Inverse_Arm/install/ur_description/share/ur_description/package.sh'
[0.500s] [34mcolcon.colcon_core.shell[0m [1;30mINFO[0m Creating package script '/home/x/CODE/Inverse_Arm/install/ur_description/share/ur_description/package.bash'
[0.501s] [34mcolcon.colcon_core.shell[0m [1;30mINFO[0m Creating package script '/home/x/CODE/Inverse_Arm/install/ur_description/share/ur_description/package.zsh'
[0.502s] [34mcolcon.colcon_core.environment[0m [1;30mLevel 1[0m create_file_with_runtime_dependencies(/home/x/CODE/Inverse_Arm/install/ur_description/share/colcon-core/packages/ur_description)
[0.502s] [34mcolcon.colcon_parallel_executor.executor.parallel[0m [1;30mDEBUG[0m [32mclosing loop[0m
[0.503s] [34mcolcon.colcon_parallel_executor.executor.parallel[0m [1;30mDEBUG[0m [32mloop closed[0m
[0.503s] [34mcolcon.colcon_parallel_executor.executor.parallel[0m [1;30mDEBUG[0m [32mrun_until_complete finished with '0'[0m
[0.504s] [34mcolcon.colcon_core.event_reactor[0m [1;30mDEBUG[0m [32mjoining thread[0m
[0.511s] [34mcolcon.colcon_core.plugin_system[0m [1;30mINFO[0m Skipping extension 'colcon_notification.desktop_notification.terminal_notifier': Not used on non-Darwin systems
[0.511s] [34mcolcon.colcon_core.plugin_system[0m [1;30mINFO[0m Skipping extension 'colcon_notification.desktop_notification.win32': Not used on non-Windows systems
[0.511s] [34mcolcon.colcon_notification.desktop_notification[0m [1;30mINFO[0m Sending desktop notification using 'notify2'
[0.531s] [34mcolcon.colcon_core.event_reactor[0m [1;30mDEBUG[0m [32mjoined thread[0m
[0.532s] [34mcolcon.colcon_core.shell[0m [1;30mINFO[0m Creating prefix script '/home/x/CODE/Inverse_Arm/install/local_setup.ps1'
[0.533s] [34mcolcon.colcon_core.shell[0m [1;30mINFO[0m Creating prefix util module '/home/x/CODE/Inverse_Arm/install/_local_setup_util_ps1.py'
[0.535s] [34mcolcon.colcon_core.shell[0m [1;30mINFO[0m Creating prefix chain script '/home/x/CODE/Inverse_Arm/install/setup.ps1'
[0.537s] [34mcolcon.colcon_core.shell[0m [1;30mINFO[0m Creating prefix script '/home/x/CODE/Inverse_Arm/install/local_setup.sh'
[0.537s] [34mcolcon.colcon_core.shell[0m [1;30mINFO[0m Creating prefix util module '/home/x/CODE/Inverse_Arm/install/_local_setup_util_sh.py'
[0.538s] [34mcolcon.colcon_core.shell[0m [1;30mINFO[0m Creating prefix chain script '/home/x/CODE/Inverse_Arm/install/setup.sh'
[0.540s] [34mcolcon.colcon_core.shell[0m [1;30mINFO[0m Creating prefix script '/home/x/CODE/Inverse_Arm/install/local_setup.bash'
[0.540s] [34mcolcon.colcon_core.shell[0m [1;30mINFO[0m Creating prefix chain script '/home/x/CODE/Inverse_Arm/install/setup.bash'
[0.542s] [34mcolcon.colcon_core.shell[0m [1;30mINFO[0m Creating prefix script '/home/x/CODE/Inverse_Arm/install/local_setup.zsh'
[0.543s] [34mcolcon.colcon_core.shell[0m [1;30mINFO[0m Creating prefix chain script '/home/x/CODE/Inverse_Arm/install/setup.zsh'
