[0.013s] Invoking command in '/home/x/CODE/Inverse_Arm/build/arm_control': CMAKE_PREFIX_PATH=/opt/ros/humble /usr/bin/cmake --build /home/x/CODE/Inverse_Arm/build/arm_control -- -j8 -l8
[0.037s] -- Found ament_cmake: 1.3.11 (/opt/ros/humble/share/ament_cmake/cmake)
[0.140s] -- Found rclcpp: 16.0.12 (/opt/ros/humble/share/rclcpp/cmake)
[0.162s] -- Found rosidl_generator_c: 3.1.6 (/opt/ros/humble/share/rosidl_generator_c/cmake)
[0.163s] -- Found rosidl_adapter: 3.1.6 (/opt/ros/humble/share/rosidl_adapter/cmake)
[0.168s] -- Found rosidl_generator_cpp: 3.1.6 (/opt/ros/humble/share/rosidl_generator_cpp/cmake)
[0.175s] -- Using all available rosidl_typesupport_c: rosidl_typesupport_fastrtps_c;rosidl_typesupport_introspection_c
[0.182s] -- Using all available rosidl_typesupport_cpp: rosidl_typesupport_fastrtps_cpp;rosidl_typesupport_introspection_cpp
[0.205s] -- Found rmw_implementation_cmake: 6.1.2 (/opt/ros/humble/share/rmw_implementation_cmake/cmake)
[0.206s] -- Found rmw_fastrtps_cpp: 6.2.7 (/opt/ros/humble/share/rmw_fastrtps_cpp/cmake)
[0.303s] -- Using RMW implementation 'rmw_fastrtps_cpp' as default
[0.337s] -- Found sensor_msgs: 4.8.0 (/opt/ros/humble/share/sensor_msgs/cmake)
[0.357s] -- Found rclcpp_components: 16.0.12 (/opt/ros/humble/share/rclcpp_components/cmake)
[0.419s] -- Configuring done
[0.430s] -- Generating done
[0.434s] -- Build files have been written to: /home/x/CODE/Inverse_Arm/build/arm_control
[0.466s] [35m[1mConsolidate compiler generated dependencies of target armcontrol[0m
[0.495s] [ 33%] [32mBuilding CXX object CMakeFiles/armcontrol.dir/src/inverse_resolse.cpp.o[0m
[4.138s] [ 66%] [32m[1mLinking CXX executable armcontrol[0m
[4.333s] /usr/bin/ld: /usr/lib/gcc/x86_64-linux-gnu/11/../../../x86_64-linux-gnu/Scrt1.o: in function `_start':
[4.333s] (.text+0x1b): undefined reference to `main'
[4.334s] /usr/bin/ld: CMakeFiles/armcontrol.dir/src/control_node.cpp.o: in function `motionplaning::resolve::ArmNode::ArmNode(rclcpp::NodeOptions const&)':
[4.334s] control_node.cpp:(.text+0x361): undefined reference to `motionplaning::resolve::UR_IK::UR_IK(std::array<motionplaning::resolve::DH, 6ul> const&)'
[4.363s] collect2: error: ld returned 1 exit status
[4.365s] gmake[2]: *** [CMakeFiles/armcontrol.dir/build.make:202：armcontrol] 错误 1
[4.365s] gmake[1]: *** [CMakeFiles/Makefile2:137：CMakeFiles/armcontrol.dir/all] 错误 2
[4.365s] gmake: *** [Makefile:146：all] 错误 2
[4.369s] Invoked command in '/home/x/CODE/Inverse_Arm/build/arm_control' returned '2': CMAKE_PREFIX_PATH=/opt/ros/humble /usr/bin/cmake --build /home/x/CODE/Inverse_Arm/build/arm_control -- -j8 -l8
