[0.018s] Invoking command in '/home/x/CODE/Inverse_Arm/build/arm_control': CMAKE_PREFIX_PATH=/opt/ros/humble /usr/bin/cmake --build /home/x/CODE/Inverse_Arm/build/arm_control -- -j8 -l8
[0.040s] -- Found ament_cmake: 1.3.11 (/opt/ros/humble/share/ament_cmake/cmake)
[0.146s] -- Found rclcpp: 16.0.12 (/opt/ros/humble/share/rclcpp/cmake)
[0.169s] -- Found rosidl_generator_c: 3.1.6 (/opt/ros/humble/share/rosidl_generator_c/cmake)
[0.170s] -- Found rosidl_adapter: 3.1.6 (/opt/ros/humble/share/rosidl_adapter/cmake)
[0.175s] -- Found rosidl_generator_cpp: 3.1.6 (/opt/ros/humble/share/rosidl_generator_cpp/cmake)
[0.185s] -- Using all available rosidl_typesupport_c: rosidl_typesupport_fastrtps_c;rosidl_typesupport_introspection_c
[0.190s] -- Using all available rosidl_typesupport_cpp: rosidl_typesupport_fastrtps_cpp;rosidl_typesupport_introspection_cpp
[0.212s] -- Found rmw_implementation_cmake: 6.1.2 (/opt/ros/humble/share/rmw_implementation_cmake/cmake)
[0.213s] -- Found rmw_fastrtps_cpp: 6.2.7 (/opt/ros/humble/share/rmw_fastrtps_cpp/cmake)
[0.306s] -- Using RMW implementation 'rmw_fastrtps_cpp' as default
[0.338s] -- Found sensor_msgs: 4.8.0 (/opt/ros/humble/share/sensor_msgs/cmake)
[0.359s] -- Found rclcpp_components: 16.0.12 (/opt/ros/humble/share/rclcpp_components/cmake)
[0.421s] -- Configuring done
[0.432s] -- Generating done
[0.438s] -- Build files have been written to: /home/x/CODE/Inverse_Arm/build/arm_control
[0.468s] [35m[1mConsolidate compiler generated dependencies of target armcontrol[0m
[0.490s] [ 25%] [32mBuilding CXX object CMakeFiles/armcontrol.dir/src/main.cpp.o[0m
[0.492s] [ 50%] [32mBuilding CXX object CMakeFiles/armcontrol.dir/src/control_node.cpp.o[0m
[0.493s] [ 75%] [32mBuilding CXX object CMakeFiles/armcontrol.dir/src/inverse_resolse.cpp.o[0m
[5.717s] [100%] [32m[1mLinking CXX executable armcontrol[0m
[5.907s] /usr/bin/ld: CMakeFiles/armcontrol.dir/src/control_node.cpp.o: in function `motionplaning::resolve::ArmNode::ArmNode(rclcpp::NodeOptions const&)':
[5.907s] control_node.cpp:(.text+0x361): undefined reference to `motionplaning::resolve::UR_IK::UR_IK(std::array<motionplaning::resolve::DH, 6ul> const&)'
[5.934s] collect2: error: ld returned 1 exit status
[5.936s] gmake[2]: *** [CMakeFiles/armcontrol.dir/build.make:218：armcontrol] 错误 1
[5.936s] gmake[1]: *** [CMakeFiles/Makefile2:137：CMakeFiles/armcontrol.dir/all] 错误 2
[5.937s] gmake: *** [Makefile:146：all] 错误 2
[5.940s] Invoked command in '/home/x/CODE/Inverse_Arm/build/arm_control' returned '2': CMAKE_PREFIX_PATH=/opt/ros/humble /usr/bin/cmake --build /home/x/CODE/Inverse_Arm/build/arm_control -- -j8 -l8
